<?xml version="1.0" encoding="utf-8"?>
<!DOCTYPE coverage SYSTEM "http://cobertura.sourceforge.net/xml/coverage-04.dtd">
<coverage line-rate="0.21740924092409242" branch-rate="0.21467391304347827" lines-covered="527" lines-valid="2424" branches-covered="79" branches-valid="368" complexity="837" version="0" timestamp="1645642512">
  <sources>
    <source>C:\Users\danil\</source>
  </sources>
  <packages>
    <package name="API" line-rate="0.444015444015444" branch-rate="0.4540229885057471" complexity="490">
      <classes>
        <class name="API.Areas.Identity.IdentityHostingStartup" filename="C:\Users\danil\Documents\GitHub\HeyTravel\HeyTravel\API\Areas\Identity\IdentityHostingStartup.cs" line-rate="0" branch-rate="1" complexity="1">
          <methods>
            <method name="Configure" signature="(...)" line-rate="0" branch-rate="1" complexity="1">
              <lines>
                <line number="16" hits="0" branch="false" />
                <line number="17" hits="0" branch="false" />
                <line number="18" hits="0" branch="false" />
                <line number="19" hits="0" branch="false" />
                <line number="20" hits="0" branch="false" />
                <line number="21" hits="0" branch="false" />
                <line number="22" hits="0" branch="false" />
              </lines>
            </method>
          </methods>
          <lines>
            <line number="16" hits="0" branch="false" />
            <line number="17" hits="0" branch="false" />
            <line number="18" hits="0" branch="false" />
            <line number="19" hits="0" branch="false" />
            <line number="20" hits="0" branch="false" />
            <line number="21" hits="0" branch="false" />
            <line number="22" hits="0" branch="false" />
          </lines>
        </class>
        <class name="API.Configuration.AuthResult" filename="C:\Users\danil\Documents\GitHub\HeyTravel\HeyTravel\API\Configuration\AuthResult.cs" line-rate="0" branch-rate="1" complexity="3">
          <methods>
            <method name="get_Token" signature="()" line-rate="0" branch-rate="1" complexity="1">
              <lines>
                <line number="10" hits="0" branch="false" />
              </lines>
            </method>
            <method name="get_Success" signature="()" line-rate="0" branch-rate="1" complexity="1">
              <lines>
                <line number="11" hits="0" branch="false" />
              </lines>
            </method>
            <method name="get_Errors" signature="()" line-rate="0" branch-rate="1" complexity="1">
              <lines>
                <line number="12" hits="0" branch="false" />
              </lines>
            </method>
          </methods>
          <lines>
            <line number="10" hits="0" branch="false" />
            <line number="11" hits="0" branch="false" />
            <line number="12" hits="0" branch="false" />
          </lines>
        </class>
        <class name="API.Configuration.JwtConfig" filename="C:\Users\danil\Documents\GitHub\HeyTravel\HeyTravel\API\Configuration\JwtConfig.cs" line-rate="0" branch-rate="1" complexity="1">
          <methods>
            <method name="get_Secret" signature="()" line-rate="0" branch-rate="1" complexity="1">
              <lines>
                <line number="10" hits="0" branch="false" />
              </lines>
            </method>
          </methods>
          <lines>
            <line number="10" hits="0" branch="false" />
          </lines>
        </class>
        <class name="API.Controllers.JWTController" filename="C:\Users\danil\Documents\GitHub\HeyTravel\HeyTravel\API\Controllers\JWTController.cs" line-rate="0" branch-rate="0" complexity="14">
          <methods>
            <method name="GenerateJwtToken" signature="(...)" line-rate="0" branch-rate="1" complexity="1">
              <lines>
                <line number="117" hits="0" branch="false" />
                <line number="118" hits="0" branch="false" />
                <line number="120" hits="0" branch="false" />
                <line number="122" hits="0" branch="false" />
                <line number="123" hits="0" branch="false" />
                <line number="124" hits="0" branch="false" />
                <line number="125" hits="0" branch="false" />
                <line number="126" hits="0" branch="false" />
                <line number="127" hits="0" branch="false" />
                <line number="128" hits="0" branch="false" />
                <line number="129" hits="0" branch="false" />
                <line number="130" hits="0" branch="false" />
                <line number="131" hits="0" branch="false" />
                <line number="132" hits="0" branch="false" />
                <line number="133" hits="0" branch="false" />
                <line number="134" hits="0" branch="false" />
                <line number="136" hits="0" branch="false" />
                <line number="137" hits="0" branch="false" />
                <line number="139" hits="0" branch="false" />
                <line number="140" hits="0" branch="false" />
              </lines>
            </method>
            <method name=".ctor" signature="(...)" line-rate="0" branch-rate="1" complexity="1">
              <lines>
                <line number="33" hits="0" branch="false" />
                <line number="34" hits="0" branch="false" />
                <line number="35" hits="0" branch="false" />
                <line number="36" hits="0" branch="false" />
                <line number="37" hits="0" branch="false" />
                <line number="38" hits="0" branch="false" />
              </lines>
            </method>
            <method name="Register" signature="()" line-rate="0" branch-rate="0" complexity="6">
              <lines>
                <line number="43" hits="0" branch="false" />
                <line number="44" hits="0" branch="true" condition-coverage="0% (0/2)" />
                <line number="45" hits="0" branch="false" />
                <line number="46" hits="0" branch="false" />
                <line number="47" hits="0" branch="true" condition-coverage="0% (0/2)" />
                <line number="48" hits="0" branch="false" />
                <line number="49" hits="0" branch="false" />
                <line number="50" hits="0" branch="false" />
                <line number="51" hits="0" branch="false" />
                <line number="52" hits="0" branch="false" />
                <line number="53" hits="0" branch="false" />
                <line number="54" hits="0" branch="false" />
                <line number="55" hits="0" branch="false" />
                <line number="56" hits="0" branch="false" />
                <line number="58" hits="0" branch="false" />
                <line number="59" hits="0" branch="false" />
                <line number="61" hits="0" branch="true" condition-coverage="0% (0/2)" />
                <line number="62" hits="0" branch="false" />
                <line number="63" hits="0" branch="false" />
                <line number="64" hits="0" branch="false" />
                <line number="65" hits="0" branch="false" />
                <line number="66" hits="0" branch="false" />
                <line number="67" hits="0" branch="false" />
                <line number="68" hits="0" branch="false" />
                <line number="69" hits="0" branch="false" />
                <line number="72" hits="0" branch="false" />
                <line number="73" hits="0" branch="false" />
                <line number="74" hits="0" branch="false" />
                <line number="75" hits="0" branch="false" />
                <line number="76" hits="0" branch="false" />
                <line number="77" hits="0" branch="false" />
                <line number="81" hits="0" branch="false" />
                <line number="82" hits="0" branch="false" />
                <line number="83" hits="0" branch="false" />
                <line number="84" hits="0" branch="false" />
                <line number="85" hits="0" branch="false" />
                <line number="86" hits="0" branch="false" />
                <line number="87" hits="0" branch="false" />
                <line number="88" hits="0" branch="false" />
                <line number="89" hits="0" branch="false" />
              </lines>
            </method>
            <method name="Login" signature="()" line-rate="0" branch-rate="0" complexity="6">
              <lines>
                <line number="93" hits="0" branch="false" />
                <line number="94" hits="0" branch="true" condition-coverage="0% (0/2)" />
                <line number="95" hits="0" branch="false" />
                <line number="96" hits="0" branch="false" />
                <line number="97" hits="0" branch="true" condition-coverage="0% (0/2)" />
                <line number="98" hits="0" branch="false" />
                <line number="99" hits="0" branch="false" />
                <line number="101" hits="0" branch="false" />
                <line number="103" hits="0" branch="true" condition-coverage="0% (0/2)" />
                <line number="104" hits="0" branch="false" />
                <line number="105" hits="0" branch="false" />
                <line number="108" hits="0" branch="false" />
                <line number="111" hits="0" branch="false" />
                <line number="113" hits="0" branch="false" />
                <line number="114" hits="0" branch="false" />
              </lines>
            </method>
          </methods>
          <lines>
            <line number="33" hits="0" branch="false" />
            <line number="34" hits="0" branch="false" />
            <line number="35" hits="0" branch="false" />
            <line number="36" hits="0" branch="false" />
            <line number="37" hits="0" branch="false" />
            <line number="38" hits="0" branch="false" />
            <line number="43" hits="0" branch="false" />
            <line number="44" hits="0" branch="true" condition-coverage="0% (0/2)" />
            <line number="45" hits="0" branch="false" />
            <line number="46" hits="0" branch="false" />
            <line number="47" hits="0" branch="true" condition-coverage="0% (0/2)" />
            <line number="48" hits="0" branch="false" />
            <line number="49" hits="0" branch="false" />
            <line number="50" hits="0" branch="false" />
            <line number="51" hits="0" branch="false" />
            <line number="52" hits="0" branch="false" />
            <line number="53" hits="0" branch="false" />
            <line number="54" hits="0" branch="false" />
            <line number="55" hits="0" branch="false" />
            <line number="56" hits="0" branch="false" />
            <line number="58" hits="0" branch="false" />
            <line number="59" hits="0" branch="false" />
            <line number="61" hits="0" branch="true" condition-coverage="0% (0/2)" />
            <line number="62" hits="0" branch="false" />
            <line number="63" hits="0" branch="false" />
            <line number="64" hits="0" branch="false" />
            <line number="65" hits="0" branch="false" />
            <line number="66" hits="0" branch="false" />
            <line number="67" hits="0" branch="false" />
            <line number="68" hits="0" branch="false" />
            <line number="69" hits="0" branch="false" />
            <line number="72" hits="0" branch="false" />
            <line number="73" hits="0" branch="false" />
            <line number="74" hits="0" branch="false" />
            <line number="75" hits="0" branch="false" />
            <line number="76" hits="0" branch="false" />
            <line number="77" hits="0" branch="false" />
            <line number="81" hits="0" branch="false" />
            <line number="82" hits="0" branch="false" />
            <line number="83" hits="0" branch="false" />
            <line number="84" hits="0" branch="false" />
            <line number="85" hits="0" branch="false" />
            <line number="86" hits="0" branch="false" />
            <line number="87" hits="0" branch="false" />
            <line number="88" hits="0" branch="false" />
            <line number="89" hits="0" branch="false" />
            <line number="93" hits="0" branch="false" />
            <line number="94" hits="0" branch="true" condition-coverage="0% (0/2)" />
            <line number="95" hits="0" branch="false" />
            <line number="96" hits="0" branch="false" />
            <line number="97" hits="0" branch="true" condition-coverage="0% (0/2)" />
            <line number="98" hits="0" branch="false" />
            <line number="99" hits="0" branch="false" />
            <line number="101" hits="0" branch="false" />
            <line number="103" hits="0" branch="true" condition-coverage="0% (0/2)" />
            <line number="104" hits="0" branch="false" />
            <line number="105" hits="0" branch="false" />
            <line number="108" hits="0" branch="false" />
            <line number="111" hits="0" branch="false" />
            <line number="113" hits="0" branch="false" />
            <line number="114" hits="0" branch="false" />
            <line number="117" hits="0" branch="false" />
            <line number="118" hits="0" branch="false" />
            <line number="120" hits="0" branch="false" />
            <line number="122" hits="0" branch="false" />
            <line number="123" hits="0" branch="false" />
            <line number="124" hits="0" branch="false" />
            <line number="125" hits="0" branch="false" />
            <line number="126" hits="0" branch="false" />
            <line number="127" hits="0" branch="false" />
            <line number="128" hits="0" branch="false" />
            <line number="129" hits="0" branch="false" />
            <line number="130" hits="0" branch="false" />
            <line number="131" hits="0" branch="false" />
            <line number="132" hits="0" branch="false" />
            <line number="133" hits="0" branch="false" />
            <line number="134" hits="0" branch="false" />
            <line number="136" hits="0" branch="false" />
            <line number="137" hits="0" branch="false" />
            <line number="139" hits="0" branch="false" />
            <line number="140" hits="0" branch="false" />
          </lines>
        </class>
        <class name="API.Controllers.ScrapingController" filename="C:\Users\danil\Documents\GitHub\HeyTravel\HeyTravel\API\Controllers\ScrapingController.cs" line-rate="0" branch-rate="1" complexity="7">
          <methods>
            <method name="ExtractMeteo" signature="(...)" line-rate="0" branch-rate="1" complexity="1">
              <lines>
                <line number="33" hits="0" branch="false" />
                <line number="34" hits="0" branch="false" />
                <line number="35" hits="0" branch="false" />
                <line number="36" hits="0" branch="false" />
              </lines>
            </method>
            <method name="DataCovid" signature="(...)" line-rate="0" branch-rate="1" complexity="1">
              <lines>
                <line number="41" hits="0" branch="false" />
                <line number="42" hits="0" branch="false" />
                <line number="43" hits="0" branch="false" />
                <line number="44" hits="0" branch="false" />
              </lines>
            </method>
            <method name=".ctor" signature="(...)" line-rate="0" branch-rate="1" complexity="1">
              <lines>
                <line number="20" hits="0" branch="false" />
                <line number="21" hits="0" branch="false" />
                <line number="22" hits="0" branch="false" />
                <line number="23" hits="0" branch="false" />
              </lines>
            </method>
            <method name="ExtractBestCitiesPerCountry" signature="()" line-rate="0" branch-rate="1" complexity="1">
              <lines>
                <line number="26" hits="0" branch="false" />
                <line number="27" hits="0" branch="false" />
                <line number="28" hits="0" branch="false" />
                <line number="29" hits="0" branch="false" />
                <line number="30" hits="0" branch="false" />
              </lines>
            </method>
            <method name="DataVaccini" signature="()" line-rate="0" branch-rate="1" complexity="1">
              <lines>
                <line number="47" hits="0" branch="false" />
                <line number="48" hits="0" branch="false" />
                <line number="49" hits="0" branch="false" />
                <line number="50" hits="0" branch="false" />
              </lines>
            </method>
            <method name="CovidMap" signature="()" line-rate="0" branch-rate="1" complexity="1">
              <lines>
                <line number="53" hits="0" branch="false" />
                <line number="54" hits="0" branch="false" />
                <line number="55" hits="0" branch="false" />
                <line number="56" hits="0" branch="false" />
              </lines>
            </method>
            <method name="GetPhoto" signature="()" line-rate="0" branch-rate="1" complexity="1">
              <lines>
                <line number="60" hits="0" branch="false" />
                <line number="61" hits="0" branch="false" />
                <line number="62" hits="0" branch="false" />
                <line number="63" hits="0" branch="false" />
              </lines>
            </method>
          </methods>
          <lines>
            <line number="20" hits="0" branch="false" />
            <line number="21" hits="0" branch="false" />
            <line number="22" hits="0" branch="false" />
            <line number="23" hits="0" branch="false" />
            <line number="26" hits="0" branch="false" />
            <line number="27" hits="0" branch="false" />
            <line number="28" hits="0" branch="false" />
            <line number="29" hits="0" branch="false" />
            <line number="30" hits="0" branch="false" />
            <line number="33" hits="0" branch="false" />
            <line number="34" hits="0" branch="false" />
            <line number="35" hits="0" branch="false" />
            <line number="36" hits="0" branch="false" />
            <line number="41" hits="0" branch="false" />
            <line number="42" hits="0" branch="false" />
            <line number="43" hits="0" branch="false" />
            <line number="44" hits="0" branch="false" />
            <line number="47" hits="0" branch="false" />
            <line number="48" hits="0" branch="false" />
            <line number="49" hits="0" branch="false" />
            <line number="50" hits="0" branch="false" />
            <line number="53" hits="0" branch="false" />
            <line number="54" hits="0" branch="false" />
            <line number="55" hits="0" branch="false" />
            <line number="56" hits="0" branch="false" />
            <line number="60" hits="0" branch="false" />
            <line number="61" hits="0" branch="false" />
            <line number="62" hits="0" branch="false" />
            <line number="63" hits="0" branch="false" />
          </lines>
        </class>
        <class name="API.Data.APIContext" filename="C:\Users\danil\Documents\GitHub\HeyTravel\HeyTravel\API\Areas\Identity\Data\APIContext.cs" line-rate="0" branch-rate="1" complexity="3">
          <methods>
            <method name="get_userTokens" signature="()" line-rate="0" branch-rate="1" complexity="1">
              <lines>
                <line number="19" hits="0" branch="false" />
              </lines>
            </method>
            <method name="OnModelCreating" signature="(...)" line-rate="0" branch-rate="1" complexity="1">
              <lines>
                <line number="22" hits="0" branch="false" />
                <line number="23" hits="0" branch="false" />
                <line number="27" hits="0" branch="false" />
              </lines>
            </method>
            <method name=".ctor" signature="(...)" line-rate="0" branch-rate="1" complexity="1">
              <lines>
                <line number="15" hits="0" branch="false" />
                <line number="16" hits="0" branch="false" />
                <line number="17" hits="0" branch="false" />
              </lines>
            </method>
          </methods>
          <lines>
            <line number="15" hits="0" branch="false" />
            <line number="16" hits="0" branch="false" />
            <line number="17" hits="0" branch="false" />
            <line number="19" hits="0" branch="false" />
            <line number="22" hits="0" branch="false" />
            <line number="23" hits="0" branch="false" />
            <line number="27" hits="0" branch="false" />
          </lines>
        </class>
        <class name="API.Functions.ScrapingRepository" filename="C:\Users\danil\Documents\GitHub\HeyTravel\HeyTravel\API\Functions\ScrapingRepository.cs" line-rate="0.49714285714285716" branch-rate="0.49375" complexity="168">
          <methods>
            <method name="ExtractCountryCode" signature="(...)" line-rate="0.6545454545454545" branch-rate="0.631578947368421" complexity="38">
              <lines>
                <line number="25" hits="2" branch="false" />
                <line number="27" hits="2" branch="false" />
                <line number="29" hits="2" branch="false" />
                <line number="30" hits="2" branch="true" condition-coverage="50% (1/2)" />
                <line number="32" hits="2" branch="false" />
                <line number="33" hits="2" branch="false" />
                <line number="35" hits="2" branch="false" />
                <line number="36" hits="23" branch="true" condition-coverage="100% (2/2)" />
                <line number="37" hits="9" branch="false" />
                <line number="38" hits="9" branch="false" />
                <line number="39" hits="9" branch="false" />
                <line number="40" hits="9" branch="true" condition-coverage="100% (2/2)" />
                <line number="41" hits="2" branch="false" />
                <line number="42" hits="2" branch="true" condition-coverage="75% (3/4)" />
                <line number="43" hits="0" branch="false" />
                <line number="44" hits="0" branch="true" condition-coverage="0% (0/2)" />
                <line number="45" hits="0" branch="false" />
                <line number="46" hits="0" branch="true" condition-coverage="0% (0/2)" />
                <line number="47" hits="0" branch="false" />
                <line number="48" hits="0" branch="false" />
                <line number="50" hits="0" branch="false" />
                <line number="51" hits="0" branch="false" />
                <line number="52" hits="2" branch="true" condition-coverage="100% (4/4)" />
                <line number="53" hits="1" branch="false" />
                <line number="54" hits="22" branch="true" condition-coverage="50% (1/2)" />
                <line number="55" hits="10" branch="false" />
                <line number="56" hits="10" branch="true" condition-coverage="100% (2/2)" />
                <line number="57" hits="1" branch="false" />
                <line number="58" hits="1" branch="false" />
                <line number="61" hits="9" branch="false" />
                <line number="62" hits="0" branch="false" />
                <line number="63" hits="1" branch="false" />
                <line number="65" hits="7" branch="false" />
                <line number="66" hits="7" branch="true" condition-coverage="75% (3/4)" />
                <line number="67" hits="0" branch="false" />
                <line number="68" hits="0" branch="true" condition-coverage="0% (0/2)" />
                <line number="69" hits="0" branch="false" />
                <line number="70" hits="0" branch="true" condition-coverage="0% (0/2)" />
                <line number="71" hits="0" branch="false" />
                <line number="72" hits="0" branch="false" />
                <line number="75" hits="0" branch="false" />
                <line number="76" hits="0" branch="false" />
                <line number="77" hits="7" branch="true" condition-coverage="75% (3/4)" />
                <line number="78" hits="1" branch="false" />
                <line number="79" hits="115" branch="true" condition-coverage="100% (2/2)" />
                <line number="80" hits="56" branch="false" />
                <line number="81" hits="56" branch="true" condition-coverage="50% (1/2)" />
                <line number="82" hits="0" branch="false" />
                <line number="83" hits="0" branch="false" />
                <line number="86" hits="56" branch="false" />
                <line number="87" hits="1" branch="false" />
                <line number="88" hits="7" branch="false" />
                <line number="89" hits="8" branch="false" />
                <line number="90" hits="1" branch="false" />
                <line number="91" hits="2" branch="false" />
              </lines>
            </method>
            <method name="CountryTranslate" signature="(...)" line-rate="0.05714285714285714" branch-rate="0.07142857142857142" complexity="14">
              <lines>
                <line number="120" hits="4" branch="false" />
                <line number="121" hits="4" branch="true" condition-coverage="50% (1/2)" />
                <line number="122" hits="0" branch="false" />
                <line number="123" hits="0" branch="false" />
                <line number="124" hits="0" branch="false" />
                <line number="125" hits="0" branch="false" />
                <line number="126" hits="0" branch="false" />
                <line number="127" hits="0" branch="false" />
                <line number="128" hits="0" branch="false" />
                <line number="131" hits="0" branch="true" condition-coverage="0% (0/2)" />
                <line number="132" hits="0" branch="false" />
                <line number="133" hits="0" branch="false" />
                <line number="135" hits="0" branch="true" condition-coverage="0% (0/2)" />
                <line number="136" hits="0" branch="false" />
                <line number="137" hits="0" branch="true" condition-coverage="0% (0/2)" />
                <line number="138" hits="0" branch="false" />
                <line number="139" hits="0" branch="false" />
                <line number="140" hits="0" branch="false" />
                <line number="141" hits="0" branch="false" />
                <line number="143" hits="0" branch="false" />
                <line number="144" hits="0" branch="true" condition-coverage="0% (0/2)" />
                <line number="145" hits="0" branch="false" />
                <line number="146" hits="0" branch="true" condition-coverage="0% (0/2)" />
                <line number="147" hits="0" branch="false" />
                <line number="148" hits="0" branch="false" />
                <line number="149" hits="0" branch="false" />
                <line number="150" hits="0" branch="true" condition-coverage="0% (0/2)" />
                <line number="151" hits="0" branch="false" />
                <line number="152" hits="0" branch="false" />
                <line number="153" hits="0" branch="false" />
                <line number="154" hits="0" branch="false" />
                <line number="155" hits="0" branch="false" />
                <line number="156" hits="0" branch="false" />
                <line number="157" hits="0" branch="false" />
                <line number="159" hits="0" branch="false" />
              </lines>
            </method>
            <method name="ExtractMeteo" signature="(...)" line-rate="0.8292682926829268" branch-rate="0.7608695652173914" complexity="46">
              <lines>
                <line number="285" hits="1" branch="false" />
                <line number="286" hits="1" branch="false" />
                <line number="287" hits="1" branch="false" />
                <line number="288" hits="1" branch="false" />
                <line number="289" hits="1" branch="true" condition-coverage="50% (1/2)" />
                <line number="290" hits="0" branch="false" />
                <line number="291" hits="0" branch="false" />
                <line number="292" hits="0" branch="false" />
                <line number="293" hits="1" branch="false" />
                <line number="295" hits="1" branch="false" />
                <line number="296" hits="1" branch="true" condition-coverage="50% (1/2)" />
                <line number="297" hits="1" branch="false" />
                <line number="299" hits="1" branch="false" />
                <line number="301" hits="1" branch="true" condition-coverage="50% (2/4)" />
                <line number="302" hits="1" branch="false" />
                <line number="303" hits="0" branch="false" />
                <line number="304" hits="0" branch="false" />
                <line number="305" hits="0" branch="true" condition-coverage="0% (0/2)" />
                <line number="306" hits="0" branch="false" />
                <line number="307" hits="0" branch="false" />
                <line number="309" hits="1" branch="true" condition-coverage="100% (2/2)" />
                <line number="310" hits="1" branch="false" />
                <line number="311" hits="1" branch="false" />
                <line number="312" hits="1" branch="false" />
                <line number="313" hits="1" branch="true" condition-coverage="50% (1/2)" />
                <line number="314" hits="0" branch="false" />
                <line number="315" hits="0" branch="false" />
                <line number="316" hits="0" branch="false" />
                <line number="317" hits="0" branch="true" condition-coverage="0% (0/2)" />
                <line number="318" hits="0" branch="false" />
                <line number="319" hits="0" branch="false" />
                <line number="320" hits="0" branch="false" />
                <line number="321" hits="0" branch="false" />
                <line number="323" hits="0" branch="false" />
                <line number="324" hits="0" branch="false" />
                <line number="325" hits="0" branch="false" />
                <line number="328" hits="1" branch="true" condition-coverage="50% (2/4)" />
                <line number="329" hits="0" branch="false" />
                <line number="330" hits="0" branch="false" />
                <line number="333" hits="1" branch="false" />
                <line number="334" hits="11" branch="true" condition-coverage="100% (2/2)" />
                <line number="335" hits="4" branch="false" />
                <line number="336" hits="4" branch="false" />
                <line number="337" hits="4" branch="false" />
                <line number="338" hits="7" branch="true" condition-coverage="100% (2/2)" />
                <line number="339" hits="2" branch="false" />
                <line number="340" hits="2" branch="false" />
                <line number="341" hits="2" branch="false" />
                <line number="342" hits="4" branch="false" />
                <line number="344" hits="7" branch="true" condition-coverage="100% (2/2)" />
                <line number="345" hits="2" branch="false" />
                <line number="346" hits="2" branch="false" />
                <line number="347" hits="2" branch="false" />
                <line number="348" hits="2" branch="false" />
                <line number="349" hits="22" branch="true" condition-coverage="100% (2/2)" />
                <line number="350" hits="8" branch="false" />
                <line number="351" hits="8" branch="false" />
                <line number="352" hits="8" branch="false" />
                <line number="353" hits="8" branch="true" condition-coverage="100% (2/2)" />
                <line number="354" hits="4" branch="false" />
                <line number="355" hits="4" branch="true" condition-coverage="100% (2/2)" />
                <line number="356" hits="1" branch="false" />
                <line number="357" hits="1" branch="false" />
                <line number="358" hits="29" branch="true" condition-coverage="100% (2/2)" />
                <line number="359" hits="13" branch="false" />
                <line number="360" hits="13" branch="false" />
                <line number="361" hits="13" branch="false" />
                <line number="362" hits="13" branch="false" />
                <line number="363" hits="13" branch="false" />
                <line number="364" hits="13" branch="false" />
                <line number="365" hits="13" branch="false" />
                <line number="366" hits="13" branch="false" />
                <line number="367" hits="1" branch="false" />
                <line number="368" hits="1" branch="false" />
                <line number="369" hits="4" branch="true" condition-coverage="100% (2/2)" />
                <line number="370" hits="1" branch="false" />
                <line number="371" hits="1" branch="false" />
                <line number="372" hits="29" branch="true" condition-coverage="100% (2/2)" />
                <line number="373" hits="13" branch="false" />
                <line number="374" hits="13" branch="false" />
                <line number="375" hits="13" branch="false" />
                <line number="376" hits="13" branch="false" />
                <line number="377" hits="13" branch="false" />
                <line number="378" hits="13" branch="false" />
                <line number="379" hits="13" branch="false" />
                <line number="380" hits="1" branch="false" />
                <line number="381" hits="1" branch="false" />
                <line number="382" hits="4" branch="true" condition-coverage="100% (2/2)" />
                <line number="383" hits="1" branch="false" />
                <line number="384" hits="1" branch="false" />
                <line number="385" hits="28" branch="true" condition-coverage="100% (2/2)" />
                <line number="386" hits="13" branch="false" />
                <line number="387" hits="13" branch="false" />
                <line number="388" hits="13" branch="false" />
                <line number="389" hits="13" branch="false" />
                <line number="390" hits="13" branch="false" />
                <line number="391" hits="13" branch="false" />
                <line number="392" hits="13" branch="false" />
                <line number="393" hits="13" branch="false" />
                <line number="394" hits="13" branch="false" />
                <line number="395" hits="13" branch="false" />
                <line number="396" hits="1" branch="false" />
                <line number="397" hits="1" branch="false" />
                <line number="398" hits="4" branch="true" condition-coverage="100% (2/2)" />
                <line number="399" hits="1" branch="false" />
                <line number="400" hits="1" branch="false" />
                <line number="401" hits="28" branch="true" condition-coverage="100% (2/2)" />
                <line number="402" hits="13" branch="false" />
                <line number="403" hits="13" branch="false" />
                <line number="404" hits="13" branch="false" />
                <line number="405" hits="13" branch="false" />
                <line number="406" hits="13" branch="false" />
                <line number="407" hits="13" branch="false" />
                <line number="408" hits="13" branch="false" />
                <line number="409" hits="13" branch="false" />
                <line number="410" hits="1" branch="false" />
                <line number="411" hits="1" branch="false" />
                <line number="412" hits="4" branch="false" />
                <line number="413" hits="8" branch="false" />
                <line number="414" hits="2" branch="false" />
                <line number="415" hits="2" branch="false" />
                <line number="416" hits="1" branch="false" />
                <line number="417" hits="1" branch="false" />
              </lines>
            </method>
            <method name="DataCovid" signature="(...)" line-rate="0.14285714285714285" branch-rate="0" complexity="10">
              <lines>
                <line number="424" hits="2" branch="false" />
                <line number="425" hits="2" branch="false" />
                <line number="426" hits="2" branch="false" />
                <line number="427" hits="2" branch="false" />
                <line number="428" hits="2" branch="false" />
                <line number="429" hits="2" branch="false" />
                <line number="430" hits="2" branch="false" />
                <line number="431" hits="2" branch="false" />
                <line number="432" hits="2" branch="false" />
                <line number="433" hits="2" branch="false" />
                <line number="436" hits="0" branch="true" condition-coverage="0% (0/2)" />
                <line number="437" hits="0" branch="false" />
                <line number="438" hits="0" branch="false" />
                <line number="439" hits="0" branch="true" condition-coverage="0% (0/2)" />
                <line number="440" hits="0" branch="false" />
                <line number="442" hits="0" branch="false" />
                <line number="443" hits="0" branch="false" />
                <line number="444" hits="0" branch="false" />
                <line number="445" hits="0" branch="false" />
                <line number="446" hits="0" branch="false" />
                <line number="447" hits="0" branch="false" />
                <line number="448" hits="0" branch="false" />
                <line number="450" hits="0" branch="false" />
                <line number="452" hits="0" branch="false" />
                <line number="453" hits="0" branch="false" />
                <line number="454" hits="0" branch="false" />
                <line number="456" hits="0" branch="false" />
                <line number="457" hits="0" branch="false" />
                <line number="458" hits="0" branch="false" />
                <line number="459" hits="0" branch="true" condition-coverage="0% (0/2)" />
                <line number="460" hits="0" branch="false" />
                <line number="461" hits="0" branch="true" condition-coverage="0% (0/2)" />
                <line number="462" hits="0" branch="false" />
                <line number="463" hits="0" branch="false" />
                <line number="464" hits="0" branch="false" />
                <line number="465" hits="0" branch="true" condition-coverage="0% (0/2)" />
                <line number="466" hits="0" branch="false" />
                <line number="467" hits="0" branch="false" />
                <line number="471" hits="0" branch="false" />
                <line number="472" hits="0" branch="false" />
                <line number="474" hits="0" branch="false" />
                <line number="475" hits="0" branch="false" />
                <line number="476" hits="0" branch="false" />
                <line number="477" hits="0" branch="false" />
                <line number="478" hits="0" branch="false" />
                <line number="480" hits="0" branch="false" />
                <line number="481" hits="0" branch="false" />
                <line number="483" hits="0" branch="false" />
                <line number="484" hits="0" branch="false" />
                <line number="485" hits="0" branch="false" />
                <line number="486" hits="0" branch="false" />
                <line number="487" hits="0" branch="false" />
                <line number="489" hits="0" branch="false" />
                <line number="490" hits="0" branch="false" />
                <line number="492" hits="0" branch="false" />
                <line number="493" hits="0" branch="false" />
                <line number="494" hits="0" branch="false" />
                <line number="495" hits="0" branch="false" />
                <line number="496" hits="0" branch="false" />
                <line number="498" hits="0" branch="false" />
                <line number="499" hits="0" branch="false" />
                <line number="500" hits="0" branch="false" />
                <line number="501" hits="0" branch="false" />
                <line number="502" hits="0" branch="false" />
                <line number="503" hits="0" branch="false" />
                <line number="504" hits="0" branch="false" />
                <line number="507" hits="0" branch="false" />
                <line number="508" hits="0" branch="false" />
                <line number="509" hits="0" branch="false" />
                <line number="510" hits="0" branch="false" />
              </lines>
            </method>
            <method name="ExtractCountryFromCode" signature="()" line-rate="1" branch-rate="1" complexity="1">
              <lines>
                <line number="93" hits="8" branch="false" />
                <line number="94" hits="8" branch="false" />
                <line number="95" hits="8" branch="false" />
                <line number="96" hits="8" branch="false" />
                <line number="97" hits="8" branch="false" />
                <line number="98" hits="8" branch="false" />
                <line number="99" hits="8" branch="false" />
                <line number="100" hits="8" branch="false" />
                <line number="101" hits="8" branch="false" />
                <line number="102" hits="8" branch="false" />
                <line number="103" hits="8" branch="false" />
                <line number="104" hits="8" branch="false" />
                <line number="105" hits="8" branch="false" />
                <line number="106" hits="7" branch="false" />
                <line number="107" hits="7" branch="false" />
                <line number="108" hits="7" branch="false" />
                <line number="109" hits="7" branch="false" />
                <line number="110" hits="7" branch="false" />
                <line number="112" hits="7" branch="false" />
              </lines>
            </method>
            <method name="ExtractBestCitiesPerCountry" signature="()" line-rate="0.6336633663366337" branch-rate="0.6538461538461539" complexity="32">
              <lines>
                <line number="167" hits="2" branch="true" condition-coverage="50% (1/2)" />
                <line number="168" hits="2" branch="false" />
                <line number="169" hits="2" branch="true" condition-coverage="100% (2/2)" />
                <line number="170" hits="1" branch="false" />
                <line number="171" hits="1" branch="false" />
                <line number="172" hits="1" branch="false" />
                <line number="173" hits="7" branch="true" condition-coverage="100% (2/2)" />
                <line number="174" hits="2" branch="false" />
                <line number="175" hits="2" branch="true" condition-coverage="100% (2/2)" />
                <line number="176" hits="1" branch="false" />
                <line number="177" hits="1" branch="false" />
                <line number="178" hits="1" branch="false" />
                <line number="179" hits="1" branch="false" />
                <line number="181" hits="1" branch="false" />
                <line number="182" hits="1" branch="false" />
                <line number="183" hits="1" branch="false" />
                <line number="184" hits="2" branch="false" />
                <line number="185" hits="1" branch="false" />
                <line number="187" hits="1" branch="false" />
                <line number="188" hits="1" branch="false" />
                <line number="189" hits="1" branch="false" />
                <line number="190" hits="2" branch="false" />
                <line number="191" hits="2" branch="true" condition-coverage="100% (2/2)" />
                <line number="192" hits="1" branch="false" />
                <line number="193" hits="1" branch="false" />
                <line number="194" hits="1" branch="false" />
                <line number="195" hits="2" branch="false" />
                <line number="197" hits="2" branch="false" />
                <line number="198" hits="2" branch="true" condition-coverage="50% (1/2)" />
                <line number="202" hits="2" branch="false" />
                <line number="203" hits="2" branch="false" />
                <line number="204" hits="29" branch="true" condition-coverage="100% (2/2)" />
                <line number="205" hits="12" branch="false" />
                <line number="207" hits="12" branch="false" />
                <line number="208" hits="12" branch="false" />
                <line number="210" hits="12" branch="false" />
                <line number="211" hits="12" branch="false" />
                <line number="213" hits="12" branch="true" condition-coverage="100% (2/2)" />
                <line number="214" hits="7" branch="false" />
                <line number="215" hits="7" branch="false" />
                <line number="216" hits="7" branch="false" />
                <line number="217" hits="7" branch="false" />
                <line number="218" hits="7" branch="false" />
                <line number="219" hits="7" branch="false" />
                <line number="220" hits="7" branch="false" />
                <line number="221" hits="7" branch="false" />
                <line number="222" hits="7" branch="false" />
                <line number="223" hits="7" branch="false" />
                <line number="224" hits="7" branch="false" />
                <line number="225" hits="7" branch="false" />
                <line number="226" hits="7" branch="false" />
                <line number="227" hits="7" branch="false" />
                <line number="228" hits="7" branch="false" />
                <line number="229" hits="6" branch="true" condition-coverage="100% (2/2)" />
                <line number="230" hits="1" branch="false" />
                <line number="231" hits="6" branch="false" />
                <line number="232" hits="6" branch="false" />
                <line number="233" hits="6" branch="false" />
                <line number="234" hits="11" branch="false" />
                <line number="235" hits="11" branch="false" />
                <line number="236" hits="0" branch="false" />
                <line number="237" hits="0" branch="false" />
                <line number="238" hits="0" branch="false" />
                <line number="240" hits="11" branch="false" />
                <line number="241" hits="1" branch="true" condition-coverage="50% (1/2)" />
                <line number="245" hits="1" branch="false" />
                <line number="246" hits="2" branch="true" condition-coverage="0% (0/4)" />
                <line number="247" hits="0" branch="false" />
                <line number="248" hits="0" branch="false" />
                <line number="249" hits="0" branch="false" />
                <line number="251" hits="0" branch="false" />
                <line number="252" hits="0" branch="false" />
                <line number="253" hits="0" branch="false" />
                <line number="254" hits="0" branch="false" />
                <line number="255" hits="0" branch="false" />
                <line number="256" hits="0" branch="false" />
                <line number="257" hits="0" branch="false" />
                <line number="258" hits="0" branch="false" />
                <line number="259" hits="0" branch="false" />
                <line number="260" hits="0" branch="false" />
                <line number="261" hits="0" branch="false" />
                <line number="262" hits="0" branch="false" />
                <line number="263" hits="0" branch="false" />
                <line number="264" hits="0" branch="false" />
                <line number="265" hits="0" branch="false" />
                <line number="266" hits="0" branch="false" />
                <line number="267" hits="0" branch="false" />
                <line number="268" hits="0" branch="false" />
                <line number="269" hits="0" branch="false" />
                <line number="270" hits="0" branch="true" condition-coverage="0% (0/2)" />
                <line number="271" hits="0" branch="false" />
                <line number="272" hits="0" branch="false" />
                <line number="273" hits="0" branch="false" />
                <line number="274" hits="0" branch="false" />
                <line number="275" hits="0" branch="false" />
                <line number="276" hits="0" branch="false" />
                <line number="277" hits="0" branch="false" />
                <line number="278" hits="0" branch="false" />
                <line number="280" hits="0" branch="false" />
                <line number="281" hits="0" branch="false" />
                <line number="282" hits="0" branch="false" />
              </lines>
            </method>
            <method name="DataVaccini" signature="()" line-rate="0.07692307692307693" branch-rate="1" complexity="1">
              <lines>
                <line number="518" hits="1" branch="false" />
                <line number="519" hits="1" branch="false" />
                <line number="520" hits="0" branch="false" />
                <line number="521" hits="0" branch="false" />
                <line number="522" hits="0" branch="false" />
                <line number="523" hits="0" branch="false" />
                <line number="524" hits="0" branch="false" />
                <line number="525" hits="0" branch="false" />
                <line number="526" hits="0" branch="false" />
                <line number="527" hits="0" branch="false" />
                <line number="528" hits="0" branch="false" />
                <line number="529" hits="0" branch="false" />
                <line number="530" hits="0" branch="false" />
                <line number="532" hits="0" branch="false" />
                <line number="533" hits="0" branch="false" />
                <line number="534" hits="0" branch="false" />
                <line number="535" hits="0" branch="false" />
                <line number="536" hits="0" branch="false" />
                <line number="537" hits="0" branch="false" />
                <line number="538" hits="0" branch="false" />
                <line number="539" hits="0" branch="false" />
                <line number="542" hits="0" branch="false" />
                <line number="543" hits="0" branch="false" />
                <line number="544" hits="0" branch="false" />
                <line number="545" hits="0" branch="false" />
                <line number="547" hits="0" branch="false" />
              </lines>
            </method>
            <method name="CovidMap" signature="()" line-rate="0.027777777777777776" branch-rate="0" complexity="24">
              <lines>
                <line number="550" hits="1" branch="false" />
                <line number="551" hits="1" branch="false" />
                <line number="552" hits="0" branch="false" />
                <line number="553" hits="0" branch="false" />
                <line number="554" hits="0" branch="false" />
                <line number="555" hits="0" branch="false" />
                <line number="557" hits="0" branch="false" />
                <line number="558" hits="0" branch="false" />
                <line number="559" hits="0" branch="false" />
                <line number="560" hits="0" branch="false" />
                <line number="561" hits="0" branch="true" condition-coverage="0% (0/2)" />
                <line number="562" hits="0" branch="false" />
                <line number="563" hits="0" branch="false" />
                <line number="565" hits="0" branch="true" condition-coverage="0% (0/2)" />
                <line number="566" hits="0" branch="false" />
                <line number="567" hits="0" branch="false" />
                <line number="569" hits="0" branch="false" />
                <line number="571" hits="0" branch="false" />
                <line number="572" hits="0" branch="false" />
                <line number="573" hits="0" branch="false" />
                <line number="574" hits="0" branch="false" />
                <line number="575" hits="0" branch="false" />
                <line number="576" hits="0" branch="false" />
                <line number="577" hits="0" branch="false" />
                <line number="578" hits="0" branch="false" />
                <line number="579" hits="0" branch="false" />
                <line number="580" hits="0" branch="true" condition-coverage="0% (0/2)" />
                <line number="581" hits="0" branch="false" />
                <line number="582" hits="0" branch="true" condition-coverage="0% (0/2)" />
                <line number="583" hits="0" branch="false" />
                <line number="584" hits="0" branch="false" />
                <line number="585" hits="0" branch="false" />
                <line number="587" hits="0" branch="false" />
                <line number="588" hits="0" branch="false" />
                <line number="589" hits="0" branch="false" />
                <line number="590" hits="0" branch="false" />
                <line number="591" hits="0" branch="true" condition-coverage="0% (0/2)" />
                <line number="592" hits="0" branch="false" />
                <line number="593" hits="0" branch="false" />
                <line number="594" hits="0" branch="false" />
                <line number="597" hits="0" branch="true" condition-coverage="0% (0/2)" />
                <line number="598" hits="0" branch="false" />
                <line number="599" hits="0" branch="false" />
                <line number="600" hits="0" branch="false" />
                <line number="601" hits="0" branch="true" condition-coverage="0% (0/2)" />
                <line number="602" hits="0" branch="false" />
                <line number="603" hits="0" branch="false" />
                <line number="605" hits="0" branch="true" condition-coverage="0% (0/2)" />
                <line number="606" hits="0" branch="false" />
                <line number="608" hits="0" branch="false" />
                <line number="610" hits="0" branch="false" />
                <line number="612" hits="0" branch="false" />
                <line number="613" hits="0" branch="true" condition-coverage="0% (0/6)" />
                <line number="614" hits="0" branch="false" />
                <line number="616" hits="0" branch="false" />
                <line number="618" hits="0" branch="false" />
                <line number="619" hits="0" branch="false" />
                <line number="620" hits="0" branch="false" />
                <line number="621" hits="0" branch="false" />
                <line number="622" hits="0" branch="false" />
                <line number="623" hits="0" branch="false" />
                <line number="624" hits="0" branch="false" />
                <line number="625" hits="0" branch="false" />
                <line number="626" hits="0" branch="false" />
                <line number="627" hits="0" branch="false" />
                <line number="629" hits="0" branch="false" />
                <line number="630" hits="0" branch="false" />
                <line number="631" hits="0" branch="false" />
                <line number="632" hits="0" branch="false" />
                <line number="633" hits="0" branch="true" condition-coverage="0% (0/2)" />
                <line number="634" hits="0" branch="false" />
                <line number="636" hits="0" branch="false" />
              </lines>
            </method>
            <method name="GetImages" signature="()" line-rate="1" branch-rate="1" complexity="2">
              <lines>
                <line number="639" hits="1" branch="false" />
                <line number="640" hits="1" branch="false" />
                <line number="641" hits="1" branch="false" />
                <line number="642" hits="1" branch="false" />
                <line number="643" hits="1" branch="false" />
                <line number="644" hits="1" branch="false" />
                <line number="645" hits="1" branch="false" />
                <line number="646" hits="1" branch="false" />
                <line number="647" hits="1" branch="false" />
                <line number="648" hits="1" branch="false" />
                <line number="649" hits="1" branch="false" />
                <line number="650" hits="1" branch="false" />
                <line number="651" hits="1" branch="false" />
                <line number="652" hits="1" branch="false" />
                <line number="653" hits="1" branch="false" />
                <line number="654" hits="1" branch="false" />
                <line number="655" hits="1" branch="false" />
                <line number="656" hits="1" branch="false" />
                <line number="657" hits="5" branch="true" condition-coverage="100% (2/2)" />
                <line number="658" hits="1" branch="false" />
                <line number="659" hits="1" branch="false" />
                <line number="660" hits="1" branch="false" />
                <line number="661" hits="1" branch="false" />
                <line number="663" hits="1" branch="false" />
              </lines>
            </method>
          </methods>
          <lines>
            <line number="25" hits="2" branch="false" />
            <line number="27" hits="2" branch="false" />
            <line number="29" hits="2" branch="false" />
            <line number="30" hits="2" branch="true" condition-coverage="50% (1/2)" />
            <line number="32" hits="2" branch="false" />
            <line number="33" hits="2" branch="false" />
            <line number="35" hits="2" branch="false" />
            <line number="36" hits="23" branch="true" condition-coverage="100% (2/2)" />
            <line number="37" hits="9" branch="false" />
            <line number="38" hits="9" branch="false" />
            <line number="39" hits="9" branch="false" />
            <line number="40" hits="9" branch="true" condition-coverage="100% (2/2)" />
            <line number="41" hits="2" branch="false" />
            <line number="42" hits="2" branch="true" condition-coverage="75% (3/4)" />
            <line number="43" hits="0" branch="false" />
            <line number="44" hits="0" branch="true" condition-coverage="0% (0/2)" />
            <line number="45" hits="0" branch="false" />
            <line number="46" hits="0" branch="true" condition-coverage="0% (0/2)" />
            <line number="47" hits="0" branch="false" />
            <line number="48" hits="0" branch="false" />
            <line number="50" hits="0" branch="false" />
            <line number="51" hits="0" branch="false" />
            <line number="52" hits="2" branch="true" condition-coverage="100% (4/4)" />
            <line number="53" hits="1" branch="false" />
            <line number="54" hits="22" branch="true" condition-coverage="50% (1/2)" />
            <line number="55" hits="10" branch="false" />
            <line number="56" hits="10" branch="true" condition-coverage="100% (2/2)" />
            <line number="57" hits="1" branch="false" />
            <line number="58" hits="1" branch="false" />
            <line number="61" hits="9" branch="false" />
            <line number="62" hits="0" branch="false" />
            <line number="63" hits="1" branch="false" />
            <line number="65" hits="7" branch="false" />
            <line number="66" hits="7" branch="true" condition-coverage="75% (3/4)" />
            <line number="67" hits="0" branch="false" />
            <line number="68" hits="0" branch="true" condition-coverage="0% (0/2)" />
            <line number="69" hits="0" branch="false" />
            <line number="70" hits="0" branch="true" condition-coverage="0% (0/2)" />
            <line number="71" hits="0" branch="false" />
            <line number="72" hits="0" branch="false" />
            <line number="75" hits="0" branch="false" />
            <line number="76" hits="0" branch="false" />
            <line number="77" hits="7" branch="true" condition-coverage="75% (3/4)" />
            <line number="78" hits="1" branch="false" />
            <line number="79" hits="115" branch="true" condition-coverage="100% (2/2)" />
            <line number="80" hits="56" branch="false" />
            <line number="81" hits="56" branch="true" condition-coverage="50% (1/2)" />
            <line number="82" hits="0" branch="false" />
            <line number="83" hits="0" branch="false" />
            <line number="86" hits="56" branch="false" />
            <line number="87" hits="1" branch="false" />
            <line number="88" hits="7" branch="false" />
            <line number="89" hits="8" branch="false" />
            <line number="90" hits="1" branch="false" />
            <line number="91" hits="2" branch="false" />
            <line number="93" hits="8" branch="false" />
            <line number="94" hits="8" branch="false" />
            <line number="95" hits="8" branch="false" />
            <line number="96" hits="8" branch="false" />
            <line number="97" hits="8" branch="false" />
            <line number="98" hits="8" branch="false" />
            <line number="99" hits="8" branch="false" />
            <line number="100" hits="8" branch="false" />
            <line number="101" hits="8" branch="false" />
            <line number="102" hits="8" branch="false" />
            <line number="103" hits="8" branch="false" />
            <line number="104" hits="8" branch="false" />
            <line number="105" hits="8" branch="false" />
            <line number="106" hits="7" branch="false" />
            <line number="107" hits="7" branch="false" />
            <line number="108" hits="7" branch="false" />
            <line number="109" hits="7" branch="false" />
            <line number="110" hits="7" branch="false" />
            <line number="112" hits="7" branch="false" />
            <line number="120" hits="4" branch="false" />
            <line number="121" hits="4" branch="true" condition-coverage="50% (1/2)" />
            <line number="122" hits="0" branch="false" />
            <line number="123" hits="0" branch="false" />
            <line number="124" hits="0" branch="false" />
            <line number="125" hits="0" branch="false" />
            <line number="126" hits="0" branch="false" />
            <line number="127" hits="0" branch="false" />
            <line number="128" hits="0" branch="false" />
            <line number="131" hits="0" branch="true" condition-coverage="0% (0/2)" />
            <line number="132" hits="0" branch="false" />
            <line number="133" hits="0" branch="false" />
            <line number="135" hits="0" branch="true" condition-coverage="0% (0/2)" />
            <line number="136" hits="0" branch="false" />
            <line number="137" hits="0" branch="true" condition-coverage="0% (0/2)" />
            <line number="138" hits="0" branch="false" />
            <line number="139" hits="0" branch="false" />
            <line number="140" hits="0" branch="false" />
            <line number="141" hits="0" branch="false" />
            <line number="143" hits="0" branch="false" />
            <line number="144" hits="0" branch="true" condition-coverage="0% (0/2)" />
            <line number="145" hits="0" branch="false" />
            <line number="146" hits="0" branch="true" condition-coverage="0% (0/2)" />
            <line number="147" hits="0" branch="false" />
            <line number="148" hits="0" branch="false" />
            <line number="149" hits="0" branch="false" />
            <line number="150" hits="0" branch="true" condition-coverage="0% (0/2)" />
            <line number="151" hits="0" branch="false" />
            <line number="152" hits="0" branch="false" />
            <line number="153" hits="0" branch="false" />
            <line number="154" hits="0" branch="false" />
            <line number="155" hits="0" branch="false" />
            <line number="156" hits="0" branch="false" />
            <line number="157" hits="0" branch="false" />
            <line number="159" hits="0" branch="false" />
            <line number="167" hits="2" branch="true" condition-coverage="50% (1/2)" />
            <line number="168" hits="2" branch="false" />
            <line number="169" hits="2" branch="true" condition-coverage="100% (2/2)" />
            <line number="170" hits="1" branch="false" />
            <line number="171" hits="1" branch="false" />
            <line number="172" hits="1" branch="false" />
            <line number="173" hits="7" branch="true" condition-coverage="100% (2/2)" />
            <line number="174" hits="2" branch="false" />
            <line number="175" hits="2" branch="true" condition-coverage="100% (2/2)" />
            <line number="176" hits="1" branch="false" />
            <line number="177" hits="1" branch="false" />
            <line number="178" hits="1" branch="false" />
            <line number="179" hits="1" branch="false" />
            <line number="181" hits="1" branch="false" />
            <line number="182" hits="1" branch="false" />
            <line number="183" hits="1" branch="false" />
            <line number="184" hits="2" branch="false" />
            <line number="185" hits="1" branch="false" />
            <line number="187" hits="1" branch="false" />
            <line number="188" hits="1" branch="false" />
            <line number="189" hits="1" branch="false" />
            <line number="190" hits="2" branch="false" />
            <line number="191" hits="2" branch="true" condition-coverage="100% (2/2)" />
            <line number="192" hits="1" branch="false" />
            <line number="193" hits="1" branch="false" />
            <line number="194" hits="1" branch="false" />
            <line number="195" hits="2" branch="false" />
            <line number="197" hits="2" branch="false" />
            <line number="198" hits="2" branch="true" condition-coverage="50% (1/2)" />
            <line number="202" hits="2" branch="false" />
            <line number="203" hits="2" branch="false" />
            <line number="204" hits="29" branch="true" condition-coverage="100% (2/2)" />
            <line number="205" hits="12" branch="false" />
            <line number="207" hits="12" branch="false" />
            <line number="208" hits="12" branch="false" />
            <line number="210" hits="12" branch="false" />
            <line number="211" hits="12" branch="false" />
            <line number="213" hits="12" branch="true" condition-coverage="100% (2/2)" />
            <line number="214" hits="7" branch="false" />
            <line number="215" hits="7" branch="false" />
            <line number="216" hits="7" branch="false" />
            <line number="217" hits="7" branch="false" />
            <line number="218" hits="7" branch="false" />
            <line number="219" hits="7" branch="false" />
            <line number="220" hits="7" branch="false" />
            <line number="221" hits="7" branch="false" />
            <line number="222" hits="7" branch="false" />
            <line number="223" hits="7" branch="false" />
            <line number="224" hits="7" branch="false" />
            <line number="225" hits="7" branch="false" />
            <line number="226" hits="7" branch="false" />
            <line number="227" hits="7" branch="false" />
            <line number="228" hits="7" branch="false" />
            <line number="229" hits="6" branch="true" condition-coverage="100% (2/2)" />
            <line number="230" hits="1" branch="false" />
            <line number="231" hits="6" branch="false" />
            <line number="232" hits="6" branch="false" />
            <line number="233" hits="6" branch="false" />
            <line number="234" hits="11" branch="false" />
            <line number="235" hits="11" branch="false" />
            <line number="236" hits="0" branch="false" />
            <line number="237" hits="0" branch="false" />
            <line number="238" hits="0" branch="false" />
            <line number="240" hits="11" branch="false" />
            <line number="241" hits="1" branch="true" condition-coverage="50% (1/2)" />
            <line number="245" hits="1" branch="false" />
            <line number="246" hits="2" branch="true" condition-coverage="0% (0/4)" />
            <line number="247" hits="0" branch="false" />
            <line number="248" hits="0" branch="false" />
            <line number="249" hits="0" branch="false" />
            <line number="251" hits="0" branch="false" />
            <line number="252" hits="0" branch="false" />
            <line number="253" hits="0" branch="false" />
            <line number="254" hits="0" branch="false" />
            <line number="255" hits="0" branch="false" />
            <line number="256" hits="0" branch="false" />
            <line number="257" hits="0" branch="false" />
            <line number="258" hits="0" branch="false" />
            <line number="259" hits="0" branch="false" />
            <line number="260" hits="0" branch="false" />
            <line number="261" hits="0" branch="false" />
            <line number="262" hits="0" branch="false" />
            <line number="263" hits="0" branch="false" />
            <line number="264" hits="0" branch="false" />
            <line number="265" hits="0" branch="false" />
            <line number="266" hits="0" branch="false" />
            <line number="267" hits="0" branch="false" />
            <line number="268" hits="0" branch="false" />
            <line number="269" hits="0" branch="false" />
            <line number="270" hits="0" branch="true" condition-coverage="0% (0/2)" />
            <line number="271" hits="0" branch="false" />
            <line number="272" hits="0" branch="false" />
            <line number="273" hits="0" branch="false" />
            <line number="274" hits="0" branch="false" />
            <line number="275" hits="0" branch="false" />
            <line number="276" hits="0" branch="false" />
            <line number="277" hits="0" branch="false" />
            <line number="278" hits="0" branch="false" />
            <line number="280" hits="0" branch="false" />
            <line number="281" hits="0" branch="false" />
            <line number="282" hits="0" branch="false" />
            <line number="285" hits="1" branch="false" />
            <line number="286" hits="1" branch="false" />
            <line number="287" hits="1" branch="false" />
            <line number="288" hits="1" branch="false" />
            <line number="289" hits="1" branch="true" condition-coverage="50% (1/2)" />
            <line number="290" hits="0" branch="false" />
            <line number="291" hits="0" branch="false" />
            <line number="292" hits="0" branch="false" />
            <line number="293" hits="1" branch="false" />
            <line number="295" hits="1" branch="false" />
            <line number="296" hits="1" branch="true" condition-coverage="50% (1/2)" />
            <line number="297" hits="1" branch="false" />
            <line number="299" hits="1" branch="false" />
            <line number="301" hits="1" branch="true" condition-coverage="50% (2/4)" />
            <line number="302" hits="1" branch="false" />
            <line number="303" hits="0" branch="false" />
            <line number="304" hits="0" branch="false" />
            <line number="305" hits="0" branch="true" condition-coverage="0% (0/2)" />
            <line number="306" hits="0" branch="false" />
            <line number="307" hits="0" branch="false" />
            <line number="309" hits="1" branch="true" condition-coverage="100% (2/2)" />
            <line number="310" hits="1" branch="false" />
            <line number="311" hits="1" branch="false" />
            <line number="312" hits="1" branch="false" />
            <line number="313" hits="1" branch="true" condition-coverage="50% (1/2)" />
            <line number="314" hits="0" branch="false" />
            <line number="315" hits="0" branch="false" />
            <line number="316" hits="0" branch="false" />
            <line number="317" hits="0" branch="true" condition-coverage="0% (0/2)" />
            <line number="318" hits="0" branch="false" />
            <line number="319" hits="0" branch="false" />
            <line number="320" hits="0" branch="false" />
            <line number="321" hits="0" branch="false" />
            <line number="323" hits="0" branch="false" />
            <line number="324" hits="0" branch="false" />
            <line number="325" hits="0" branch="false" />
            <line number="328" hits="1" branch="true" condition-coverage="50% (2/4)" />
            <line number="329" hits="0" branch="false" />
            <line number="330" hits="0" branch="false" />
            <line number="333" hits="1" branch="false" />
            <line number="334" hits="11" branch="true" condition-coverage="100% (2/2)" />
            <line number="335" hits="4" branch="false" />
            <line number="336" hits="4" branch="false" />
            <line number="337" hits="4" branch="false" />
            <line number="338" hits="7" branch="true" condition-coverage="100% (2/2)" />
            <line number="339" hits="2" branch="false" />
            <line number="340" hits="2" branch="false" />
            <line number="341" hits="2" branch="false" />
            <line number="342" hits="4" branch="false" />
            <line number="344" hits="7" branch="true" condition-coverage="100% (2/2)" />
            <line number="345" hits="2" branch="false" />
            <line number="346" hits="2" branch="false" />
            <line number="347" hits="2" branch="false" />
            <line number="348" hits="2" branch="false" />
            <line number="349" hits="22" branch="true" condition-coverage="100% (2/2)" />
            <line number="350" hits="8" branch="false" />
            <line number="351" hits="8" branch="false" />
            <line number="352" hits="8" branch="false" />
            <line number="353" hits="8" branch="true" condition-coverage="100% (2/2)" />
            <line number="354" hits="4" branch="false" />
            <line number="355" hits="4" branch="true" condition-coverage="100% (2/2)" />
            <line number="356" hits="1" branch="false" />
            <line number="357" hits="1" branch="false" />
            <line number="358" hits="29" branch="true" condition-coverage="100% (2/2)" />
            <line number="359" hits="13" branch="false" />
            <line number="360" hits="13" branch="false" />
            <line number="361" hits="13" branch="false" />
            <line number="362" hits="13" branch="false" />
            <line number="363" hits="13" branch="false" />
            <line number="364" hits="13" branch="false" />
            <line number="365" hits="13" branch="false" />
            <line number="366" hits="13" branch="false" />
            <line number="367" hits="1" branch="false" />
            <line number="368" hits="1" branch="false" />
            <line number="369" hits="4" branch="true" condition-coverage="100% (2/2)" />
            <line number="370" hits="1" branch="false" />
            <line number="371" hits="1" branch="false" />
            <line number="372" hits="29" branch="true" condition-coverage="100% (2/2)" />
            <line number="373" hits="13" branch="false" />
            <line number="374" hits="13" branch="false" />
            <line number="375" hits="13" branch="false" />
            <line number="376" hits="13" branch="false" />
            <line number="377" hits="13" branch="false" />
            <line number="378" hits="13" branch="false" />
            <line number="379" hits="13" branch="false" />
            <line number="380" hits="1" branch="false" />
            <line number="381" hits="1" branch="false" />
            <line number="382" hits="4" branch="true" condition-coverage="100% (2/2)" />
            <line number="383" hits="1" branch="false" />
            <line number="384" hits="1" branch="false" />
            <line number="385" hits="28" branch="true" condition-coverage="100% (2/2)" />
            <line number="386" hits="13" branch="false" />
            <line number="387" hits="13" branch="false" />
            <line number="388" hits="13" branch="false" />
            <line number="389" hits="13" branch="false" />
            <line number="390" hits="13" branch="false" />
            <line number="391" hits="13" branch="false" />
            <line number="392" hits="13" branch="false" />
            <line number="393" hits="13" branch="false" />
            <line number="394" hits="13" branch="false" />
            <line number="395" hits="13" branch="false" />
            <line number="396" hits="1" branch="false" />
            <line number="397" hits="1" branch="false" />
            <line number="398" hits="4" branch="true" condition-coverage="100% (2/2)" />
            <line number="399" hits="1" branch="false" />
            <line number="400" hits="1" branch="false" />
            <line number="401" hits="28" branch="true" condition-coverage="100% (2/2)" />
            <line number="402" hits="13" branch="false" />
            <line number="403" hits="13" branch="false" />
            <line number="404" hits="13" branch="false" />
            <line number="405" hits="13" branch="false" />
            <line number="406" hits="13" branch="false" />
            <line number="407" hits="13" branch="false" />
            <line number="408" hits="13" branch="false" />
            <line number="409" hits="13" branch="false" />
            <line number="410" hits="1" branch="false" />
            <line number="411" hits="1" branch="false" />
            <line number="412" hits="4" branch="false" />
            <line number="413" hits="8" branch="false" />
            <line number="414" hits="2" branch="false" />
            <line number="415" hits="2" branch="false" />
            <line number="416" hits="1" branch="false" />
            <line number="417" hits="1" branch="false" />
            <line number="424" hits="2" branch="false" />
            <line number="425" hits="2" branch="false" />
            <line number="426" hits="2" branch="false" />
            <line number="427" hits="2" branch="false" />
            <line number="428" hits="2" branch="false" />
            <line number="429" hits="2" branch="false" />
            <line number="430" hits="2" branch="false" />
            <line number="431" hits="2" branch="false" />
            <line number="432" hits="2" branch="false" />
            <line number="433" hits="2" branch="false" />
            <line number="436" hits="0" branch="true" condition-coverage="0% (0/2)" />
            <line number="437" hits="0" branch="false" />
            <line number="438" hits="0" branch="false" />
            <line number="439" hits="0" branch="true" condition-coverage="0% (0/2)" />
            <line number="440" hits="0" branch="false" />
            <line number="442" hits="0" branch="false" />
            <line number="443" hits="0" branch="false" />
            <line number="444" hits="0" branch="false" />
            <line number="445" hits="0" branch="false" />
            <line number="446" hits="0" branch="false" />
            <line number="447" hits="0" branch="false" />
            <line number="448" hits="0" branch="false" />
[...]
            <line number="159" hits="0" branch="true" condition-coverage="0% (0/2)" />
            <line number="160" hits="0" branch="false" />
            <line number="162" hits="0" branch="false" />
            <line number="163" hits="0" branch="false" />
            <line number="164" hits="0" branch="false" />
            <line number="166" hits="0" branch="false" />
            <line number="172" hits="0" branch="false" />
            <line number="173" hits="0" branch="true" condition-coverage="0% (0/2)" />
            <line number="174" hits="0" branch="false" />
            <line number="192" hits="0" branch="true" condition-coverage="0% (0/2)" />
            <line number="193" hits="0" branch="false" />
            <line number="195" hits="0" branch="false" />
            <line number="196" hits="0" branch="false" />
            <line number="197" hits="0" branch="false" />
            <line number="199" hits="0" branch="false" />
            <line number="205" hits="0" branch="false" />
            <line number="206" hits="0" branch="true" condition-coverage="0% (0/2)" />
            <line number="207" hits="0" branch="false" />
            <line number="224" hits="0" branch="true" condition-coverage="0% (0/2)" />
            <line number="225" hits="0" branch="false" />
            <line number="227" hits="0" branch="false" />
            <line number="228" hits="0" branch="false" />
            <line number="230" hits="0" branch="false" />
            <line number="236" hits="0" branch="true" condition-coverage="0% (0/4)" />
            <line number="253" hits="0" branch="true" condition-coverage="0% (0/4)" />
          </lines>
        </class>
        <class name="HeyTravel.Pages.Shared.Pages_Shared__CookieConsentPartial" filename="C:\Users\danil\Documents\GitHub\HeyTravel\HeyTravel\HeyTravel\Pages\Shared\_CookieConsentPartial.cshtml" line-rate="0" branch-rate="0" complexity="6">
          <methods>
            <method name="ExecuteAsync" signature="()" line-rate="0" branch-rate="0" complexity="6">
              <lines>
                <line number="3" hits="0" branch="false" />
                <line number="4" hits="0" branch="true" condition-coverage="0% (0/2)" />
                <line number="5" hits="0" branch="true" condition-coverage="0% (0/2)" />
                <line number="7" hits="0" branch="true" condition-coverage="0% (0/2)" />
                <line number="8" hits="0" branch="false" />
                <line number="11" hits="0" branch="false" />
                <line number="23" hits="0" branch="false" />
              </lines>
            </method>
          </methods>
          <lines>
            <line number="3" hits="0" branch="false" />
            <line number="4" hits="0" branch="true" condition-coverage="0% (0/2)" />
            <line number="5" hits="0" branch="true" condition-coverage="0% (0/2)" />
            <line number="7" hits="0" branch="true" condition-coverage="0% (0/2)" />
            <line number="8" hits="0" branch="false" />
            <line number="11" hits="0" branch="false" />
            <line number="23" hits="0" branch="false" />
          </lines>
        </class>
        <class name="HeyTravel.Pages.Shared.Pages_Shared__Layout" filename="C:\Users\danil\Documents\GitHub\HeyTravel\HeyTravel\HeyTravel\Pages\Shared\_Layout.cshtml" line-rate="0" branch-rate="0" complexity="20">
          <methods>
            <method name="&lt;ExecuteAsync" signature="()" line-rate="0" branch-rate="0" complexity="6">
              <lines>
                <line number="6" hits="0" branch="true" condition-coverage="0% (0/6)" />
              </lines>
            </method>
            <method name="&lt;ExecuteAsync" signature="()" line-rate="0" branch-rate="0" complexity="14">
              <lines>
                <line number="68" hits="0" branch="true" condition-coverage="0% (0/12)" />
                <line number="74" hits="0" branch="true" condition-coverage="0% (0/2)" />
                <line number="76" hits="0" branch="false" />
              </lines>
            </method>
          </methods>
          <lines>
            <line number="6" hits="0" branch="true" condition-coverage="0% (0/6)" />
            <line number="68" hits="0" branch="true" condition-coverage="0% (0/12)" />
            <line number="74" hits="0" branch="true" condition-coverage="0% (0/2)" />
            <line number="76" hits="0" branch="false" />
          </lines>
        </class>
        <class name="HeyTravel.Pages.Shared.Pages_Shared__LoginPartial" filename="C:\Users\danil\Documents\GitHub\HeyTravel\HeyTravel\HeyTravel\Pages\Shared\_LoginPartial.cshtml" line-rate="0" branch-rate="0" complexity="13">
          <methods>
            <method name="ExecuteAsync" signature="()" line-rate="0" branch-rate="0" complexity="12">
              <lines>
                <line number="12" hits="0" branch="true" condition-coverage="0% (0/2)" />
                <line number="13" hits="0" branch="true" condition-coverage="0% (0/4)" />
                <line number="15" hits="0" branch="false" />
                <line number="18" hits="0" branch="true" condition-coverage="0% (0/2)" />
                <line number="22" hits="0" branch="false" />
                <line number="24" hits="0" branch="true" condition-coverage="0% (0/4)" />
                <line number="31" hits="0" branch="false" />
              </lines>
            </method>
            <method name="&lt;ExecuteAsync" signature="()" line-rate="0" branch-rate="1" complexity="1">
              <lines>
                <line number="15" hits="0" branch="false" />
              </lines>
            </method>
          </methods>
          <lines>
            <line number="12" hits="0" branch="true" condition-coverage="0% (0/2)" />
            <line number="13" hits="0" branch="true" condition-coverage="0% (0/4)" />
            <line number="15" hits="0" branch="false" />
            <line number="18" hits="0" branch="true" condition-coverage="0% (0/2)" />
            <line number="22" hits="0" branch="false" />
            <line number="24" hits="0" branch="true" condition-coverage="0% (0/4)" />
            <line number="31" hits="0" branch="false" />
          </lines>
        </class>
      </classes>
    </package>
    <package name="TestAPI" line-rate="0.7127659574468085" branch-rate="1" complexity="10">
      <classes>
        <class name="AutoGeneratedProgram" filename="C:\Users\danil\.nuget\packages\microsoft.net.test.sdk\16.9.4\build\netcoreapp2.1\Microsoft.NET.Test.Sdk.Program.cs" line-rate="0" branch-rate="1" complexity="1">
          <methods>
            <method name="Main" signature="(...)" line-rate="0" branch-rate="1" complexity="1">
              <lines>
                <line number="4" hits="0" branch="false" />
              </lines>
            </method>
          </methods>
          <lines>
            <line number="4" hits="0" branch="false" />
          </lines>
        </class>
        <class name="TestAPI.ScrapingUnitTest" filename="C:\Users\danil\Documents\GitHub\HeyTravel\HeyTravel\TestAPI\ScrapingUnitTest.cs" line-rate="0.7204301075268817" branch-rate="1" complexity="9">
          <methods>
            <method name="TestCasi" signature="()" line-rate="0.45454545454545453" branch-rate="1" complexity="1">
              <lines>
                <line number="17" hits="1" branch="false" />
                <line number="19" hits="1" branch="false" />
                <line number="22" hits="1" branch="false" />
                <line number="23" hits="1" branch="false" />
                <line number="24" hits="1" branch="false" />
                <line number="25" hits="1" branch="false" />
                <line number="26" hits="1" branch="false" />
                <line number="27" hits="1" branch="false" />
                <line number="28" hits="1" branch="false" />
                <line number="30" hits="1" branch="false" />
                <line number="31" hits="0" branch="false" />
                <line number="32" hits="0" branch="false" />
                <line number="35" hits="0" branch="false" />
                <line number="36" hits="0" branch="false" />
                <line number="37" hits="0" branch="false" />
                <line number="38" hits="0" branch="false" />
                <line number="39" hits="0" branch="false" />
                <line number="41" hits="0" branch="false" />
                <line number="42" hits="0" branch="false" />
                <line number="43" hits="0" branch="false" />
                <line number="45" hits="0" branch="false" />
                <line number="46" hits="0" branch="false" />
              </lines>
            </method>
            <method name="TestVaccini" signature="()" line-rate="0.5384615384615384" branch-rate="1" complexity="1">
              <lines>
                <line number="50" hits="1" branch="false" />
                <line number="52" hits="1" branch="false" />
                <line number="55" hits="1" branch="false" />
                <line number="56" hits="1" branch="false" />
                <line number="57" hits="1" branch="false" />
                <line number="58" hits="1" branch="false" />
                <line number="59" hits="1" branch="false" />
                <line number="62" hits="0" branch="false" />
                <line number="63" hits="0" branch="false" />
                <line number="64" hits="0" branch="false" />
                <line number="65" hits="0" branch="false" />
                <line number="66" hits="0" branch="false" />
                <line number="67" hits="0" branch="false" />
              </lines>
            </method>
            <method name="TestCodiceStato" signature="()" line-rate="1" branch-rate="1" complexity="1">
              <lines>
                <line number="71" hits="1" branch="false" />
                <line number="73" hits="1" branch="false" />
                <line number="76" hits="1" branch="false" />
                <line number="77" hits="1" branch="false" />
                <line number="80" hits="1" branch="false" />
                <line number="81" hits="1" branch="false" />
                <line number="82" hits="1" branch="false" />
              </lines>
            </method>
            <method name="TestStatoCodice" signature="()" line-rate="1" branch-rate="1" complexity="1">
              <lines>
                <line number="86" hits="1" branch="false" />
                <line number="88" hits="1" branch="false" />
                <line number="91" hits="1" branch="false" />
                <line number="94" hits="1" branch="false" />
                <line number="95" hits="1" branch="false" />
              </lines>
            </method>
            <method name="TestTranslation" signature="()" line-rate="0.5384615384615384" branch-rate="1" complexity="1">
              <lines>
                <line number="99" hits="1" branch="false" />
                <line number="101" hits="1" branch="false" />
                <line number="104" hits="1" branch="false" />
                <line number="105" hits="1" branch="false" />
                <line number="106" hits="1" branch="false" />
                <line number="107" hits="1" branch="false" />
                <line number="108" hits="1" branch="false" />
                <line number="109" hits="0" branch="false" />
                <line number="110" hits="0" branch="false" />
                <line number="114" hits="0" branch="false" />
                <line number="115" hits="0" branch="false" />
                <line number="116" hits="0" branch="false" />
                <line number="117" hits="0" branch="false" />
              </lines>
            </method>
            <method name="TestCities" signature="()" line-rate="1" branch-rate="1" complexity="1">
              <lines>
                <line number="121" hits="1" branch="false" />
                <line number="123" hits="1" branch="false" />
                <line number="126" hits="1" branch="false" />
                <line number="127" hits="1" branch="false" />
                <line number="131" hits="1" branch="false" />
                <line number="132" hits="1" branch="false" />
                <line number="133" hits="1" branch="false" />
              </lines>
            </method>
            <method name="TestMeteo" signature="()" line-rate="1" branch-rate="1" complexity="1">
              <lines>
                <line number="137" hits="1" branch="false" />
                <line number="139" hits="1" branch="false" />
                <line number="142" hits="1" branch="false" />
                <line number="146" hits="1" branch="false" />
                <line number="147" hits="1" branch="false" />
              </lines>
            </method>
            <method name="TestMappa" signature="()" line-rate="0.875" branch-rate="1" complexity="1">
              <lines>
                <line number="151" hits="1" branch="false" />
                <line number="153" hits="1" branch="false" />
                <line number="154" hits="1" branch="false" />
                <line number="155" hits="1" branch="false" />
                <line number="156" hits="1" branch="false" />
                <line number="157" hits="1" branch="false" />
                <line number="158" hits="1" branch="false" />
                <line number="159" hits="1" branch="false" />
                <line number="160" hits="1" branch="false" />
                <line number="161" hits="1" branch="false" />
                <line number="162" hits="1" branch="false" />
                <line number="163" hits="1" branch="false" />
                <line number="164" hits="1" branch="false" />
                <line number="168" hits="1" branch="false" />
                <line number="172" hits="0" branch="false" />
                <line number="173" hits="0" branch="false" />
              </lines>
            </method>
            <method name="TestFoto" signature="()" line-rate="1" branch-rate="1" complexity="1">
              <lines>
                <line number="177" hits="1" branch="false" />
                <line number="179" hits="1" branch="false" />
                <line number="183" hits="1" branch="false" />
                <line number="187" hits="1" branch="false" />
                <line number="188" hits="1" branch="false" />
              </lines>
            </method>
          </methods>
          <lines>
            <line number="17" hits="1" branch="false" />
            <line number="19" hits="1" branch="false" />
            <line number="22" hits="1" branch="false" />
            <line number="23" hits="1" branch="false" />
            <line number="24" hits="1" branch="false" />
            <line number="25" hits="1" branch="false" />
            <line number="26" hits="1" branch="false" />
            <line number="27" hits="1" branch="false" />
            <line number="28" hits="1" branch="false" />
            <line number="30" hits="1" branch="false" />
            <line number="31" hits="0" branch="false" />
            <line number="32" hits="0" branch="false" />
            <line number="35" hits="0" branch="false" />
            <line number="36" hits="0" branch="false" />
            <line number="37" hits="0" branch="false" />
            <line number="38" hits="0" branch="false" />
            <line number="39" hits="0" branch="false" />
            <line number="41" hits="0" branch="false" />
            <line number="42" hits="0" branch="false" />
            <line number="43" hits="0" branch="false" />
            <line number="45" hits="0" branch="false" />
            <line number="46" hits="0" branch="false" />
            <line number="50" hits="1" branch="false" />
            <line number="52" hits="1" branch="false" />
            <line number="55" hits="1" branch="false" />
            <line number="56" hits="1" branch="false" />
            <line number="57" hits="1" branch="false" />
            <line number="58" hits="1" branch="false" />
            <line number="59" hits="1" branch="false" />
            <line number="62" hits="0" branch="false" />
            <line number="63" hits="0" branch="false" />
            <line number="64" hits="0" branch="false" />
            <line number="65" hits="0" branch="false" />
            <line number="66" hits="0" branch="false" />
            <line number="67" hits="0" branch="false" />
            <line number="71" hits="1" branch="false" />
            <line number="73" hits="1" branch="false" />
            <line number="76" hits="1" branch="false" />
            <line number="77" hits="1" branch="false" />
            <line number="80" hits="1" branch="false" />
            <line number="81" hits="1" branch="false" />
            <line number="82" hits="1" branch="false" />
            <line number="86" hits="1" branch="false" />
            <line number="88" hits="1" branch="false" />
            <line number="91" hits="1" branch="false" />
            <line number="94" hits="1" branch="false" />
            <line number="95" hits="1" branch="false" />
            <line number="99" hits="1" branch="false" />
            <line number="101" hits="1" branch="false" />
            <line number="104" hits="1" branch="false" />
            <line number="105" hits="1" branch="false" />
            <line number="106" hits="1" branch="false" />
            <line number="107" hits="1" branch="false" />
            <line number="108" hits="1" branch="false" />
            <line number="109" hits="0" branch="false" />
            <line number="110" hits="0" branch="false" />
            <line number="114" hits="0" branch="false" />
            <line number="115" hits="0" branch="false" />
            <line number="116" hits="0" branch="false" />
            <line number="117" hits="0" branch="false" />
            <line number="121" hits="1" branch="false" />
            <line number="123" hits="1" branch="false" />
            <line number="126" hits="1" branch="false" />
            <line number="127" hits="1" branch="false" />
            <line number="131" hits="1" branch="false" />
            <line number="132" hits="1" branch="false" />
            <line number="133" hits="1" branch="false" />
            <line number="137" hits="1" branch="false" />
            <line number="139" hits="1" branch="false" />
            <line number="142" hits="1" branch="false" />
            <line number="146" hits="1" branch="false" />
            <line number="147" hits="1" branch="false" />
            <line number="151" hits="1" branch="false" />
            <line number="153" hits="1" branch="false" />
            <line number="154" hits="1" branch="false" />
            <line number="155" hits="1" branch="false" />
            <line number="156" hits="1" branch="false" />
            <line number="157" hits="1" branch="false" />
            <line number="158" hits="1" branch="false" />
            <line number="159" hits="1" branch="false" />
            <line number="160" hits="1" branch="false" />
            <line number="161" hits="1" branch="false" />
            <line number="162" hits="1" branch="false" />
            <line number="163" hits="1" branch="false" />
            <line number="164" hits="1" branch="false" />
            <line number="168" hits="1" branch="false" />
            <line number="172" hits="0" branch="false" />
            <line number="173" hits="0" branch="false" />
            <line number="177" hits="1" branch="false" />
            <line number="179" hits="1" branch="false" />
            <line number="183" hits="1" branch="false" />
            <line number="187" hits="1" branch="false" />
            <line number="188" hits="1" branch="false" />
          </lines>
        </class>
      </classes>
    </package>
  </packages>
</coverage>