TpTrace Verbose: 0 : 8516, 1, 2022/02/21, 18:20:12.005, 96089457757, vstest.console.dll, Version: 16.11.0-release-20210730-02
TpTrace Information: 0 : 8516, 1, 2022/02/21, 18:20:12.011, 96089510559, vstest.console.dll, FilePatternParser: The given file C:\Users\danil\Documents\GitHub\HeyTravel\HeyTravel\TestAPI\bin\Debug\net5.0\fine-code-coverage\build-output\TestAPI.dll is a full path.
TpTrace Verbose: 0 : 8516, 1, 2022/02/21, 18:20:12.016, 96089558135, vstest.console.dll, TestPluginCache.DiscoverTestExtensions: finding test extensions in assemblies ends with: RuntimeProvider.dll TPluginInfo: Microsoft.VisualStudio.TestPlatform.Common.ExtensionFramework.Utilities.TestRuntimePluginInformation TExtension: Microsoft.VisualStudio.TestPlatform.ObjectModel.Host.ITestRuntimeProvider
TpTrace Verbose: 0 : 8516, 1, 2022/02/21, 18:20:12.018, 96089579163, vstest.console.dll, TestPluginCache.GetExtensionPaths: Filtered extension paths: 
TpTrace Verbose: 0 : 8516, 1, 2022/02/21, 18:20:12.018, 96089579827, vstest.console.dll, TestPluginCache.GetExtensionPaths: Added default extension paths: C:\Program Files\dotnet\sdk\5.0.401\Extensions\Microsoft.Diagnostics.NETCore.Client.dll
C:\Program Files\dotnet\sdk\5.0.401\Extensions\Microsoft.TestPlatform.Extensions.BlameDataCollector.dll
C:\Program Files\dotnet\sdk\5.0.401\Extensions\Microsoft.TestPlatform.Extensions.EventLogCollector.dll
C:\Program Files\dotnet\sdk\5.0.401\Extensions\Microsoft.TestPlatform.TestHostRuntimeProvider.dll
C:\Program Files\dotnet\sdk\5.0.401\Extensions\Microsoft.VisualStudio.TestPlatform.Extensions.Html.TestLogger.dll
C:\Program Files\dotnet\sdk\5.0.401\Extensions\Microsoft.VisualStudio.TestPlatform.Extensions.Trx.TestLogger.dll
TpTrace Verbose: 0 : 8516, 1, 2022/02/21, 18:20:12.018, 96089580105, vstest.console.dll, TestPluginCache.GetExtensionPaths: Added unfilterableExtensionPaths: 
TpTrace Information: 0 : 8516, 1, 2022/02/21, 18:20:12.019, 96089585218, vstest.console.dll, AssemblyResolver.ctor: Creating AssemblyResolver with searchDirectories C:\Program Files\dotnet\sdk\5.0.401\Extensions,C:\Program Files\dotnet\sdk\5.0.401
TpTrace Verbose: 0 : 8516, 1, 2022/02/21, 18:20:12.019, 96089590256, vstest.console.dll, TestPluginCache.DiscoverTestExtensions: Discovering the extensions using extension path.
TpTrace Verbose: 0 : 8516, 1, 2022/02/21, 18:20:12.019, 96089590987, vstest.console.dll, TestPluginCache.GetExtensionPaths: Filtered extension paths: 
TpTrace Verbose: 0 : 8516, 1, 2022/02/21, 18:20:12.019, 96089591300, vstest.console.dll, TestPluginCache.GetExtensionPaths: Added default extension paths: C:\Program Files\dotnet\sdk\5.0.401\Extensions\Microsoft.Diagnostics.NETCore.Client.dll
C:\Program Files\dotnet\sdk\5.0.401\Extensions\Microsoft.TestPlatform.Extensions.BlameDataCollector.dll
C:\Program Files\dotnet\sdk\5.0.401\Extensions\Microsoft.TestPlatform.Extensions.EventLogCollector.dll
C:\Program Files\dotnet\sdk\5.0.401\Extensions\Microsoft.TestPlatform.TestHostRuntimeProvider.dll
C:\Program Files\dotnet\sdk\5.0.401\Extensions\Microsoft.VisualStudio.TestPlatform.Extensions.Html.TestLogger.dll
C:\Program Files\dotnet\sdk\5.0.401\Extensions\Microsoft.VisualStudio.TestPlatform.Extensions.Trx.TestLogger.dll
TpTrace Verbose: 0 : 8516, 1, 2022/02/21, 18:20:12.019, 96089591521, vstest.console.dll, TestPluginCache.GetExtensionPaths: Added unfilterableExtensionPaths: 
TpTrace Verbose: 0 : 8516, 1, 2022/02/21, 18:20:12.019, 96089591941, vstest.console.dll, TestPluginCache.DiscoverTestExtensions: Discovering the extensions using allExtensionPaths: C:\Program Files\dotnet\sdk\5.0.401\Extensions\Microsoft.Diagnostics.NETCore.Client.dll
C:\Program Files\dotnet\sdk\5.0.401\Extensions\Microsoft.TestPlatform.Extensions.BlameDataCollector.dll
C:\Program Files\dotnet\sdk\5.0.401\Extensions\Microsoft.TestPlatform.Extensions.EventLogCollector.dll
C:\Program Files\dotnet\sdk\5.0.401\Extensions\Microsoft.TestPlatform.TestHostRuntimeProvider.dll
C:\Program Files\dotnet\sdk\5.0.401\Extensions\Microsoft.VisualStudio.TestPlatform.Extensions.Html.TestLogger.dll
C:\Program Files\dotnet\sdk\5.0.401\Extensions\Microsoft.VisualStudio.TestPlatform.Extensions.Trx.TestLogger.dll
TpTrace Information: 0 : 8516, 1, 2022/02/21, 18:20:12.019, 96089592866, vstest.console.dll, AssemblyResolver.AddSearchDirectories: Adding more searchDirectories C:\Program Files\dotnet\sdk\5.0.401\Extensions,C:\Program Files\dotnet\sdk\5.0.401
TpTrace Information: 0 : 8516, 1, 2022/02/21, 18:20:12.020, 96089593314, vstest.console.dll, AssemblyResolver.AddSearchDirectories: Adding more searchDirectories C:\Program Files\dotnet\sdk\5.0.401\Extensions,C:\Program Files\dotnet\sdk\5.0.401
TpTrace Information: 0 : 8516, 1, 2022/02/21, 18:20:12.020, 96089593586, vstest.console.dll, AssemblyResolver.AddSearchDirectories: Adding more searchDirectories C:\Program Files\dotnet\sdk\5.0.401\Extensions,C:\Program Files\dotnet\sdk\5.0.401
TpTrace Information: 0 : 8516, 1, 2022/02/21, 18:20:12.020, 96089593796, vstest.console.dll, AssemblyResolver.AddSearchDirectories: Adding more searchDirectories C:\Program Files\dotnet\sdk\5.0.401\Extensions,C:\Program Files\dotnet\sdk\5.0.401
TpTrace Information: 0 : 8516, 1, 2022/02/21, 18:20:12.020, 96089594025, vstest.console.dll, AssemblyResolver.AddSearchDirectories: Adding more searchDirectories C:\Program Files\dotnet\sdk\5.0.401\Extensions,C:\Program Files\dotnet\sdk\5.0.401
TpTrace Information: 0 : 8516, 1, 2022/02/21, 18:20:12.020, 96089594233, vstest.console.dll, AssemblyResolver.AddSearchDirectories: Adding more searchDirectories C:\Program Files\dotnet\sdk\5.0.401\Extensions,C:\Program Files\dotnet\sdk\5.0.401
TpTrace Information: 0 : 8516, 1, 2022/02/21, 18:20:12.020, 96089596435, vstest.console.dll, AssemblyResolver.OnResolve: Microsoft.Diagnostics.NETCore.Client: Resolving assembly.
TpTrace Information: 0 : 8516, 1, 2022/02/21, 18:20:12.020, 96089596888, vstest.console.dll, AssemblyResolver.OnResolve: Microsoft.Diagnostics.NETCore.Client: Searching in: 'C:\Program Files\dotnet\sdk\5.0.401\Extensions'.
TpTrace Information: 0 : 8516, 1, 2022/02/21, 18:20:12.020, 96089600524, vstest.console.dll, AssemblyResolver.OnResolve: Microsoft.Diagnostics.NETCore.Client: Loading assembly 'C:\Program Files\dotnet\sdk\5.0.401\Extensions\Microsoft.Diagnostics.NETCore.Client.dll'.
TpTrace Information: 0 : 8516, 1, 2022/02/21, 18:20:12.021, 96089604477, vstest.console.dll, AssemblyResolver.OnResolve: Resolved assembly: Microsoft.Diagnostics.NETCore.Client, from path: C:\Program Files\dotnet\sdk\5.0.401\Extensions\Microsoft.Diagnostics.NETCore.Client.dll
TpTrace Information: 0 : 8516, 1, 2022/02/21, 18:20:12.022, 96089619571, vstest.console.dll, AssemblyResolver.OnResolve: Microsoft.Bcl.AsyncInterfaces: Resolving assembly.
TpTrace Information: 0 : 8516, 1, 2022/02/21, 18:20:12.022, 96089620013, vstest.console.dll, AssemblyResolver.OnResolve: Microsoft.Bcl.AsyncInterfaces: Searching in: 'C:\Program Files\dotnet\sdk\5.0.401\Extensions'.
TpTrace Information: 0 : 8516, 1, 2022/02/21, 18:20:12.022, 96089620592, vstest.console.dll, AssemblyResolver.OnResolve: Microsoft.Bcl.AsyncInterfaces: Assembly path does not exist: 'C:\Program Files\dotnet\sdk\5.0.401\Extensions\Microsoft.Bcl.AsyncInterfaces.dll', returning.
TpTrace Information: 0 : 8516, 1, 2022/02/21, 18:20:12.022, 96089621058, vstest.console.dll, AssemblyResolver.OnResolve: Microsoft.Bcl.AsyncInterfaces: Assembly path does not exist: 'C:\Program Files\dotnet\sdk\5.0.401\Extensions\Microsoft.Bcl.AsyncInterfaces.exe', returning.
TpTrace Information: 0 : 8516, 1, 2022/02/21, 18:20:12.022, 96089621328, vstest.console.dll, AssemblyResolver.OnResolve: Microsoft.Bcl.AsyncInterfaces: Searching in: 'C:\Program Files\dotnet\sdk\5.0.401'.
TpTrace Information: 0 : 8516, 1, 2022/02/21, 18:20:12.022, 96089621793, vstest.console.dll, AssemblyResolver.OnResolve: Microsoft.Bcl.AsyncInterfaces: Assembly path does not exist: 'C:\Program Files\dotnet\sdk\5.0.401\Microsoft.Bcl.AsyncInterfaces.dll', returning.
TpTrace Information: 0 : 8516, 1, 2022/02/21, 18:20:12.022, 96089622233, vstest.console.dll, AssemblyResolver.OnResolve: Microsoft.Bcl.AsyncInterfaces: Assembly path does not exist: 'C:\Program Files\dotnet\sdk\5.0.401\Microsoft.Bcl.AsyncInterfaces.exe', returning.
TpTrace Information: 0 : 8516, 1, 2022/02/21, 18:20:12.022, 96089622710, vstest.console.dll, AssemblyResolver.OnResolve: Microsoft.Bcl.AsyncInterfaces: Failed to load assembly.
TpTrace Verbose: 0 : 8516, 1, 2022/02/21, 18:20:12.023, 96089623040, vstest.console.dll, CurrentDomainAssemblyResolve: Resolving assembly 'Microsoft.Bcl.AsyncInterfaces'.
TpTrace Information: 0 : 8516, 1, 2022/02/21, 18:20:12.023, 96089623463, vstest.console.dll, AssemblyResolver.OnResolve: Microsoft.Bcl.AsyncInterfaces: Resolving assembly.
TpTrace Information: 0 : 8516, 1, 2022/02/21, 18:20:12.023, 96089623719, vstest.console.dll, AssemblyResolver.OnResolve: Microsoft.Bcl.AsyncInterfaces: Resolved from cache.
TpTrace Verbose: 0 : 8516, 1, 2022/02/21, 18:20:12.023, 96089623931, vstest.console.dll, CurrentDomainAssemblyResolve: Resolving assembly 'Microsoft.Bcl.AsyncInterfaces'.
TpTrace Verbose: 0 : 8516, 1, 2022/02/21, 18:20:12.023, 96089624162, vstest.console.dll, CurrentDomainAssemblyResolve: Failed to resolve assembly 'Microsoft.Bcl.AsyncInterfaces'.
TpTrace Verbose: 0 : 8516, 1, 2022/02/21, 18:20:12.023, 96089629075, vstest.console.dll, CurrentDomainAssemblyResolve: Failed to resolve assembly 'Microsoft.Bcl.AsyncInterfaces'.
TpTrace Warning: 0 : 8516, 1, 2022/02/21, 18:20:12.031, 96089712396, vstest.console.dll, TestPluginDiscoverer: Failed to get types from assembly 'Microsoft.Diagnostics.NETCore.Client, Version=0.2.2.41902, Culture=neutral, PublicKeyToken=31bf3856ad364e35'.  Skipping test extension scan for this assembly.  Error: System.Reflection.ReflectionTypeLoadException: Unable to load one or more of the requested types.
Could not load file or assembly 'Microsoft.Bcl.AsyncInterfaces, Version=1.0.0.0, Culture=neutral, PublicKeyToken=cc7b13ffcd2ddd51'. Impossibile trovare il file specificato.
   at System.Reflection.RuntimeModule.GetTypes(RuntimeModule module)
   at System.Reflection.RuntimeModule.GetTypes()
   at System.Reflection.Assembly.GetTypes()
   at Microsoft.VisualStudio.TestPlatform.Common.ExtensionFramework.TestPluginDiscoverer.GetTestExtensionsFromAssembly[TPluginInfo,TExtension](Assembly assembly, Dictionary`2 pluginInfos)
System.IO.FileNotFoundException: Could not load file or assembly 'Microsoft.Bcl.AsyncInterfaces, Version=1.0.0.0, Culture=neutral, PublicKeyToken=cc7b13ffcd2ddd51'. Impossibile trovare il file specificato.
File name: 'Microsoft.Bcl.AsyncInterfaces, Version=1.0.0.0, Culture=neutral, PublicKeyToken=cc7b13ffcd2ddd51'
TpTrace Warning: 0 : 8516, 1, 2022/02/21, 18:20:12.032, 96089713058, vstest.console.dll, LoaderExceptions: System.IO.FileNotFoundException: Could not load file or assembly 'Microsoft.Bcl.AsyncInterfaces, Version=1.0.0.0, Culture=neutral, PublicKeyToken=cc7b13ffcd2ddd51'. Impossibile trovare il file specificato.
File name: 'Microsoft.Bcl.AsyncInterfaces, Version=1.0.0.0, Culture=neutral, PublicKeyToken=cc7b13ffcd2ddd51'
TpTrace Information: 0 : 8516, 1, 2022/02/21, 18:20:12.032, 96089713793, vstest.console.dll, AssemblyResolver.OnResolve: Microsoft.TestPlatform.Extensions.BlameDataCollector: Resolving assembly.
TpTrace Information: 0 : 8516, 1, 2022/02/21, 18:20:12.032, 96089714080, vstest.console.dll, AssemblyResolver.OnResolve: Microsoft.TestPlatform.Extensions.BlameDataCollector: Searching in: 'C:\Program Files\dotnet\sdk\5.0.401\Extensions'.
TpTrace Information: 0 : 8516, 1, 2022/02/21, 18:20:12.032, 96089716806, vstest.console.dll, AssemblyResolver.OnResolve: Microsoft.TestPlatform.Extensions.BlameDataCollector: Loading assembly 'C:\Program Files\dotnet\sdk\5.0.401\Extensions\Microsoft.TestPlatform.Extensions.BlameDataCollector.dll'.
TpTrace Information: 0 : 8516, 1, 2022/02/21, 18:20:12.032, 96089720329, vstest.console.dll, AssemblyResolver.OnResolve: Resolved assembly: Microsoft.TestPlatform.Extensions.BlameDataCollector, from path: C:\Program Files\dotnet\sdk\5.0.401\Extensions\Microsoft.TestPlatform.Extensions.BlameDataCollector.dll
TpTrace Information: 0 : 8516, 1, 2022/02/21, 18:20:12.033, 96089723929, vstest.console.dll, AssemblyResolver.OnResolve: Microsoft.TestPlatform.Extensions.EventLogCollector: Resolving assembly.
TpTrace Information: 0 : 8516, 1, 2022/02/21, 18:20:12.033, 96089724677, vstest.console.dll, AssemblyResolver.OnResolve: Microsoft.TestPlatform.Extensions.EventLogCollector: Searching in: 'C:\Program Files\dotnet\sdk\5.0.401\Extensions'.
TpTrace Information: 0 : 8516, 1, 2022/02/21, 18:20:12.033, 96089727360, vstest.console.dll, AssemblyResolver.OnResolve: Microsoft.TestPlatform.Extensions.EventLogCollector: Loading assembly 'C:\Program Files\dotnet\sdk\5.0.401\Extensions\Microsoft.TestPlatform.Extensions.EventLogCollector.dll'.
TpTrace Information: 0 : 8516, 1, 2022/02/21, 18:20:12.033, 96089730416, vstest.console.dll, AssemblyResolver.OnResolve: Resolved assembly: Microsoft.TestPlatform.Extensions.EventLogCollector, from path: C:\Program Files\dotnet\sdk\5.0.401\Extensions\Microsoft.TestPlatform.Extensions.EventLogCollector.dll
TpTrace Information: 0 : 8516, 1, 2022/02/21, 18:20:12.034, 96089738608, vstest.console.dll, AssemblyResolver.OnResolve: Microsoft.TestPlatform.TestHostRuntimeProvider: Resolving assembly.
TpTrace Information: 0 : 8516, 1, 2022/02/21, 18:20:12.034, 96089739028, vstest.console.dll, AssemblyResolver.OnResolve: Microsoft.TestPlatform.TestHostRuntimeProvider: Searching in: 'C:\Program Files\dotnet\sdk\5.0.401\Extensions'.
TpTrace Information: 0 : 8516, 1, 2022/02/21, 18:20:12.034, 96089741536, vstest.console.dll, AssemblyResolver.OnResolve: Microsoft.TestPlatform.TestHostRuntimeProvider: Loading assembly 'C:\Program Files\dotnet\sdk\5.0.401\Extensions\Microsoft.TestPlatform.TestHostRuntimeProvider.dll'.
TpTrace Information: 0 : 8516, 1, 2022/02/21, 18:20:12.035, 96089744490, vstest.console.dll, AssemblyResolver.OnResolve: Resolved assembly: Microsoft.TestPlatform.TestHostRuntimeProvider, from path: C:\Program Files\dotnet\sdk\5.0.401\Extensions\Microsoft.TestPlatform.TestHostRuntimeProvider.dll
TpTrace Information: 0 : 8516, 1, 2022/02/21, 18:20:12.035, 96089751368, vstest.console.dll, AssemblyResolver.OnResolve: Microsoft.VisualStudio.TestPlatform.Extensions.Html.TestLogger: Resolving assembly.
TpTrace Information: 0 : 8516, 1, 2022/02/21, 18:20:12.035, 96089751770, vstest.console.dll, AssemblyResolver.OnResolve: Microsoft.VisualStudio.TestPlatform.Extensions.Html.TestLogger: Searching in: 'C:\Program Files\dotnet\sdk\5.0.401\Extensions'.
TpTrace Information: 0 : 8516, 1, 2022/02/21, 18:20:12.036, 96089754339, vstest.console.dll, AssemblyResolver.OnResolve: Microsoft.VisualStudio.TestPlatform.Extensions.Html.TestLogger: Loading assembly 'C:\Program Files\dotnet\sdk\5.0.401\Extensions\Microsoft.VisualStudio.TestPlatform.Extensions.Html.TestLogger.dll'.
TpTrace Information: 0 : 8516, 1, 2022/02/21, 18:20:12.036, 96089757405, vstest.console.dll, AssemblyResolver.OnResolve: Resolved assembly: Microsoft.VisualStudio.TestPlatform.Extensions.Html.TestLogger, from path: C:\Program Files\dotnet\sdk\5.0.401\Extensions\Microsoft.VisualStudio.TestPlatform.Extensions.Html.TestLogger.dll
TpTrace Information: 0 : 8516, 1, 2022/02/21, 18:20:12.036, 96089759189, vstest.console.dll, AssemblyResolver.OnResolve: Microsoft.VisualStudio.TestPlatform.Extensions.Trx.TestLogger: Resolving assembly.
TpTrace Information: 0 : 8516, 1, 2022/02/21, 18:20:12.036, 96089759515, vstest.console.dll, AssemblyResolver.OnResolve: Microsoft.VisualStudio.TestPlatform.Extensions.Trx.TestLogger: Searching in: 'C:\Program Files\dotnet\sdk\5.0.401\Extensions'.
TpTrace Information: 0 : 8516, 1, 2022/02/21, 18:20:12.036, 96089762114, vstest.console.dll, AssemblyResolver.OnResolve: Microsoft.VisualStudio.TestPlatform.Extensions.Trx.TestLogger: Loading assembly 'C:\Program Files\dotnet\sdk\5.0.401\Extensions\Microsoft.VisualStudio.TestPlatform.Extensions.Trx.TestLogger.dll'.
TpTrace Information: 0 : 8516, 1, 2022/02/21, 18:20:12.037, 96089765573, vstest.console.dll, AssemblyResolver.OnResolve: Resolved assembly: Microsoft.VisualStudio.TestPlatform.Extensions.Trx.TestLogger, from path: C:\Program Files\dotnet\sdk\5.0.401\Extensions\Microsoft.VisualStudio.TestPlatform.Extensions.Trx.TestLogger.dll
TpTrace Verbose: 0 : 8516, 1, 2022/02/21, 18:20:12.037, 96089768639, vstest.console.dll, TestPluginCache: Discovered the extensions using extension path ''.
TpTrace Verbose: 0 : 8516, 1, 2022/02/21, 18:20:12.037, 96089769009, vstest.console.dll, TestPluginCache: Discoverers are ''.
TpTrace Verbose: 0 : 8516, 1, 2022/02/21, 18:20:12.037, 96089769247, vstest.console.dll, TestPluginCache: Executors are ''.
TpTrace Verbose: 0 : 8516, 1, 2022/02/21, 18:20:12.037, 96089769422, vstest.console.dll, TestPluginCache: Executors2 are ''.
TpTrace Verbose: 0 : 8516, 1, 2022/02/21, 18:20:12.037, 96089769586, vstest.console.dll, TestPluginCache: Setting providers are ''.
TpTrace Verbose: 0 : 8516, 1, 2022/02/21, 18:20:12.037, 96089769752, vstest.console.dll, TestPluginCache: Loggers are ''.
TpTrace Information: 0 : 8516, 1, 2022/02/21, 18:20:12.040, 96089797560, vstest.console.dll, RunTestsArgumentProcessor:Execute: Test run is starting.
TpTrace Verbose: 0 : 8516, 1, 2022/02/21, 18:20:12.040, 96089798034, vstest.console.dll, RunTestsArgumentProcessor:Execute: Queuing Test run.
TpTrace Information: 0 : 8516, 1, 2022/02/21, 18:20:12.040, 96089799111, vstest.console.dll, TestRequestManager.RunTests: run tests started.
TpTrace Information: 0 : 8516, 1, 2022/02/21, 18:20:12.042, 96089818103, vstest.console.dll, AssemblyMetadataProvider.GetFrameWork: Determined framework:'.NETCoreApp,Version=v5.0' for source: 'C:\Users\danil\Documents\GitHub\HeyTravel\HeyTravel\TestAPI\bin\Debug\net5.0\fine-code-coverage\build-output\TestAPI.dll'
TpTrace Information: 0 : 8516, 1, 2022/02/21, 18:20:12.042, 96089819043, vstest.console.dll, Determined framework for all sources: .NETCoreApp,Version=v5.0
TpTrace Information: 0 : 8516, 1, 2022/02/21, 18:20:12.042, 96089821313, vstest.console.dll, AssemblyMetadataProvider.GetArchitecture: Determined architecture:AnyCPU info for assembly: C:\Users\danil\Documents\GitHub\HeyTravel\HeyTravel\TestAPI\bin\Debug\net5.0\fine-code-coverage\build-output\TestAPI.dll
TpTrace Information: 0 : 8516, 1, 2022/02/21, 18:20:12.044, 96089834010, vstest.console.dll, Determined platform for all sources: X64
TpTrace Information: 0 : 8516, 1, 2022/02/21, 18:20:12.045, 96089851307, vstest.console.dll, Compatible sources list : 
TpTrace Information: 0 : 8516, 1, 2022/02/21, 18:20:12.045, 96089851774, vstest.console.dll, C:\Users\danil\Documents\GitHub\HeyTravel\HeyTravel\TestAPI\bin\Debug\net5.0\fine-code-coverage\build-output\TestAPI.dll
TpTrace Information: 0 : 8516, 1, 2022/02/21, 18:20:12.047, 96089864342, vstest.console.dll, InferRunSettingsHelper.IsTestSettingsEnabled: Unable to navigate to RunSettings/MSTest. Current node: RunSettings
TpTrace Information: 0 : 8516, 1, 2022/02/21, 18:20:12.047, 96089868236, vstest.console.dll, AssemblyResolver.OnResolve: Microsoft.VisualStudio.TestPlatform.Fakes: Resolving assembly.
TpTrace Information: 0 : 8516, 1, 2022/02/21, 18:20:12.047, 96089868654, vstest.console.dll, AssemblyResolver.OnResolve: Microsoft.VisualStudio.TestPlatform.Fakes: Searching in: 'C:\Program Files\dotnet\sdk\5.0.401\Extensions'.
TpTrace Information: 0 : 8516, 1, 2022/02/21, 18:20:12.047, 96089869397, vstest.console.dll, AssemblyResolver.OnResolve: Microsoft.VisualStudio.TestPlatform.Fakes: Assembly path does not exist: 'C:\Program Files\dotnet\sdk\5.0.401\Extensions\Microsoft.VisualStudio.TestPlatform.Fakes.dll', returning.
TpTrace Information: 0 : 8516, 1, 2022/02/21, 18:20:12.047, 96089869887, vstest.console.dll, AssemblyResolver.OnResolve: Microsoft.VisualStudio.TestPlatform.Fakes: Assembly path does not exist: 'C:\Program Files\dotnet\sdk\5.0.401\Extensions\Microsoft.VisualStudio.TestPlatform.Fakes.exe', returning.
TpTrace Information: 0 : 8516, 1, 2022/02/21, 18:20:12.047, 96089870113, vstest.console.dll, AssemblyResolver.OnResolve: Microsoft.VisualStudio.TestPlatform.Fakes: Searching in: 'C:\Program Files\dotnet\sdk\5.0.401'.
TpTrace Information: 0 : 8516, 1, 2022/02/21, 18:20:12.047, 96089870575, vstest.console.dll, AssemblyResolver.OnResolve: Microsoft.VisualStudio.TestPlatform.Fakes: Assembly path does not exist: 'C:\Program Files\dotnet\sdk\5.0.401\Microsoft.VisualStudio.TestPlatform.Fakes.dll', returning.
TpTrace Information: 0 : 8516, 1, 2022/02/21, 18:20:12.047, 96089871089, vstest.console.dll, AssemblyResolver.OnResolve: Microsoft.VisualStudio.TestPlatform.Fakes: Assembly path does not exist: 'C:\Program Files\dotnet\sdk\5.0.401\Microsoft.VisualStudio.TestPlatform.Fakes.exe', returning.
TpTrace Information: 0 : 8516, 1, 2022/02/21, 18:20:12.047, 96089871327, vstest.console.dll, AssemblyResolver.OnResolve: Microsoft.VisualStudio.TestPlatform.Fakes: Failed to load assembly.
TpTrace Information: 0 : 8516, 1, 2022/02/21, 18:20:12.048, 96089873560, vstest.console.dll, Failed to create newly implemented Fakes Configurator. Reason:System.IO.FileNotFoundException: Could not load file or assembly 'Microsoft.VisualStudio.TestPlatform.Fakes, Version=16.0.0.0, Culture=neutral, PublicKeyToken=null'. Impossibile trovare il file specificato.
File name: 'Microsoft.VisualStudio.TestPlatform.Fakes, Version=16.0.0.0, Culture=neutral, PublicKeyToken=null'
   at System.Reflection.RuntimeAssembly.InternalLoad(ObjectHandleOnStack assemblyName, ObjectHandleOnStack requestingAssembly, StackCrawlMarkHandle stackMark, Boolean throwOnFileNotFound, ObjectHandleOnStack assemblyLoadContext, ObjectHandleOnStack retAssembly)
   at System.Reflection.RuntimeAssembly.InternalLoad(AssemblyName assemblyName, RuntimeAssembly requestingAssembly, StackCrawlMark& stackMark, Boolean throwOnFileNotFound, AssemblyLoadContext assemblyLoadContext)
   at System.Reflection.Assembly.Load(AssemblyName assemblyRef)
   at Microsoft.VisualStudio.TestPlatform.Common.Utilities.FakesUtilities.TryGetFakesCrossPlatformDataCollectorConfigurator() 
TpTrace Verbose: 0 : 8516, 1, 2022/02/21, 18:20:12.050, 96089896213, vstest.console.dll, TestPluginCache.DiscoverTestExtensions: finding test extensions in assemblies ends with: TestLogger.dll TPluginInfo: Microsoft.VisualStudio.TestPlatform.Common.ExtensionFramework.Utilities.TestLoggerPluginInformation TExtension: Microsoft.VisualStudio.TestPlatform.ObjectModel.Client.ITestLogger
TpTrace Verbose: 0 : 8516, 1, 2022/02/21, 18:20:12.050, 96089896694, vstest.console.dll, TestPluginCache.GetExtensionPaths: Filtered extension paths: 
TpTrace Verbose: 0 : 8516, 1, 2022/02/21, 18:20:12.050, 96089896935, vstest.console.dll, TestPluginCache.GetExtensionPaths: Added default extension paths: C:\Program Files\dotnet\sdk\5.0.401\Extensions\Microsoft.Diagnostics.NETCore.Client.dll
C:\Program Files\dotnet\sdk\5.0.401\Extensions\Microsoft.TestPlatform.Extensions.BlameDataCollector.dll
C:\Program Files\dotnet\sdk\5.0.401\Extensions\Microsoft.TestPlatform.Extensions.EventLogCollector.dll
C:\Program Files\dotnet\sdk\5.0.401\Extensions\Microsoft.TestPlatform.TestHostRuntimeProvider.dll
C:\Program Files\dotnet\sdk\5.0.401\Extensions\Microsoft.VisualStudio.TestPlatform.Extensions.Html.TestLogger.dll
C:\Program Files\dotnet\sdk\5.0.401\Extensions\Microsoft.VisualStudio.TestPlatform.Extensions.Trx.TestLogger.dll
TpTrace Verbose: 0 : 8516, 1, 2022/02/21, 18:20:12.050, 96089897167, vstest.console.dll, TestPluginCache.GetExtensionPaths: Added unfilterableExtensionPaths: 
TpTrace Information: 0 : 8516, 1, 2022/02/21, 18:20:12.050, 96089898082, vstest.console.dll, AssemblyResolver.AddSearchDirectories: Adding more searchDirectories C:\Program Files\dotnet\sdk\5.0.401\Extensions,C:\Program Files\dotnet\sdk\5.0.401
TpTrace Verbose: 0 : 8516, 1, 2022/02/21, 18:20:12.050, 96089898380, vstest.console.dll, TestPluginCache.DiscoverTestExtensions: Discovering the extensions using extension path.
TpTrace Verbose: 0 : 8516, 1, 2022/02/21, 18:20:12.050, 96089898586, vstest.console.dll, TestPluginCache.GetExtensionPaths: Filtered extension paths: 
TpTrace Verbose: 0 : 8516, 1, 2022/02/21, 18:20:12.050, 96089898810, vstest.console.dll, TestPluginCache.GetExtensionPaths: Added default extension paths: C:\Program Files\dotnet\sdk\5.0.401\Extensions\Microsoft.Diagnostics.NETCore.Client.dll
C:\Program Files\dotnet\sdk\5.0.401\Extensions\Microsoft.TestPlatform.Extensions.BlameDataCollector.dll
C:\Program Files\dotnet\sdk\5.0.401\Extensions\Microsoft.TestPlatform.Extensions.EventLogCollector.dll
C:\Program Files\dotnet\sdk\5.0.401\Extensions\Microsoft.TestPlatform.TestHostRuntimeProvider.dll
C:\Program Files\dotnet\sdk\5.0.401\Extensions\Microsoft.VisualStudio.TestPlatform.Extensions.Html.TestLogger.dll
C:\Program Files\dotnet\sdk\5.0.401\Extensions\Microsoft.VisualStudio.TestPlatform.Extensions.Trx.TestLogger.dll
TpTrace Verbose: 0 : 8516, 1, 2022/02/21, 18:20:12.050, 96089899025, vstest.console.dll, TestPluginCache.GetExtensionPaths: Added unfilterableExtensionPaths: 
TpTrace Verbose: 0 : 8516, 1, 2022/02/21, 18:20:12.050, 96089899263, vstest.console.dll, TestPluginCache.DiscoverTestExtensions: Discovering the extensions using allExtensionPaths: C:\Program Files\dotnet\sdk\5.0.401\Extensions\Microsoft.Diagnostics.NETCore.Client.dll
C:\Program Files\dotnet\sdk\5.0.401\Extensions\Microsoft.TestPlatform.Extensions.BlameDataCollector.dll
C:\Program Files\dotnet\sdk\5.0.401\Extensions\Microsoft.TestPlatform.Extensions.EventLogCollector.dll
C:\Program Files\dotnet\sdk\5.0.401\Extensions\Microsoft.TestPlatform.TestHostRuntimeProvider.dll
C:\Program Files\dotnet\sdk\5.0.401\Extensions\Microsoft.VisualStudio.TestPlatform.Extensions.Html.TestLogger.dll
C:\Program Files\dotnet\sdk\5.0.401\Extensions\Microsoft.VisualStudio.TestPlatform.Extensions.Trx.TestLogger.dll
TpTrace Information: 0 : 8516, 1, 2022/02/21, 18:20:12.050, 96089899556, vstest.console.dll, AssemblyResolver.AddSearchDirectories: Adding more searchDirectories C:\Program Files\dotnet\sdk\5.0.401\Extensions,C:\Program Files\dotnet\sdk\5.0.401
TpTrace Information: 0 : 8516, 1, 2022/02/21, 18:20:12.050, 96089899831, vstest.console.dll, AssemblyResolver.AddSearchDirectories: Adding more searchDirectories C:\Program Files\dotnet\sdk\5.0.401\Extensions,C:\Program Files\dotnet\sdk\5.0.401
TpTrace Information: 0 : 8516, 1, 2022/02/21, 18:20:12.050, 96089900034, vstest.console.dll, AssemblyResolver.AddSearchDirectories: Adding more searchDirectories C:\Program Files\dotnet\sdk\5.0.401\Extensions,C:\Program Files\dotnet\sdk\5.0.401
TpTrace Information: 0 : 8516, 1, 2022/02/21, 18:20:12.050, 96089900231, vstest.console.dll, AssemblyResolver.AddSearchDirectories: Adding more searchDirectories C:\Program Files\dotnet\sdk\5.0.401\Extensions,C:\Program Files\dotnet\sdk\5.0.401
TpTrace Information: 0 : 8516, 1, 2022/02/21, 18:20:12.050, 96089900456, vstest.console.dll, AssemblyResolver.AddSearchDirectories: Adding more searchDirectories C:\Program Files\dotnet\sdk\5.0.401\Extensions,C:\Program Files\dotnet\sdk\5.0.401
TpTrace Information: 0 : 8516, 1, 2022/02/21, 18:20:12.050, 96089900652, vstest.console.dll, AssemblyResolver.AddSearchDirectories: Adding more searchDirectories C:\Program Files\dotnet\sdk\5.0.401\Extensions,C:\Program Files\dotnet\sdk\5.0.401
TpTrace Information: 0 : 8516, 1, 2022/02/21, 18:20:12.050, 96089902173, vstest.console.dll, AssemblyResolver.OnResolve: Microsoft.Bcl.AsyncInterfaces: Resolving assembly.
TpTrace Information: 0 : 8516, 1, 2022/02/21, 18:20:12.050, 96089902466, vstest.console.dll, AssemblyResolver.OnResolve: Microsoft.Bcl.AsyncInterfaces: Resolved from cache.
TpTrace Verbose: 0 : 8516, 1, 2022/02/21, 18:20:12.050, 96089902686, vstest.console.dll, CurrentDomainAssemblyResolve: Resolving assembly 'Microsoft.Bcl.AsyncInterfaces'.
TpTrace Information: 0 : 8516, 1, 2022/02/21, 18:20:12.051, 96089903033, vstest.console.dll, AssemblyResolver.OnResolve: Microsoft.Bcl.AsyncInterfaces: Resolving assembly.
TpTrace Information: 0 : 8516, 1, 2022/02/21, 18:20:12.051, 96089903244, vstest.console.dll, AssemblyResolver.OnResolve: Microsoft.Bcl.AsyncInterfaces: Resolved from cache.
TpTrace Verbose: 0 : 8516, 1, 2022/02/21, 18:20:12.051, 96089903442, vstest.console.dll, CurrentDomainAssemblyResolve: Resolving assembly 'Microsoft.Bcl.AsyncInterfaces'.
TpTrace Verbose: 0 : 8516, 1, 2022/02/21, 18:20:12.051, 96089903635, vstest.console.dll, CurrentDomainAssemblyResolve: Failed to resolve assembly 'Microsoft.Bcl.AsyncInterfaces'.
TpTrace Verbose: 0 : 8516, 1, 2022/02/21, 18:20:12.051, 96089904552, vstest.console.dll, CurrentDomainAssemblyResolve: Failed to resolve assembly 'Microsoft.Bcl.AsyncInterfaces'.
TpTrace Warning: 0 : 8516, 1, 2022/02/21, 18:20:12.051, 96089906271, vstest.console.dll, TestPluginDiscoverer: Failed to get types from assembly 'Microsoft.Diagnostics.NETCore.Client, Version=0.2.2.41902, Culture=neutral, PublicKeyToken=31bf3856ad364e35'.  Skipping test extension scan for this assembly.  Error: System.Reflection.ReflectionTypeLoadException: Unable to load one or more of the requested types.
Could not load file or assembly 'Microsoft.Bcl.AsyncInterfaces, Version=1.0.0.0, Culture=neutral, PublicKeyToken=cc7b13ffcd2ddd51'. Impossibile trovare il file specificato.
   at System.Reflection.RuntimeModule.GetTypes(RuntimeModule module)
   at System.Reflection.RuntimeModule.GetTypes()
   at System.Reflection.Assembly.GetTypes()
   at Microsoft.VisualStudio.TestPlatform.Common.ExtensionFramework.TestPluginDiscoverer.GetTestExtensionsFromAssembly[TPluginInfo,TExtension](Assembly assembly, Dictionary`2 pluginInfos)
System.IO.FileNotFoundException: Could not load file or assembly 'Microsoft.Bcl.AsyncInterfaces, Version=1.0.0.0, Culture=neutral, PublicKeyToken=cc7b13ffcd2ddd51'. Impossibile trovare il file specificato.
File name: 'Microsoft.Bcl.AsyncInterfaces, Version=1.0.0.0, Culture=neutral, PublicKeyToken=cc7b13ffcd2ddd51'
TpTrace Warning: 0 : 8516, 1, 2022/02/21, 18:20:12.051, 96089906612, vstest.console.dll, LoaderExceptions: System.IO.FileNotFoundException: Could not load file or assembly 'Microsoft.Bcl.AsyncInterfaces, Version=1.0.0.0, Culture=neutral, PublicKeyToken=cc7b13ffcd2ddd51'. Impossibile trovare il file specificato.
File name: 'Microsoft.Bcl.AsyncInterfaces, Version=1.0.0.0, Culture=neutral, PublicKeyToken=cc7b13ffcd2ddd51'
TpTrace Verbose: 0 : 8516, 1, 2022/02/21, 18:20:12.051, 96089908905, vstest.console.dll, TestPluginCache: Discovered the extensions using extension path ''.
TpTrace Verbose: 0 : 8516, 1, 2022/02/21, 18:20:12.051, 96089909183, vstest.console.dll, TestPluginCache: Discoverers are ''.
TpTrace Verbose: 0 : 8516, 1, 2022/02/21, 18:20:12.051, 96089909362, vstest.console.dll, TestPluginCache: Executors are ''.
TpTrace Verbose: 0 : 8516, 1, 2022/02/21, 18:20:12.051, 96089909527, vstest.console.dll, TestPluginCache: Executors2 are ''.
TpTrace Verbose: 0 : 8516, 1, 2022/02/21, 18:20:12.051, 96089909725, vstest.console.dll, TestPluginCache: Setting providers are ''.
TpTrace Verbose: 0 : 8516, 1, 2022/02/21, 18:20:12.051, 96089910142, vstest.console.dll, TestPluginCache: Loggers are 'logger://Microsoft/TestPlatform/Extensions/Blame/v1,logger://Microsoft/TestPlatform/HtmlLogger/v1,logger://Microsoft/TestPlatform/TrxLogger/v1'.
TpTrace Information: 0 : 8516, 1, 2022/02/21, 18:20:12.052, 96089914189, vstest.console.dll, TestPluginManager.CreateTestExtension: Attempting to load test extension: Microsoft.TestPlatform.Extensions.BlameDataCollector.BlameLogger
TpTrace Information: 0 : 8516, 1, 2022/02/21, 18:20:12.058, 96089977459, vstest.console.dll, TestPluginManager.CreateTestExtension: Attempting to load test extension: Microsoft.VisualStudio.TestPlatform.CrossPlatEngine.Hosting.DefaultTestHostManager
TpTrace Information: 0 : 8516, 1, 2022/02/21, 18:20:12.058, 96089979210, vstest.console.dll, TestPluginManager.CreateTestExtension: Attempting to load test extension: Microsoft.VisualStudio.TestPlatform.CrossPlatEngine.Hosting.DotnetTestHostManager
TpTrace Verbose: 0 : 8516, 1, 2022/02/21, 18:20:12.058, 96089982418, vstest.console.dll, TestEngine: Initializing Parallel Execution as MaxCpuCount is set to: 1
TpTrace Information: 0 : 8516, 1, 2022/02/21, 18:20:12.059, 96089985462, vstest.console.dll, InferRunSettingsHelper.IsTestSettingsEnabled: Unable to navigate to RunSettings/MSTest. Current node: RunSettings
TpTrace Verbose: 0 : 8516, 1, 2022/02/21, 18:20:12.066, 96090058426, vstest.console.dll, TestRequestSender is acting as server
TpTrace Verbose: 0 : 8516, 4, 2022/02/21, 18:20:12.068, 96090077440, vstest.console.dll, DataCollectionRequestSender.InitializeCommunication : Initialize communication. 
TpTrace Information: 0 : 8516, 4, 2022/02/21, 18:20:12.074, 96090136378, vstest.console.dll, Listening on Endpoint : 127.0.0.1:52188
TpTrace Verbose: 0 : 8516, 4, 2022/02/21, 18:20:12.081, 96090203075, vstest.console.dll, DotnetDataCollectionLauncher: Full path of dotnet.exe is C:\Program Files\dotnet\dotnet.exe
TpTrace Verbose: 0 : 8516, 4, 2022/02/21, 18:20:12.081, 96090204092, vstest.console.dll, DotnetDataCollectionLauncher: Adding  --runtimeconfig "C:\Program Files\dotnet\sdk\5.0.401\datacollector.runtimeconfig.json" in args
TpTrace Verbose: 0 : 8516, 4, 2022/02/21, 18:20:12.081, 96090204699, vstest.console.dll, DotnetDataCollectionLauncher: Adding  --depsfile "C:\Program Files\dotnet\sdk\5.0.401\datacollector.deps.json" in args
TpTrace Information: 0 : 8516, 4, 2022/02/21, 18:20:12.086, 96090259775, vstest.console.dll, ProxyDataCollectionManager.Initialize: Launched datacollector processId: 12884 port: 52188
TpTrace Information: 0 : 8516, 4, 2022/02/21, 18:20:12.086, 96090260889, vstest.console.dll, ProxyDataCollectionManager.Initialize: waiting for connection with timeout: 90 seconds
TpTrace Verbose: 0 : 8516, 4, 2022/02/21, 18:20:12.086, 96090261271, vstest.console.dll, DataCollectionRequestSender.WaitForRequestHandlerConnection : Waiting for connection with timeout: 90000
TpTrace Information: 0 : 8516, 7, 2022/02/21, 18:20:12.184, 96091236496, vstest.console.dll, Using the buffer size of 16384 bytes
TpTrace Information: 0 : 8516, 7, 2022/02/21, 18:20:12.184, 96091237057, vstest.console.dll, Accepted Client request and set the flag
TpTrace Verbose: 0 : 8516, 4, 2022/02/21, 18:20:12.184, 96091237177, vstest.console.dll, ProxyDataCollectionManager.InvokeDataCollectionServiceAction: Starting.
TpTrace Information: 0 : 8516, 4, 2022/02/21, 18:20:12.184, 96091237746, vstest.console.dll, ProxyDataCollectionManager.BeforeTestRunStart: Get environment variable and port for datacollector processId: 12884 port: 52188
TpTrace Verbose: 0 : 8516, 4, 2022/02/21, 18:20:12.184, 96091238408, vstest.console.dll, DataCollectionRequestSender.SendBeforeTestRunStartAndGetResult : Send BeforeTestRunStart message with settingsXml <RunSettings><RunConfiguration><ResultsDirectory>C:\Users\danil\Documents\GitHub\HeyTravel\HeyTravel\TestAPI\bin\Debug\net5.0\fine-code-coverage\coverage-tool-output</ResultsDirectory><TargetPlatform>X64</TargetPlatform><TargetFrameworkVersion>.NETCoreApp,Version=v5.0</TargetFrameworkVersion><DesignMode>False</DesignMode><CollectSourceInformation>False</CollectSourceInformation><TestAdaptersPaths>C:\Program Files\dotnet\sdk\5.0.401\Extensions</TestAdaptersPaths></RunConfiguration><LoggerRunSettings><Loggers><Logger friendlyName="blame" enabled="True" /><Logger friendlyName="Console" uri="logger://microsoft/TestPlatform/ConsoleLogger/v1" assemblyQualifiedName="Microsoft.VisualStudio.TestPlatform.CommandLine.Internal.ConsoleLogger, vstest.console, Version=15.0.0.0, Culture=neutral, PublicKeyToken=b03f5f7f11d50a3a" codeBase="C:\Program Files\dotnet\sdk\5.0.401\vstest.console.dll" enabled="True" /></Loggers></LoggerRunSettings><DataCollectionRunSettings><DataCollectors><DataCollector friendlyName="blame" enabled="True"><Configuration><ResultsDirectory>C:\Users\danil\Documents\GitHub\HeyTravel\HeyTravel\TestAPI\bin\Debug\net5.0\fine-code-coverage\coverage-tool-output</ResultsDirectory></Configuration></DataCollector></DataCollectors></DataCollectionRunSettings></RunSettings> and sources System.Linq.Enumerable+Concat2Iterator`1[System.String]: 
TpTrace Verbose: 0 : 8516, 4, 2022/02/21, 18:20:12.229, 96091688262, vstest.console.dll, DataCollectionRequestSender.SendBeforeTestRunStartAndGetResult : Received message: (DataCollection.SendMessage) -> {
  "FriendlyName": null,
  "Uri": null,
  "TestCaseId": "00000000-0000-0000-0000-000000000000",
  "Message": "Logging DataCollector Diagnostics in file: C:\\Users\\danil\\Documents\\GitHub\\HeyTravel\\HeyTravel\\TestAPI\\bin\\Debug\\net5.0\\fine-code-coverage\\coverage-tool-output\\diagnostics.datacollector.22-02-21_18-20-12_07833_4.log",
  "Level": 0
}
TpTrace Information: 0 : 8516, 4, 2022/02/21, 18:20:12.233, 96091725578, vstest.console.dll, AssemblyResolver.OnResolve: Microsoft.VisualStudio.TestPlatform.Common.resources: Resolving assembly.
TpTrace Information: 0 : 8516, 4, 2022/02/21, 18:20:12.233, 96091726178, vstest.console.dll, AssemblyResolver.OnResolve: Microsoft.VisualStudio.TestPlatform.Common.resources: Searching in: 'C:\Program Files\dotnet\sdk\5.0.401\Extensions'.
TpTrace Information: 0 : 8516, 4, 2022/02/21, 18:20:12.233, 96091726721, vstest.console.dll, AssemblyResolver.OnResolve: Microsoft.VisualStudio.TestPlatform.Common.resources: Assembly path does not exist: 'C:\Program Files\dotnet\sdk\5.0.401\Extensions\Microsoft.VisualStudio.TestPlatform.Common.resources.dll', returning.
TpTrace Information: 0 : 8516, 4, 2022/02/21, 18:20:12.233, 96091727209, vstest.console.dll, AssemblyResolver.OnResolve: Microsoft.VisualStudio.TestPlatform.Common.resources: Assembly path does not exist: 'C:\Program Files\dotnet\sdk\5.0.401\Extensions\Microsoft.VisualStudio.TestPlatform.Common.resources.exe', returning.
TpTrace Information: 0 : 8516, 4, 2022/02/21, 18:20:12.233, 96091727480, vstest.console.dll, AssemblyResolver.OnResolve: Microsoft.VisualStudio.TestPlatform.Common.resources: Searching in: 'C:\Program Files\dotnet\sdk\5.0.401'.
TpTrace Information: 0 : 8516, 4, 2022/02/21, 18:20:12.233, 96091727931, vstest.console.dll, AssemblyResolver.OnResolve: Microsoft.VisualStudio.TestPlatform.Common.resources: Assembly path does not exist: 'C:\Program Files\dotnet\sdk\5.0.401\Microsoft.VisualStudio.TestPlatform.Common.resources.dll', returning.
TpTrace Information: 0 : 8516, 4, 2022/02/21, 18:20:12.233, 96091728386, vstest.console.dll, AssemblyResolver.OnResolve: Microsoft.VisualStudio.TestPlatform.Common.resources: Assembly path does not exist: 'C:\Program Files\dotnet\sdk\5.0.401\Microsoft.VisualStudio.TestPlatform.Common.resources.exe', returning.
TpTrace Information: 0 : 8516, 4, 2022/02/21, 18:20:12.233, 96091728605, vstest.console.dll, AssemblyResolver.OnResolve: Microsoft.VisualStudio.TestPlatform.Common.resources: Failed to load assembly.
TpTrace Verbose: 0 : 8516, 4, 2022/02/21, 18:20:12.270, 96092094833, vstest.console.dll, DataCollectionRequestSender.SendBeforeTestRunStartAndGetResult : Received message: (DataCollection.BeforeTestRunStartResult) -> {
  "EnvironmentVariables": {},
  "DataCollectionEventsPort": 52190
}
TpTrace Information: 0 : 8516, 4, 2022/02/21, 18:20:12.272, 96092121202, vstest.console.dll, ProxyDataCollectionManager.BeforeTestRunStart: SendBeforeTestRunStartAndGetResult successful, env variable from datacollector:   and testhost port: 52190
TpTrace Information: 0 : 8516, 4, 2022/02/21, 18:20:12.272, 96092121701, vstest.console.dll, ProxyDataCollectionManager.InvokeDataCollectionServiceAction: Completed.
TpTrace Verbose: 0 : 8516, 1, 2022/02/21, 18:20:12.272, 96092122503, vstest.console.dll, TestRunRequest.ExecuteAsync: Creating test run request.
TpTrace Verbose: 0 : 8516, 1, 2022/02/21, 18:20:12.273, 96092124057, vstest.console.dll, TestRunRequest.ExecuteAsync: Starting.
TpTrace Information: 0 : 8516, 1, 2022/02/21, 18:20:12.273, 96092125802, vstest.console.dll, TestRunRequest.ExecuteAsync: Starting run with settings:TestRunCriteria:
   KeepAlive=False,FrequencyOfRunStatsChangeEvent=10,RunStatsChangeEventTimeout=00:00:01.5000000,TestCaseFilter=,TestExecutorLauncher=
   Settingsxml=<RunSettings>
  <RunConfiguration>
    <ResultsDirectory>C:\Users\danil\Documents\GitHub\HeyTravel\HeyTravel\TestAPI\bin\Debug\net5.0\fine-code-coverage\coverage-tool-output</ResultsDirectory>
    <TargetPlatform>X64</TargetPlatform>
    <TargetFrameworkVersion>.NETCoreApp,Version=v5.0</TargetFrameworkVersion>
    <DesignMode>False</DesignMode>
    <CollectSourceInformation>False</CollectSourceInformation>
  </RunConfiguration>
  <LoggerRunSettings>
    <Loggers>
      <Logger friendlyName="blame" enabled="True" />
      <Logger friendlyName="Console" uri="logger://microsoft/TestPlatform/ConsoleLogger/v1" assemblyQualifiedName="Microsoft.VisualStudio.TestPlatform.CommandLine.Internal.ConsoleLogger, vstest.console, Version=15.0.0.0, Culture=neutral, PublicKeyToken=b03f5f7f11d50a3a" codeBase="C:\Program Files\dotnet\sdk\5.0.401\vstest.console.dll" enabled="True" />
    </Loggers>
  </LoggerRunSettings>
  <DataCollectionRunSettings>
    <DataCollectors>
      <DataCollector friendlyName="blame" enabled="True">
        <Configuration>
          <ResultsDirectory>C:\Users\danil\Documents\GitHub\HeyTravel\HeyTravel\TestAPI\bin\Debug\net5.0\fine-code-coverage\coverage-tool-output</ResultsDirectory>
        </Configuration>
      </DataCollector>
    </DataCollectors>
  </DataCollectionRunSettings>
</RunSettings>

TpTrace Verbose: 0 : 8516, 1, 2022/02/21, 18:20:12.273, 96092126514, vstest.console.dll, TestRunRequest.ExecuteAsync: Wait for the first run request is over.
TpTrace Verbose: 0 : 8516, 1, 2022/02/21, 18:20:12.273, 96092129040, vstest.console.dll, ParallelProxyExecutionManager: Start execution. Total sources: 1
TpTrace Information: 0 : 8516, 1, 2022/02/21, 18:20:12.274, 96092133556, vstest.console.dll, ProxyParallelExecutionManager: Triggering test run for next source: C:\Users\danil\Documents\GitHub\HeyTravel\HeyTravel\TestAPI\bin\Debug\net5.0\fine-code-coverage\build-output\TestAPI.dll
TpTrace Verbose: 0 : 8516, 6, 2022/02/21, 18:20:12.274, 96092134637, vstest.console.dll, ParallelProxyExecutionManager: Execution started. Started clients: 1
TpTrace Verbose: 0 : 8516, 1, 2022/02/21, 18:20:12.274, 96092135158, vstest.console.dll, ProxyParallelExecutionManager: No sources available for execution.
TpTrace Information: 0 : 8516, 1, 2022/02/21, 18:20:12.274, 96092135517, vstest.console.dll, TestRunRequest.ExecuteAsync: Started.
TpTrace Verbose: 0 : 8516, 1, 2022/02/21, 18:20:12.274, 96092135935, vstest.console.dll, TestRunRequest.WaitForCompletion: Waiting with timeout -1.
TpTrace Verbose: 0 : 8516, 6, 2022/02/21, 18:20:12.274, 96092136447, vstest.console.dll, TestRunRequest:SendTestRunMessage: Starting.
TpTrace Information: 0 : 8516, 6, 2022/02/21, 18:20:12.274, 96092137112, vstest.console.dll, TestRunRequest:SendTestRunMessage: Completed.
TpTrace Verbose: 0 : 8516, 6, 2022/02/21, 18:20:12.274, 96092138373, vstest.console.dll, ProxyExecutionManager: Test host is always Lazy initialize.
TpTrace Verbose: 0 : 8516, 6, 2022/02/21, 18:20:12.274, 96092139868, vstest.console.dll, TestRequestSender.InitializeCommunication: initialize communication. 
TpTrace Information: 0 : 8516, 6, 2022/02/21, 18:20:12.274, 96092142938, vstest.console.dll, SocketServer.Start: Listening on endpoint : 127.0.0.1:52191
TpTrace Verbose: 0 : 8516, 6, 2022/02/21, 18:20:12.275, 96092147188, vstest.console.dll, DotnetTestHostmanager: Adding  --runtimeconfig "C:\Users\danil\Documents\GitHub\HeyTravel\HeyTravel\TestAPI\bin\Debug\net5.0\fine-code-coverage\build-output\TestAPI.runtimeconfig.json" in args
TpTrace Verbose: 0 : 8516, 6, 2022/02/21, 18:20:12.275, 96092147874, vstest.console.dll, DotnetTestHostmanager: Adding  --depsfile "C:\Users\danil\Documents\GitHub\HeyTravel\HeyTravel\TestAPI\bin\Debug\net5.0\fine-code-coverage\build-output\TestAPI.deps.json" in args
TpTrace Verbose: 0 : 8516, 6, 2022/02/21, 18:20:12.275, 96092149225, vstest.console.dll, DotnetTestHostManager: Testhost.exe/testhost.x86.exe found at path: C:\Users\danil\Documents\GitHub\HeyTravel\HeyTravel\TestAPI\bin\Debug\net5.0\fine-code-coverage\build-output\testhost.exe
TpTrace Verbose: 0 : 8516, 6, 2022/02/21, 18:20:12.275, 96092149547, vstest.console.dll, DotnetTestHostmanager: Full path of host exe is C:\Users\danil\Documents\GitHub\HeyTravel\HeyTravel\TestAPI\bin\Debug\net5.0\fine-code-coverage\build-output\testhost.exe
TpTrace Verbose: 0 : 8516, 4, 2022/02/21, 18:20:12.276, 96092155438, vstest.console.dll, DotnetTestHostManager: Starting process 'C:\Users\danil\Documents\GitHub\HeyTravel\HeyTravel\TestAPI\bin\Debug\net5.0\fine-code-coverage\build-output\testhost.exe' with command line ' --runtimeconfig "C:\Users\danil\Documents\GitHub\HeyTravel\HeyTravel\TestAPI\bin\Debug\net5.0\fine-code-coverage\build-output\TestAPI.runtimeconfig.json" --depsfile "C:\Users\danil\Documents\GitHub\HeyTravel\HeyTravel\TestAPI\bin\Debug\net5.0\fine-code-coverage\build-output\TestAPI.deps.json" --port 52191 --endpoint 127.0.0.1:052191 --role client --parentprocessid 8516 --diag "C:\Users\danil\Documents\GitHub\HeyTravel\HeyTravel\TestAPI\bin\Debug\net5.0\fine-code-coverage\coverage-tool-output\diagnostics.host.22-02-21_18-20-12_27518_6.log" --tracelevel 4 --datacollectionport 52190 --telemetryoptedin false'
TpTrace Verbose: 0 : 8516, 4, 2022/02/21, 18:20:12.279, 96092183044, vstest.console.dll, Test Runtime launched
TpTrace Verbose: 0 : 8516, 6, 2022/02/21, 18:20:12.279, 96092187613, vstest.console.dll, TestRequestSender.WaitForRequestHandlerConnection: waiting for connection with timeout: 90000
TpTrace Verbose: 0 : 8516, 4, 2022/02/21, 18:20:12.406, 96093461707, vstest.console.dll, SocketServer.OnClientConnected: Client connected for endPoint: 127.0.0.1:52191, starting MessageLoopAsync:
TpTrace Verbose: 0 : 8516, 4, 2022/02/21, 18:20:12.407, 96093463535, vstest.console.dll, TcpClientExtensions.MessageLoopAsync: Polling on remoteEndPoint: 127.0.0.1:52192 localEndPoint: 127.0.0.1:52191
TpTrace Verbose: 0 : 8516, 4, 2022/02/21, 18:20:12.506, 96094455074, vstest.console.dll, TcpClientExtensions.MessageLoopAsync: NotifyDataAvailable remoteEndPoint: 127.0.0.1:52192 localEndPoint: 127.0.0.1:52191
TpTrace Verbose: 0 : 8516, 4, 2022/02/21, 18:20:12.506, 96094456455, vstest.console.dll, TestRequestSender.CheckVersionWithTestHost: onMessageReceived received message: (ProtocolVersion) -> 5
TpTrace Verbose: 0 : 8516, 4, 2022/02/21, 18:20:12.506, 96094458715, vstest.console.dll, TcpClientExtensions.MessageLoopAsync: Polling on remoteEndPoint: 127.0.0.1:52192 localEndPoint: 127.0.0.1:52191
TpTrace Verbose: 0 : 8516, 6, 2022/02/21, 18:20:12.506, 96094459497, vstest.console.dll, TestPluginCache.GetExtensionPaths: Filtered extension paths: 
TpTrace Verbose: 0 : 8516, 6, 2022/02/21, 18:20:12.506, 96094459869, vstest.console.dll, TestPluginCache.GetExtensionPaths: Added default extension paths: C:\Program Files\dotnet\sdk\5.0.401\Extensions\Microsoft.Diagnostics.NETCore.Client.dll
C:\Program Files\dotnet\sdk\5.0.401\Extensions\Microsoft.TestPlatform.Extensions.BlameDataCollector.dll
C:\Program Files\dotnet\sdk\5.0.401\Extensions\Microsoft.TestPlatform.Extensions.EventLogCollector.dll
C:\Program Files\dotnet\sdk\5.0.401\Extensions\Microsoft.TestPlatform.TestHostRuntimeProvider.dll
C:\Program Files\dotnet\sdk\5.0.401\Extensions\Microsoft.VisualStudio.TestPlatform.Extensions.Html.TestLogger.dll
C:\Program Files\dotnet\sdk\5.0.401\Extensions\Microsoft.VisualStudio.TestPlatform.Extensions.Trx.TestLogger.dll
TpTrace Verbose: 0 : 8516, 6, 2022/02/21, 18:20:12.506, 96094460131, vstest.console.dll, TestPluginCache.GetExtensionPaths: Added unfilterableExtensionPaths: 
TpTrace Verbose: 0 : 8516, 6, 2022/02/21, 18:20:12.508, 96094479719, vstest.console.dll, TestRequestSender.InitializeExecution: Sending initializing execution with message: {"Version":5,"MessageType":"TestExecution.Initialize","Payload":["C:\\Users\\danil\\Documents\\GitHub\\HeyTravel\\HeyTravel\\TestAPI\\bin\\Debug\\net5.0\\fine-code-coverage\\build-output\\xunit.runner.visualstudio.dotnetcore.testadapter.dll"]}
TpTrace Verbose: 0 : 8516, 6, 2022/02/21, 18:20:12.513, 96094525336, vstest.console.dll, TestRequestSender.StartTestRun: Sending test run with message: {"Version":5,"MessageType":"TestExecution.StartWithSources","Payload":{"AdapterSourceMap":{"_none_":["C:\\Users\\danil\\Documents\\GitHub\\HeyTravel\\HeyTravel\\TestAPI\\bin\\Debug\\net5.0\\fine-code-coverage\\build-output\\TestAPI.dll"]},"RunSettings":"<RunSettings>\r\n  <RunConfiguration>\r\n    <ResultsDirectory>C:\\Users\\danil\\Documents\\GitHub\\HeyTravel\\HeyTravel\\TestAPI\\bin\\Debug\\net5.0\\fine-code-coverage\\coverage-tool-output</ResultsDirectory>\r\n    <TargetPlatform>X64</TargetPlatform>\r\n    <TargetFrameworkVersion>.NETCoreApp,Version=v5.0</TargetFrameworkVersion>\r\n    <DesignMode>False</DesignMode>\r\n    <CollectSourceInformation>False</CollectSourceInformation>\r\n  </RunConfiguration>\r\n  <LoggerRunSettings>\r\n    <Loggers>\r\n      <Logger friendlyName=\"blame\" enabled=\"True\" />\r\n      <Logger friendlyName=\"Console\" uri=\"logger://microsoft/TestPlatform/ConsoleLogger/v1\" assemblyQualifiedName=\"Microsoft.VisualStudio.TestPlatform.CommandLine.Internal.ConsoleLogger, vstest.console, Version=15.0.0.0, Culture=neutral, PublicKeyToken=b03f5f7f11d50a3a\" codeBase=\"C:\\Program Files\\dotnet\\sdk\\5.0.401\\vstest.console.dll\" enabled=\"True\" />\r\n    </Loggers>\r\n  </LoggerRunSettings>\r\n  <DataCollectionRunSettings>\r\n    <DataCollectors>\r\n      <DataCollector friendlyName=\"blame\" enabled=\"True\">\r\n        <Configuration>\r\n          <ResultsDirectory>C:\\Users\\danil\\Documents\\GitHub\\HeyTravel\\HeyTravel\\TestAPI\\bin\\Debug\\net5.0\\fine-code-coverage\\coverage-tool-output</ResultsDirectory>\r\n        </Configuration>\r\n      </DataCollector>\r\n    </DataCollectors>\r\n  </DataCollectionRunSettings>\r\n</RunSettings>","TestExecutionContext":{"FrequencyOfRunStatsChangeEvent":10,"RunStatsChangeEventTimeout":"00:00:01.5000000","InIsolation":false,"KeepAlive":false,"AreTestCaseLevelEventsRequired":false,"IsDebug":false,"TestCaseFilter":null,"FilterOptions":null},"Package":null}}
TpTrace Verbose: 0 : 8516, 4, 2022/02/21, 18:20:12.514, 96094538969, vstest.console.dll, TcpClientExtensions.MessageLoopAsync: NotifyDataAvailable remoteEndPoint: 127.0.0.1:52192 localEndPoint: 127.0.0.1:52191
TpTrace Verbose: 0 : 8516, 4, 2022/02/21, 18:20:12.514, 96094539648, vstest.console.dll, TestRequestSender.OnExecutionMessageReceived: Received message: {"Version":5,"MessageType":"TestSession.Message","Payload":{"MessageLevel":0,"Message":"Registrazione della diagnostica di TestHost nel file: C:\\Users\\danil\\Documents\\GitHub\\HeyTravel\\HeyTravel\\TestAPI\\bin\\Debug\\net5.0\\fine-code-coverage\\coverage-tool-output\\diagnostics.host.22-02-21_18-20-12_27518_6.log"}}
TpTrace Verbose: 0 : 8516, 4, 2022/02/21, 18:20:12.515, 96094550753, vstest.console.dll, TestRunRequest:SendTestRunMessage: Starting.
TpTrace Information: 0 : 8516, 4, 2022/02/21, 18:20:12.515, 96094551247, vstest.console.dll, TestRunRequest:SendTestRunMessage: Completed.
TpTrace Verbose: 0 : 8516, 4, 2022/02/21, 18:20:12.515, 96094551489, vstest.console.dll, TcpClientExtensions.MessageLoopAsync: Polling on remoteEndPoint: 127.0.0.1:52192 localEndPoint: 127.0.0.1:52191
TpTrace Verbose: 0 : 8516, 4, 2022/02/21, 18:20:12.615, 96095547676, vstest.console.dll, TcpClientExtensions.MessageLoopAsync: NotifyDataAvailable remoteEndPoint: 127.0.0.1:52192 localEndPoint: 127.0.0.1:52191
TpTrace Verbose: 0 : 8516, 4, 2022/02/21, 18:20:12.615, 96095548410, vstest.console.dll, TestRequestSender.OnExecutionMessageReceived: Received message: {"Version":5,"MessageType":"TestSession.Message","Payload":{"MessageLevel":0,"Message":"[xUnit.net 00:00:00.00] xUnit.net VSTest Adapter v2.4.3+1b45f5407b (64-bit .NET 5.0.10)"}}
TpTrace Verbose: 0 : 8516, 4, 2022/02/21, 18:20:12.615, 96095550034, vstest.console.dll, TestRunRequest:SendTestRunMessage: Starting.
TpTrace Information: 0 : 8516, 4, 2022/02/21, 18:20:12.615, 96095550739, vstest.console.dll, TestRunRequest:SendTestRunMessage: Completed.
TpTrace Verbose: 0 : 8516, 4, 2022/02/21, 18:20:12.615, 96095551186, vstest.console.dll, TcpClientExtensions.MessageLoopAsync: Polling on remoteEndPoint: 127.0.0.1:52192 localEndPoint: 127.0.0.1:52191
TpTrace Verbose: 0 : 8516, 4, 2022/02/21, 18:20:13.378, 96103178368, vstest.console.dll, TcpClientExtensions.MessageLoopAsync: NotifyDataAvailable remoteEndPoint: 127.0.0.1:52192 localEndPoint: 127.0.0.1:52191
TpTrace Verbose: 0 : 8516, 4, 2022/02/21, 18:20:13.378, 96103179234, vstest.console.dll, TestRequestSender.OnExecutionMessageReceived: Received message: {"Version":5,"MessageType":"TestSession.Message","Payload":{"MessageLevel":0,"Message":"[xUnit.net 00:00:00.76]   Discovering: TestAPI"}}
TpTrace Verbose: 0 : 8516, 4, 2022/02/21, 18:20:13.378, 96103181092, vstest.console.dll, TestRunRequest:SendTestRunMessage: Starting.
TpTrace Information: 0 : 8516, 4, 2022/02/21, 18:20:13.378, 96103181521, vstest.console.dll, TestRunRequest:SendTestRunMessage: Completed.
TpTrace Verbose: 0 : 8516, 4, 2022/02/21, 18:20:13.378, 96103181779, vstest.console.dll, TcpClientExtensions.MessageLoopAsync: Polling on remoteEndPoint: 127.0.0.1:52192 localEndPoint: 127.0.0.1:52191
TpTrace Verbose: 0 : 8516, 4, 2022/02/21, 18:20:13.404, 96103436221, vstest.console.dll, TcpClientExtensions.MessageLoopAsync: NotifyDataAvailable remoteEndPoint: 127.0.0.1:52192 localEndPoint: 127.0.0.1:52191
TpTrace Verbose: 0 : 8516, 4, 2022/02/21, 18:20:13.404, 96103437071, vstest.console.dll, TestRequestSender.OnExecutionMessageReceived: Received message: {"Version":5,"MessageType":"TestSession.Message","Payload":{"MessageLevel":0,"Message":"[xUnit.net 00:00:00.79]   Discovered:  TestAPI"}}
TpTrace Verbose: 0 : 8516, 4, 2022/02/21, 18:20:13.404, 96103438618, vstest.console.dll, TestRunRequest:SendTestRunMessage: Starting.
TpTrace Information: 0 : 8516, 4, 2022/02/21, 18:20:13.404, 96103439058, vstest.console.dll, TestRunRequest:SendTestRunMessage: Completed.
TpTrace Verbose: 0 : 8516, 4, 2022/02/21, 18:20:13.404, 96103439334, vstest.console.dll, TcpClientExtensions.MessageLoopAsync: Polling on remoteEndPoint: 127.0.0.1:52192 localEndPoint: 127.0.0.1:52191
TpTrace Verbose: 0 : 8516, 4, 2022/02/21, 18:20:13.406, 96103455028, vstest.console.dll, TcpClientExtensions.MessageLoopAsync: NotifyDataAvailable remoteEndPoint: 127.0.0.1:52192 localEndPoint: 127.0.0.1:52191
TpTrace Verbose: 0 : 8516, 4, 2022/02/21, 18:20:13.406, 96103455745, vstest.console.dll, TestRequestSender.OnExecutionMessageReceived: Received message: {"Version":5,"MessageType":"TestSession.Message","Payload":{"MessageLevel":0,"Message":"[xUnit.net 00:00:00.79]   Starting:    TestAPI"}}
TpTrace Verbose: 0 : 8516, 4, 2022/02/21, 18:20:13.406, 96103457009, vstest.console.dll, TestRunRequest:SendTestRunMessage: Starting.
TpTrace Information: 0 : 8516, 4, 2022/02/21, 18:20:13.406, 96103457388, vstest.console.dll, TestRunRequest:SendTestRunMessage: Completed.
TpTrace Verbose: 0 : 8516, 4, 2022/02/21, 18:20:13.406, 96103457637, vstest.console.dll, TcpClientExtensions.MessageLoopAsync: Polling on remoteEndPoint: 127.0.0.1:52192 localEndPoint: 127.0.0.1:52191
TpTrace Verbose: 0 : 8516, 4, 2022/02/21, 18:20:14.096, 96110356198, vstest.console.dll, TcpClientExtensions.MessageLoopAsync: NotifyDataAvailable remoteEndPoint: 127.0.0.1:52192 localEndPoint: 127.0.0.1:52191
TpTrace Verbose: 0 : 8516, 4, 2022/02/21, 18:20:14.096, 96110357450, vstest.console.dll, TestRequestSender.OnExecutionMessageReceived: Received message: {"Version":5,"MessageType":"TestExecution.StatsChange","Payload":{"NewTestResults":[],"TestRunStatistics":{"ExecutedTests":0,"Stats":{}},"ActiveTests":[{"Id":"df45aebd-87fb-28ef-0f64-a5cfb83601f7","FullyQualifiedName":"TestAPI.ScrapingUnitTest.TestCasi","DisplayName":"TestAPI.ScrapingUnitTest.TestCasi","ExecutorUri":"executor://xunit/VsTestRunner2/netcoreapp","Source":"C:\\Users\\danil\\Documents\\GitHub\\HeyTravel\\HeyTravel\\TestAPI\\bin\\Debug\\net5.0\\fine-code-coverage\\build-output\\TestAPI.dll","CodeFilePath":null,"LineNumber":0,"Properties":[]}]}}
TpTrace Verbose: 0 : 8516, 4, 2022/02/21, 18:20:14.110, 96110496692, vstest.console.dll, TestRunRequest:SendTestRunStatsChange: Starting.
TpTrace Verbose: 0 : 8516, 4, 2022/02/21, 18:20:14.110, 96110497753, vstest.console.dll, InProgress is TestAPI.ScrapingUnitTest.TestCasi
TpTrace Information: 0 : 8516, 4, 2022/02/21, 18:20:14.110, 96110498352, vstest.console.dll, TestRunRequest:SendTestRunStatsChange: Completed.
TpTrace Verbose: 0 : 8516, 4, 2022/02/21, 18:20:14.110, 96110498639, vstest.console.dll, TcpClientExtensions.MessageLoopAsync: Polling on remoteEndPoint: 127.0.0.1:52192 localEndPoint: 127.0.0.1:52191
TpTrace Verbose: 0 : 8516, 4, 2022/02/21, 18:20:14.557, 96114966122, vstest.console.dll, TcpClientExtensions.MessageLoopAsync: NotifyDataAvailable remoteEndPoint: 127.0.0.1:52192 localEndPoint: 127.0.0.1:52191
TpTrace Verbose: 0 : 8516, 4, 2022/02/21, 18:20:14.557, 96114966952, vstest.console.dll, TestRequestSender.OnExecutionMessageReceived: Received message: {"Version":5,"MessageType":"TestSession.Message","Payload":{"MessageLevel":2,"Message":"[xUnit.net 00:00:01.94]     TestAPI.ScrapingUnitTest.TestCasi [FAIL]"}}
TpTrace Verbose: 0 : 8516, 4, 2022/02/21, 18:20:14.557, 96114968182, vstest.console.dll, TestRunRequest:SendTestRunMessage: Starting.
TpTrace Information: 0 : 8516, 4, 2022/02/21, 18:20:14.557, 96114968815, vstest.console.dll, TestRunRequest:SendTestRunMessage: Completed.
TpTrace Verbose: 0 : 8516, 4, 2022/02/21, 18:20:14.557, 96114969182, vstest.console.dll, TcpClientExtensions.MessageLoopAsync: Polling on remoteEndPoint: 127.0.0.1:52192 localEndPoint: 127.0.0.1:52191
TpTrace Verbose: 0 : 8516, 4, 2022/02/21, 18:20:14.557, 96114972728, vstest.console.dll, TcpClientExtensions.MessageLoopAsync: NotifyDataAvailable remoteEndPoint: 127.0.0.1:52192 localEndPoint: 127.0.0.1:52191
TpTrace Verbose: 0 : 8516, 4, 2022/02/21, 18:20:14.558, 96114973221, vstest.console.dll, TestRequestSender.OnExecutionMessageReceived: Received message: {"Version":5,"MessageType":"TestSession.Message","Payload":{"MessageLevel":0,"Message":"[xUnit.net 00:00:01.94]       System.IO.FileNotFoundException : Could not find file 'C:\\Users\\danil\\Documents\\GitHub\\HeyTravel\\HeyTravel\\TestAPI\\bin\\API\\wwwroot\\csv\\stati.csv'."}}
TpTrace Verbose: 0 : 8516, 4, 2022/02/21, 18:20:14.558, 96114974391, vstest.console.dll, TestRunRequest:SendTestRunMessage: Starting.
TpTrace Information: 0 : 8516, 4, 2022/02/21, 18:20:14.558, 96114974733, vstest.console.dll, TestRunRequest:SendTestRunMessage: Completed.
TpTrace Verbose: 0 : 8516, 4, 2022/02/21, 18:20:14.558, 96114975072, vstest.console.dll, TcpClientExtensions.MessageLoopAsync: Polling on remoteEndPoint: 127.0.0.1:52192 localEndPoint: 127.0.0.1:52191
TpTrace Verbose: 0 : 8516, 4, 2022/02/21, 18:20:14.558, 96114977637, vstest.console.dll, TcpClientExtensions.MessageLoopAsync: NotifyDataAvailable remoteEndPoint: 127.0.0.1:52192 localEndPoint: 127.0.0.1:52191
TpTrace Verbose: 0 : 8516, 4, 2022/02/21, 18:20:14.558, 96114978109, vstest.console.dll, TestRequestSender.OnExecutionMessageReceived: Received message: {"Version":5,"MessageType":"TestSession.Message","Payload":{"MessageLevel":0,"Message":"[xUnit.net 00:00:01.94]       Stack Trace:"}}
TpTrace Verbose: 0 : 8516, 4, 2022/02/21, 18:20:14.558, 96114978695, vstest.console.dll, TestRunRequest:SendTestRunMessage: Starting.
TpTrace Information: 0 : 8516, 4, 2022/02/21, 18:20:14.558, 96114978985, vstest.console.dll, TestRunRequest:SendTestRunMessage: Completed.
TpTrace Verbose: 0 : 8516, 4, 2022/02/21, 18:20:14.558, 96114979194, vstest.console.dll, TcpClientExtensions.MessageLoopAsync: Polling on remoteEndPoint: 127.0.0.1:52192 localEndPoint: 127.0.0.1:52191
TpTrace Verbose: 0 : 8516, 4, 2022/02/21, 18:20:14.559, 96114989246, vstest.console.dll, TcpClientExtensions.MessageLoopAsync: NotifyDataAvailable remoteEndPoint: 127.0.0.1:52192 localEndPoint: 127.0.0.1:52191
TpTrace Verbose: 0 : 8516, 4, 2022/02/21, 18:20:14.559, 96114989705, vstest.console.dll, TestRequestSender.OnExecutionMessageReceived: Received message: {"Version":5,"MessageType":"TestSession.Message","Payload":{"MessageLevel":0,"Message":"[xUnit.net 00:00:01.95]            at Microsoft.VisualBasic.FileIO.TextFieldParser.ValidatePath(String path)"}}
TpTrace Verbose: 0 : 8516, 4, 2022/02/21, 18:20:14.559, 96114990304, vstest.console.dll, TestRunRequest:SendTestRunMessage: Starting.
TpTrace Information: 0 : 8516, 4, 2022/02/21, 18:20:14.559, 96114990739, vstest.console.dll, TestRunRequest:SendTestRunMessage: Completed.
TpTrace Verbose: 0 : 8516, 4, 2022/02/21, 18:20:14.559, 96114990956, vstest.console.dll, TcpClientExtensions.MessageLoopAsync: Polling on remoteEndPoint: 127.0.0.1:52192 localEndPoint: 127.0.0.1:52191
TpTrace Verbose: 0 : 8516, 4, 2022/02/21, 18:20:14.559, 96114991192, vstest.console.dll, TcpClientExtensions.MessageLoopAsync: NotifyDataAvailable remoteEndPoint: 127.0.0.1:52192 localEndPoint: 127.0.0.1:52191
TpTrace Verbose: 0 : 8516, 4, 2022/02/21, 18:20:14.559, 96114991485, vstest.console.dll, TestRequestSender.OnExecutionMessageReceived: Received message: {"Version":5,"MessageType":"TestSession.Message","Payload":{"MessageLevel":0,"Message":"[xUnit.net 00:00:01.95]            at Microsoft.VisualBasic.FileIO.TextFieldParser.InitializeFromPath(String path, Encoding defaultEncoding, Boolean detectEncoding)"}}
TpTrace Verbose: 0 : 8516, 4, 2022/02/21, 18:20:14.559, 96114991973, vstest.console.dll, TestRunRequest:SendTestRunMessage: Starting.
TpTrace Information: 0 : 8516, 4, 2022/02/21, 18:20:14.559, 96114992281, vstest.console.dll, TestRunRequest:SendTestRunMessage: Completed.
TpTrace Verbose: 0 : 8516, 4, 2022/02/21, 18:20:14.559, 96114992494, vstest.console.dll, TcpClientExtensions.MessageLoopAsync: Polling on remoteEndPoint: 127.0.0.1:52192 localEndPoint: 127.0.0.1:52191
TpTrace Verbose: 0 : 8516, 4, 2022/02/21, 18:20:14.559, 96114992699, vstest.console.dll, TcpClientExtensions.MessageLoopAsync: NotifyDataAvailable remoteEndPoint: 127.0.0.1:52192 localEndPoint: 127.0.0.1:52191
TpTrace Verbose: 0 : 8516, 4, 2022/02/21, 18:20:14.559, 96114992957, vstest.console.dll, TestRequestSender.OnExecutionMessageReceived: Received message: {"Version":5,"MessageType":"TestSession.Message","Payload":{"MessageLevel":0,"Message":"[xUnit.net 00:00:01.95]            at Microsoft.VisualBasic.FileIO.TextFieldParser..ctor(String path)"}}
TpTrace Verbose: 0 : 8516, 4, 2022/02/21, 18:20:14.560, 96114993506, vstest.console.dll, TestRunRequest:SendTestRunMessage: Starting.
TpTrace Information: 0 : 8516, 4, 2022/02/21, 18:20:14.560, 96114993789, vstest.console.dll, TestRunRequest:SendTestRunMessage: Completed.
TpTrace Verbose: 0 : 8516, 4, 2022/02/21, 18:20:14.560, 96114994063, vstest.console.dll, TcpClientExtensions.MessageLoopAsync: Polling on remoteEndPoint: 127.0.0.1:52192 localEndPoint: 127.0.0.1:52191
TpTrace Verbose: 0 : 8516, 4, 2022/02/21, 18:20:14.560, 96114994280, vstest.console.dll, TcpClientExtensions.MessageLoopAsync: NotifyDataAvailable remoteEndPoint: 127.0.0.1:52192 localEndPoint: 127.0.0.1:52191
TpTrace Verbose: 0 : 8516, 4, 2022/02/21, 18:20:14.560, 96114994563, vstest.console.dll, TestRequestSender.OnExecutionMessageReceived: Received message: {"Version":5,"MessageType":"TestSession.Message","Payload":{"MessageLevel":0,"Message":"[xUnit.net 00:00:01.95]         C:\\Users\\danil\\Documents\\GitHub\\HeyTravel\\HeyTravel\\API\\Functions\\ScrapingRepository.cs(121,0): at API.Functions.ScrapingRepository.CountryTranslate(String stato, String lingua, String percorso)"}}
TpTrace Verbose: 0 : 8516, 4, 2022/02/21, 18:20:14.560, 96114995059, vstest.console.dll, TestRunRequest:SendTestRunMessage: Starting.
TpTrace Information: 0 : 8516, 4, 2022/02/21, 18:20:14.560, 96114995331, vstest.console.dll, TestRunRequest:SendTestRunMessage: Completed.
TpTrace Verbose: 0 : 8516, 4, 2022/02/21, 18:20:14.560, 96114995526, vstest.console.dll, TcpClientExtensions.MessageLoopAsync: Polling on remoteEndPoint: 127.0.0.1:52192 localEndPoint: 127.0.0.1:52191
TpTrace Verbose: 0 : 8516, 4, 2022/02/21, 18:20:14.560, 96114995722, vstest.console.dll, TcpClientExtensions.MessageLoopAsync: NotifyDataAvailable remoteEndPoint: 127.0.0.1:52192 localEndPoint: 127.0.0.1:52191
TpTrace Verbose: 0 : 8516, 4, 2022/02/21, 18:20:14.560, 96114996008, vstest.console.dll, TestRequestSender.OnExecutionMessageReceived: Received message: {"Version":5,"MessageType":"TestSession.Message","Payload":{"MessageLevel":0,"Message":"[xUnit.net 00:00:01.95]         C:\\Users\\danil\\Documents\\GitHub\\HeyTravel\\HeyTravel\\API\\Functions\\ScrapingRepository.cs(462,0): at API.Functions.ScrapingRepository.DataCovid(String stato, String percorso)"}}
TpTrace Verbose: 0 : 8516, 4, 2022/02/21, 18:20:14.560, 96114996509, vstest.console.dll, TestRunRequest:SendTestRunMessage: Starting.
TpTrace Information: 0 : 8516, 4, 2022/02/21, 18:20:14.560, 96114996779, vstest.console.dll, TestRunRequest:SendTestRunMessage: Completed.
TpTrace Verbose: 0 : 8516, 4, 2022/02/21, 18:20:14.560, 96114996976, vstest.console.dll, TcpClientExtensions.MessageLoopAsync: Polling on remoteEndPoint: 127.0.0.1:52192 localEndPoint: 127.0.0.1:52191
TpTrace Verbose: 0 : 8516, 4, 2022/02/21, 18:20:14.560, 96114997172, vstest.console.dll, TcpClientExtensions.MessageLoopAsync: NotifyDataAvailable remoteEndPoint: 127.0.0.1:52192 localEndPoint: 127.0.0.1:52191
TpTrace Verbose: 0 : 8516, 4, 2022/02/21, 18:20:14.560, 96114997429, vstest.console.dll, TestRequestSender.OnExecutionMessageReceived: Received message: {"Version":5,"MessageType":"TestSession.Message","Payload":{"MessageLevel":0,"Message":"[xUnit.net 00:00:01.95]         C:\\Users\\danil\\Documents\\GitHub\\HeyTravel\\HeyTravel\\TestAPI\\ScrapingUnitTest.cs(25,0): at TestAPI.ScrapingUnitTest.TestCasi()"}}
TpTrace Verbose: 0 : 8516, 4, 2022/02/21, 18:20:14.560, 96114997901, vstest.console.dll, TestRunRequest:SendTestRunMessage: Starting.
TpTrace Information: 0 : 8516, 4, 2022/02/21, 18:20:14.560, 96114998161, vstest.console.dll, TestRunRequest:SendTestRunMessage: Completed.
TpTrace Verbose: 0 : 8516, 4, 2022/02/21, 18:20:14.560, 96114998355, vstest.console.dll, TcpClientExtensions.MessageLoopAsync: Polling on remoteEndPoint: 127.0.0.1:52192 localEndPoint: 127.0.0.1:52191
TpTrace Verbose: 0 : 8516, 4, 2022/02/21, 18:20:14.560, 96114998550, vstest.console.dll, TcpClientExtensions.MessageLoopAsync: NotifyDataAvailable remoteEndPoint: 127.0.0.1:52192 localEndPoint: 127.0.0.1:52191
TpTrace Verbose: 0 : 8516, 4, 2022/02/21, 18:20:14.560, 96114998824, vstest.console.dll, TestRequestSender.OnExecutionMessageReceived: Received message: {"Version":5,"MessageType":"TestSession.Message","Payload":{"MessageLevel":0,"Message":"[xUnit.net 00:00:01.95]            at System.Threading.Tasks.Task.<>c.<ThrowAsync>b__140_0(Object state)"}}
TpTrace Verbose: 0 : 8516, 4, 2022/02/21, 18:20:14.560, 96114999271, vstest.console.dll, TestRunRequest:SendTestRunMessage: Starting.
TpTrace Information: 0 : 8516, 4, 2022/02/21, 18:20:14.560, 96114999535, vstest.console.dll, TestRunRequest:SendTestRunMessage: Completed.
TpTrace Verbose: 0 : 8516, 4, 2022/02/21, 18:20:14.560, 96114999728, vstest.console.dll, TcpClientExtensions.MessageLoopAsync: Polling on remoteEndPoint: 127.0.0.1:52192 localEndPoint: 127.0.0.1:52191
TpTrace Verbose: 0 : 8516, 4, 2022/02/21, 18:20:15.138, 96120773636, vstest.console.dll, TcpClientExtensions.MessageLoopAsync: NotifyDataAvailable remoteEndPoint: 127.0.0.1:52192 localEndPoint: 127.0.0.1:52191
TpTrace Verbose: 0 : 8516, 4, 2022/02/21, 18:20:15.138, 96120774762, vstest.console.dll, TestRequestSender.OnExecutionMessageReceived: Received message: {"Version":5,"MessageType":"TestSession.Message","Payload":{"MessageLevel":2,"Message":"[xUnit.net 00:00:02.52]     TestAPI.ScrapingUnitTest.TestTranslation [FAIL]"}}
TpTrace Verbose: 0 : 8516, 4, 2022/02/21, 18:20:15.138, 96120775623, vstest.console.dll, TestRunRequest:SendTestRunMessage: Starting.
TpTrace Information: 0 : 8516, 4, 2022/02/21, 18:20:15.138, 96120775945, vstest.console.dll, TestRunRequest:SendTestRunMessage: Completed.
TpTrace Verbose: 0 : 8516, 4, 2022/02/21, 18:20:15.138, 96120776314, vstest.console.dll, TcpClientExtensions.MessageLoopAsync: Polling on remoteEndPoint: 127.0.0.1:52192 localEndPoint: 127.0.0.1:52191
TpTrace Verbose: 0 : 8516, 4, 2022/02/21, 18:20:15.138, 96120776587, vstest.console.dll, TcpClientExtensions.MessageLoopAsync: NotifyDataAvailable remoteEndPoint: 127.0.0.1:52192 localEndPoint: 127.0.0.1:52191
TpTrace Verbose: 0 : 8516, 4, 2022/02/21, 18:20:15.138, 96120776872, vstest.console.dll, TestRequestSender.OnExecutionMessageReceived: Received message: {"Version":5,"MessageType":"TestSession.Message","Payload":{"MessageLevel":0,"Message":"[xUnit.net 00:00:02.52]       System.IO.FileNotFoundException : Could not find file 'C:\\Users\\danil\\Documents\\GitHub\\HeyTravel\\HeyTravel\\TestAPI\\bin\\API\\wwwroot\\csv\\stati.csv'."}}
TpTrace Verbose: 0 : 8516, 4, 2022/02/21, 18:20:15.138, 96120777360, vstest.console.dll, TestRunRequest:SendTestRunMessage: Starting.
TpTrace Information: 0 : 8516, 4, 2022/02/21, 18:20:15.138, 96120777638, vstest.console.dll, TestRunRequest:SendTestRunMessage: Completed.
TpTrace Verbose: 0 : 8516, 4, 2022/02/21, 18:20:15.138, 96120777823, vstest.console.dll, TcpClientExtensions.MessageLoopAsync: Polling on remoteEndPoint: 127.0.0.1:52192 localEndPoint: 127.0.0.1:52191
TpTrace Verbose: 0 : 8516, 4, 2022/02/21, 18:20:15.138, 96120778014, vstest.console.dll, TcpClientExtensions.MessageLoopAsync: NotifyDataAvailable remoteEndPoint: 127.0.0.1:52192 localEndPoint: 127.0.0.1:52191
TpTrace Verbose: 0 : 8516, 4, 2022/02/21, 18:20:15.138, 96120778255, vstest.console.dll, TestRequestSender.OnExecutionMessageReceived: Received message: {"Version":5,"MessageType":"TestSession.Message","Payload":{"MessageLevel":0,"Message":"[xUnit.net 00:00:02.52]       Stack Trace:"}}
TpTrace Verbose: 0 : 8516, 4, 2022/02/21, 18:20:15.138, 96120778659, vstest.console.dll, TestRunRequest:SendTestRunMessage: Starting.
TpTrace Information: 0 : 8516, 4, 2022/02/21, 18:20:15.138, 96120778900, vstest.console.dll, TestRunRequest:SendTestRunMessage: Completed.
TpTrace Verbose: 0 : 8516, 4, 2022/02/21, 18:20:15.138, 96120779085, vstest.console.dll, TcpClientExtensions.MessageLoopAsync: Polling on remoteEndPoint: 127.0.0.1:52192 localEndPoint: 127.0.0.1:52191
TpTrace Verbose: 0 : 8516, 4, 2022/02/21, 18:20:15.138, 96120779272, vstest.console.dll, TcpClientExtensions.MessageLoopAsync: NotifyDataAvailable remoteEndPoint: 127.0.0.1:52192 localEndPoint: 127.0.0.1:52191
TpTrace Verbose: 0 : 8516, 4, 2022/02/21, 18:20:15.138, 96120779503, vstest.console.dll, TestRequestSender.OnExecutionMessageReceived: Received message: {"Version":5,"MessageType":"TestSession.Message","Payload":{"MessageLevel":0,"Message":"[xUnit.net 00:00:02.52]            at Microsoft.VisualBasic.FileIO.TextFieldParser.ValidatePath(String path)"}}
TpTrace Verbose: 0 : 8516, 4, 2022/02/21, 18:20:15.138, 96120779889, vstest.console.dll, TestRunRequest:SendTestRunMessage: Starting.
TpTrace Information: 0 : 8516, 4, 2022/02/21, 18:20:15.138, 96120780126, vstest.console.dll, TestRunRequest:SendTestRunMessage: Completed.
TpTrace Verbose: 0 : 8516, 4, 2022/02/21, 18:20:15.138, 96120780351, vstest.console.dll, TcpClientExtensions.MessageLoopAsync: Polling on remoteEndPoint: 127.0.0.1:52192 localEndPoint: 127.0.0.1:52191
TpTrace Verbose: 0 : 8516, 4, 2022/02/21, 18:20:15.138, 96120780542, vstest.console.dll, TcpClientExtensions.MessageLoopAsync: NotifyDataAvailable remoteEndPoint: 127.0.0.1:52192 localEndPoint: 127.0.0.1:52191
TpTrace Verbose: 0 : 8516, 4, 2022/02/21, 18:20:15.138, 96120780786, vstest.console.dll, TestRequestSender.OnExecutionMessageReceived: Received message: {"Version":5,"MessageType":"TestSession.Message","Payload":{"MessageLevel":0,"Message":"[xUnit.net 00:00:02.52]            at Microsoft.VisualBasic.FileIO.TextFieldParser.InitializeFromPath(String path, Encoding defaultEncoding, Boolean detectEncoding)"}}
TpTrace Verbose: 0 : 8516, 4, 2022/02/21, 18:20:15.138, 96120781206, vstest.console.dll, TestRunRequest:SendTestRunMessage: Starting.
TpTrace Information: 0 : 8516, 4, 2022/02/21, 18:20:15.138, 96120781455, vstest.console.dll, TestRunRequest:SendTestRunMessage: Completed.
TpTrace Verbose: 0 : 8516, 4, 2022/02/21, 18:20:15.138, 96120781638, vstest.console.dll, TcpClientExtensions.MessageLoopAsync: Polling on remoteEndPoint: 127.0.0.1:52192 localEndPoint: 127.0.0.1:52191
TpTrace Verbose: 0 : 8516, 4, 2022/02/21, 18:20:15.138, 96120781820, vstest.console.dll, TcpClientExtensions.MessageLoopAsync: NotifyDataAvailable remoteEndPoint: 127.0.0.1:52192 localEndPoint: 127.0.0.1:52191
TpTrace Verbose: 0 : 8516, 4, 2022/02/21, 18:20:15.138, 96120782047, vstest.console.dll, TestRequestSender.OnExecutionMessageReceived: Received message: {"Version":5,"MessageType":"TestSession.Message","Payload":{"MessageLevel":0,"Message":"[xUnit.net 00:00:02.52]            at Microsoft.VisualBasic.FileIO.TextFieldParser..ctor(String path)"}}
TpTrace Verbose: 0 : 8516, 4, 2022/02/21, 18:20:15.138, 96120782450, vstest.console.dll, TestRunRequest:SendTestRunMessage: Starting.
TpTrace Information: 0 : 8516, 4, 2022/02/21, 18:20:15.138, 96120782831, vstest.console.dll, TestRunRequest:SendTestRunMessage: Completed.
TpTrace Verbose: 0 : 8516, 4, 2022/02/21, 18:20:15.139, 96120783177, vstest.console.dll, TcpClientExtensions.MessageLoopAsync: Polling on remoteEndPoint: 127.0.0.1:52192 localEndPoint: 127.0.0.1:52191
TpTrace Verbose: 0 : 8516, 4, 2022/02/21, 18:20:15.139, 96120783360, vstest.console.dll, TcpClientExtensions.MessageLoopAsync: NotifyDataAvailable remoteEndPoint: 127.0.0.1:52192 localEndPoint: 127.0.0.1:52191
TpTrace Verbose: 0 : 8516, 4, 2022/02/21, 18:20:15.139, 96120783751, vstest.console.dll, TestRequestSender.OnExecutionMessageReceived: Received message: {"Version":5,"MessageType":"TestSession.Message","Payload":{"MessageLevel":0,"Message":"[xUnit.net 00:00:02.52]         C:\\Users\\danil\\Documents\\GitHub\\HeyTravel\\HeyTravel\\API\\Functions\\ScrapingRepository.cs(121,0): at API.Functions.ScrapingRepository.CountryTranslate(String stato, String lingua, String percorso)"}}
TpTrace Verbose: 0 : 8516, 4, 2022/02/21, 18:20:15.139, 96120784153, vstest.console.dll, TestRunRequest:SendTestRunMessage: Starting.
TpTrace Information: 0 : 8516, 4, 2022/02/21, 18:20:15.139, 96120784790, vstest.console.dll, TestRunRequest:SendTestRunMessage: Completed.
TpTrace Verbose: 0 : 8516, 4, 2022/02/21, 18:20:15.139, 96120784978, vstest.console.dll, TcpClientExtensions.MessageLoopAsync: Polling on remoteEndPoint: 127.0.0.1:52192 localEndPoint: 127.0.0.1:52191
TpTrace Verbose: 0 : 8516, 4, 2022/02/21, 18:20:15.139, 96120785318, vstest.console.dll, TcpClientExtensions.MessageLoopAsync: NotifyDataAvailable remoteEndPoint: 127.0.0.1:52192 localEndPoint: 127.0.0.1:52191
TpTrace Verbose: 0 : 8516, 4, 2022/02/21, 18:20:15.139, 96120785554, vstest.console.dll, TestRequestSender.OnExecutionMessageReceived: Received message: {"Version":5,"MessageType":"TestSession.Message","Payload":{"MessageLevel":0,"Message":"[xUnit.net 00:00:02.52]         C:\\Users\\danil\\Documents\\GitHub\\HeyTravel\\HeyTravel\\TestAPI\\ScrapingUnitTest.cs(100,0): at TestAPI.ScrapingUnitTest.TestTranslation()"}}
TpTrace Verbose: 0 : 8516, 4, 2022/02/21, 18:20:15.139, 96120785951, vstest.console.dll, TestRunRequest:SendTestRunMessage: Starting.
TpTrace Information: 0 : 8516, 4, 2022/02/21, 18:20:15.139, 96120786341, vstest.console.dll, TestRunRequest:SendTestRunMessage: Completed.
TpTrace Verbose: 0 : 8516, 4, 2022/02/21, 18:20:15.139, 96120786515, vstest.console.dll, TcpClientExtensions.MessageLoopAsync: Polling on remoteEndPoint: 127.0.0.1:52192 localEndPoint: 127.0.0.1:52191
TpTrace Verbose: 0 : 8516, 4, 2022/02/21, 18:20:15.139, 96120786826, vstest.console.dll, TcpClientExtensions.MessageLoopAsync: NotifyDataAvailable remoteEndPoint: 127.0.0.1:52192 localEndPoint: 127.0.0.1:52191
TpTrace Verbose: 0 : 8516, 4, 2022/02/21, 18:20:15.139, 96120787203, vstest.console.dll, TestRequestSender.OnExecutionMessageReceived: Received message: {"Version":5,"MessageType":"TestSession.Message","Payload":{"MessageLevel":0,"Message":"[xUnit.net 00:00:02.52]            at System.Threading.Tasks.Task.<>c.<ThrowAsync>b__140_0(Object state)"}}
TpTrace Verbose: 0 : 8516, 4, 2022/02/21, 18:20:15.139, 96120787587, vstest.console.dll, TestRunRequest:SendTestRunMessage: Starting.
TpTrace Information: 0 : 8516, 4, 2022/02/21, 18:20:15.139, 96120787955, vstest.console.dll, TestRunRequest:SendTestRunMessage: Completed.
TpTrace Verbose: 0 : 8516, 4, 2022/02/21, 18:20:15.139, 96120788288, vstest.console.dll, TcpClientExtensions.MessageLoopAsync: Polling on remoteEndPoint: 127.0.0.1:52192 localEndPoint: 127.0.0.1:52191
TpTrace Verbose: 0 : 8516, 4, 2022/02/21, 18:20:15.280, 96122196196, vstest.console.dll, TcpClientExtensions.MessageLoopAsync: NotifyDataAvailable remoteEndPoint: 127.0.0.1:52192 localEndPoint: 127.0.0.1:52191
TpTrace Verbose: 0 : 8516, 4, 2022/02/21, 18:20:15.280, 96122196896, vstest.console.dll, TestRequestSender.OnExecutionMessageReceived: Received message: {"Version":5,"MessageType":"TestSession.Message","Payload":{"MessageLevel":2,"Message":"[xUnit.net 00:00:02.67]     TestAPI.ScrapingUnitTest.TestVaccini [FAIL]"}}
TpTrace Verbose: 0 : 8516, 4, 2022/02/21, 18:20:15.280, 96122197591, vstest.console.dll, TestRunRequest:SendTestRunMessage: Starting.
TpTrace Information: 0 : 8516, 4, 2022/02/21, 18:20:15.280, 96122197996, vstest.console.dll, TestRunRequest:SendTestRunMessage: Completed.
TpTrace Verbose: 0 : 8516, 4, 2022/02/21, 18:20:15.280, 96122198196, vstest.console.dll, TcpClientExtensions.MessageLoopAsync: Polling on remoteEndPoint: 127.0.0.1:52192 localEndPoint: 127.0.0.1:52191
TpTrace Verbose: 0 : 8516, 4, 2022/02/21, 18:20:15.280, 96122198433, vstest.console.dll, TcpClientExtensions.MessageLoopAsync: NotifyDataAvailable remoteEndPoint: 127.0.0.1:52192 localEndPoint: 127.0.0.1:52191
TpTrace Verbose: 0 : 8516, 4, 2022/02/21, 18:20:15.280, 96122198683, vstest.console.dll, TestRequestSender.OnExecutionMessageReceived: Received message: {"Version":5,"MessageType":"TestSession.Message","Payload":{"MessageLevel":0,"Message":"[xUnit.net 00:00:02.67]       System.IO.FileNotFoundException : Could not find file 'C:\\Users\\danil\\Documents\\GitHub\\HeyTravel\\HeyTravel\\TestAPI\\bin\\API\\wwwroot\\csv\\stati.csv'."}}
TpTrace Verbose: 0 : 8516, 4, 2022/02/21, 18:20:15.280, 96122199136, vstest.console.dll, TestRunRequest:SendTestRunMessage: Starting.
TpTrace Information: 0 : 8516, 4, 2022/02/21, 18:20:15.280, 96122199395, vstest.console.dll, TestRunRequest:SendTestRunMessage: Completed.
TpTrace Verbose: 0 : 8516, 4, 2022/02/21, 18:20:15.280, 96122199574, vstest.console.dll, TcpClientExtensions.MessageLoopAsync: Polling on remoteEndPoint: 127.0.0.1:52192 localEndPoint: 127.0.0.1:52191
TpTrace Verbose: 0 : 8516, 4, 2022/02/21, 18:20:15.280, 96122199798, vstest.console.dll, TcpClientExtensions.MessageLoopAsync: NotifyDataAvailable remoteEndPoint: 127.0.0.1:52192 localEndPoint: 127.0.0.1:52191
TpTrace Verbose: 0 : 8516, 4, 2022/02/21, 18:20:15.280, 96122200041, vstest.console.dll, TestRequestSender.OnExecutionMessageReceived: Received message: {"Version":5,"MessageType":"TestSession.Message","Payload":{"MessageLevel":0,"Message":"[xUnit.net 00:00:02.67]       Stack Trace:"}}
TpTrace Verbose: 0 : 8516, 4, 2022/02/21, 18:20:15.280, 96122200473, vstest.console.dll, TestRunRequest:SendTestRunMessage: Starting.
TpTrace Information: 0 : 8516, 4, 2022/02/21, 18:20:15.280, 96122200724, vstest.console.dll, TestRunRequest:SendTestRunMessage: Completed.
TpTrace Verbose: 0 : 8516, 4, 2022/02/21, 18:20:15.280, 96122200899, vstest.console.dll, TcpClientExtensions.MessageLoopAsync: Polling on remoteEndPoint: 127.0.0.1:52192 localEndPoint: 127.0.0.1:52191
TpTrace Verbose: 0 : 8516, 4, 2022/02/21, 18:20:15.280, 96122201128, vstest.console.dll, TcpClientExtensions.MessageLoopAsync: NotifyDataAvailable remoteEndPoint: 127.0.0.1:52192 localEndPoint: 127.0.0.1:52191
TpTrace Verbose: 0 : 8516, 4, 2022/02/21, 18:20:15.280, 96122201538, vstest.console.dll, TestRequestSender.OnExecutionMessageReceived: Received message: {"Version":5,"MessageType":"TestSession.Message","Payload":{"MessageLevel":0,"Message":"[xUnit.net 00:00:02.67]            at Microsoft.VisualBasic.FileIO.TextFieldParser.ValidatePath(String path)"}}
TpTrace Verbose: 0 : 8516, 4, 2022/02/21, 18:20:15.280, 96122202049, vstest.console.dll, TestRunRequest:SendTestRunMessage: Starting.
TpTrace Information: 0 : 8516, 4, 2022/02/21, 18:20:15.280, 96122202316, vstest.console.dll, TestRunRequest:SendTestRunMessage: Completed.
TpTrace Verbose: 0 : 8516, 4, 2022/02/21, 18:20:15.280, 96122202505, vstest.console.dll, TcpClientExtensions.MessageLoopAsync: Polling on remoteEndPoint: 127.0.0.1:52192 localEndPoint: 127.0.0.1:52191
TpTrace Verbose: 0 : 8516, 4, 2022/02/21, 18:20:15.280, 96122202751, vstest.console.dll, TcpClientExtensions.MessageLoopAsync: NotifyDataAvailable remoteEndPoint: 127.0.0.1:52192 localEndPoint: 127.0.0.1:52191
TpTrace Verbose: 0 : 8516, 4, 2022/02/21, 18:20:15.281, 96122203013, vstest.console.dll, TestRequestSender.OnExecutionMessageReceived: Received message: {"Version":5,"MessageType":"TestSession.Message","Payload":{"MessageLevel":0,"Message":"[xUnit.net 00:00:02.67]            at Microsoft.VisualBasic.FileIO.TextFieldParser.InitializeFromPath(String path, Encoding defaultEncoding, Boolean detectEncoding)"}}
TpTrace Verbose: 0 : 8516, 4, 2022/02/21, 18:20:15.281, 96122203546, vstest.console.dll, TestRunRequest:SendTestRunMessage: Starting.
TpTrace Information: 0 : 8516, 4, 2022/02/21, 18:20:15.281, 96122203877, vstest.console.dll, TestRunRequest:SendTestRunMessage: Completed.
TpTrace Verbose: 0 : 8516, 4, 2022/02/21, 18:20:15.281, 96122204067, vstest.console.dll, TcpClientExtensions.MessageLoopAsync: Polling on remoteEndPoint: 127.0.0.1:52192 localEndPoint: 127.0.0.1:52191
TpTrace Verbose: 0 : 8516, 4, 2022/02/21, 18:20:15.281, 96122204262, vstest.console.dll, TcpClientExtensions.MessageLoopAsync: NotifyDataAvailable remoteEndPoint: 127.0.0.1:52192 localEndPoint: 127.0.0.1:52191
TpTrace Verbose: 0 : 8516, 4, 2022/02/21, 18:20:15.281, 96122204514, vstest.console.dll, TestRequestSender.OnExecutionMessageReceived: Received message: {"Version":5,"MessageType":"TestSession.Message","Payload":{"MessageLevel":0,"Message":"[xUnit.net 00:00:02.67]            at Microsoft.VisualBasic.FileIO.TextFieldParser..ctor(String path)"}}
TpTrace Verbose: 0 : 8516, 4, 2022/02/21, 18:20:15.281, 96122204923, vstest.console.dll, TestRunRequest:SendTestRunMessage: Starting.
TpTrace Information: 0 : 8516, 4, 2022/02/21, 18:20:15.281, 96122205163, vstest.console.dll, TestRunRequest:SendTestRunMessage: Completed.
TpTrace Verbose: 0 : 8516, 4, 2022/02/21, 18:20:15.281, 96122205349, vstest.console.dll, TcpClientExtensions.MessageLoopAsync: Polling on remoteEndPoint: 127.0.0.1:52192 localEndPoint: 127.0.0.1:52191
TpTrace Verbose: 0 : 8516, 4, 2022/02/21, 18:20:15.281, 96122205535, vstest.console.dll, TcpClientExtensions.MessageLoopAsync: NotifyDataAvailable remoteEndPoint: 127.0.0.1:52192 localEndPoint: 127.0.0.1:52191
TpTrace Verbose: 0 : 8516, 4, 2022/02/21, 18:20:15.281, 96122205790, vstest.console.dll, TestRequestSender.OnExecutionMessageReceived: Received message: {"Version":5,"MessageType":"TestSession.Message","Payload":{"MessageLevel":0,"Message":"[xUnit.net 00:00:02.67]         C:\\Users\\danil\\Documents\\GitHub\\HeyTravel\\HeyTravel\\API\\Functions\\ScrapingRepository.cs(121,0): at API.Functions.ScrapingRepository.CountryTranslate(String stato, String lingua, String percorso)"}}
TpTrace Verbose: 0 : 8516, 4, 2022/02/21, 18:20:15.281, 96122206280, vstest.console.dll, TestRunRequest:SendTestRunMessage: Starting.
TpTrace Information: 0 : 8516, 4, 2022/02/21, 18:20:15.281, 96122206523, vstest.console.dll, TestRunRequest:SendTestRunMessage: Completed.
TpTrace Verbose: 0 : 8516, 4, 2022/02/21, 18:20:15.281, 96122206866, vstest.console.dll, TcpClientExtensions.MessageLoopAsync: Polling on remoteEndPoint: 127.0.0.1:52192 localEndPoint: 127.0.0.1:52191
TpTrace Verbose: 0 : 8516, 4, 2022/02/21, 18:20:15.281, 96122207119, vstest.console.dll, TcpClientExtensions.MessageLoopAsync: NotifyDataAvailable remoteEndPoint: 127.0.0.1:52192 localEndPoint: 127.0.0.1:52191
TpTrace Verbose: 0 : 8516, 4, 2022/02/21, 18:20:15.281, 96122207392, vstest.console.dll, TestRequestSender.OnExecutionMessageReceived: Received message: {"Version":5,"MessageType":"TestSession.Message","Payload":{"MessageLevel":0,"Message":"[xUnit.net 00:00:02.67]         C:\\Users\\danil\\Documents\\GitHub\\HeyTravel\\HeyTravel\\API\\Functions\\ScrapingRepository.cs(548,0): at API.Functions.ScrapingRepository.DataVaccini(String stato, String percorso)"}}
TpTrace Verbose: 0 : 8516, 4, 2022/02/21, 18:20:15.281, 96122207915, vstest.console.dll, TestRunRequest:SendTestRunMessage: Starting.
TpTrace Information: 0 : 8516, 4, 2022/02/21, 18:20:15.281, 96122208339, vstest.console.dll, TestRunRequest:SendTestRunMessage: Completed.
TpTrace Verbose: 0 : 8516, 4, 2022/02/21, 18:20:15.281, 96122208576, vstest.console.dll, TcpClientExtensions.MessageLoopAsync: Polling on remoteEndPoint: 127.0.0.1:52192 localEndPoint: 127.0.0.1:52191
TpTrace Verbose: 0 : 8516, 4, 2022/02/21, 18:20:15.281, 96122208778, vstest.console.dll, TcpClientExtensions.MessageLoopAsync: NotifyDataAvailable remoteEndPoint: 127.0.0.1:52192 localEndPoint: 127.0.0.1:52191
TpTrace Verbose: 0 : 8516, 4, 2022/02/21, 18:20:15.281, 96122209129, vstest.console.dll, TestRequestSender.OnExecutionMessageReceived: Received message: {"Version":5,"MessageType":"TestSession.Message","Payload":{"MessageLevel":0,"Message":"[xUnit.net 00:00:02.67]         C:\\Users\\danil\\Documents\\GitHub\\HeyTravel\\HeyTravel\\TestAPI\\ScrapingUnitTest.cs(51,0): at TestAPI.ScrapingUnitTest.TestVaccini()"}}
TpTrace Verbose: 0 : 8516, 4, 2022/02/21, 18:20:15.281, 96122209648, vstest.console.dll, TestRunRequest:SendTestRunMessage: Starting.
TpTrace Information: 0 : 8516, 4, 2022/02/21, 18:20:15.281, 96122209948, vstest.console.dll, TestRunRequest:SendTestRunMessage: Completed.
TpTrace Verbose: 0 : 8516, 4, 2022/02/21, 18:20:15.281, 96122210138, vstest.console.dll, TcpClientExtensions.MessageLoopAsync: Polling on remoteEndPoint: 127.0.0.1:52192 localEndPoint: 127.0.0.1:52191
TpTrace Verbose: 0 : 8516, 4, 2022/02/21, 18:20:15.281, 96122210341, vstest.console.dll, TcpClientExtensions.MessageLoopAsync: NotifyDataAvailable remoteEndPoint: 127.0.0.1:52192 localEndPoint: 127.0.0.1:52191
TpTrace Verbose: 0 : 8516, 4, 2022/02/21, 18:20:15.281, 96122210573, vstest.console.dll, TestRequestSender.OnExecutionMessageReceived: Received message: {"Version":5,"MessageType":"TestSession.Message","Payload":{"MessageLevel":0,"Message":"[xUnit.net 00:00:02.67]            at System.Threading.Tasks.Task.<>c.<ThrowAsync>b__140_0(Object state)"}}
TpTrace Verbose: 0 : 8516, 4, 2022/02/21, 18:20:15.281, 96122210970, vstest.console.dll, TestRunRequest:SendTestRunMessage: Starting.
TpTrace Information: 0 : 8516, 4, 2022/02/21, 18:20:15.281, 96122211211, vstest.console.dll, TestRunRequest:SendTestRunMessage: Completed.
TpTrace Verbose: 0 : 8516, 4, 2022/02/21, 18:20:15.281, 96122211387, vstest.console.dll, TcpClientExtensions.MessageLoopAsync: Polling on remoteEndPoint: 127.0.0.1:52192 localEndPoint: 127.0.0.1:52191
TpTrace Verbose: 0 : 8516, 4, 2022/02/21, 18:20:15.614, 96125538340, vstest.console.dll, TcpClientExtensions.MessageLoopAsync: NotifyDataAvailable remoteEndPoint: 127.0.0.1:52192 localEndPoint: 127.0.0.1:52191
TpTrace Verbose: 0 : 8516, 4, 2022/02/21, 18:20:15.614, 96125539259, vstest.console.dll, TestRequestSender.OnExecutionMessageReceived: Received message: {"Version":5,"MessageType":"TestExecution.StatsChange","Payload":{"NewTestResults":[{"TestCase":{"Id":"df45aebd-87fb-28ef-0f64-a5cfb83601f7","FullyQualifiedName":"TestAPI.ScrapingUnitTest.TestCasi","DisplayName":"TestAPI.ScrapingUnitTest.TestCasi","ExecutorUri":"executor://xunit/VsTestRunner2/netcoreapp","Source":"C:\\Users\\danil\\Documents\\GitHub\\HeyTravel\\HeyTravel\\TestAPI\\bin\\Debug\\net5.0\\fine-code-coverage\\build-output\\TestAPI.dll","CodeFilePath":null,"LineNumber":0,"Properties":[]},"Attachments":[],"Outcome":2,"ErrorMessage":"System.IO.FileNotFoundException : Could not find file 'C:\\Users\\danil\\Documents\\GitHub\\HeyTravel\\HeyTravel\\TestAPI\\bin\\API\\wwwroot\\csv\\stati.csv'.","ErrorStackTrace":"   at Microsoft.VisualBasic.FileIO.TextFieldParser.ValidatePath(String path)\r\n   at Microsoft.VisualBasic.FileIO.TextFieldParser.InitializeFromPath(String path, Encoding defaultEncoding, Boolean detectEncoding)\r\n   at Microsoft.VisualBasic.FileIO.TextFieldParser..ctor(String path)\r\n   at API.Functions.ScrapingRepository.CountryTranslate(String stato, String lingua, String percorso) in C:\\Users\\danil\\Documents\\GitHub\\HeyTravel\\HeyTravel\\API\\Functions\\ScrapingRepository.cs:line 121\r\n   at API.Functions.ScrapingRepository.DataCovid(String stato, String percorso) in C:\\Users\\danil\\Documents\\GitHub\\HeyTravel\\HeyTravel\\API\\Functions\\ScrapingRepository.cs:line 462\r\n   at TestAPI.ScrapingUnitTest.TestCasi() in C:\\Users\\danil\\Documents\\GitHub\\HeyTravel\\HeyTravel\\TestAPI\\ScrapingUnitTest.cs:line 25\r\n   at System.Threading.Tasks.Task.<>c.<ThrowAsync>b__140_0(Object state)","DisplayName":"TestAPI.ScrapingUnitTest.TestCasi","Messages":[],"ComputerName":"SATURNO","Duration":"00:00:01.0973963","StartTime":"2022-02-21T17:20:14.5611351+00:00","EndTime":"2022-02-21T17:20:14.561159+00:00","Properties":[]},{"TestCase":{"Id":"7262a6bf-f7e9-5a0d-805a-cc3105244725","FullyQualifiedName":"TestAPI.ScrapingUnitTest.TestCodiceStato","DisplayName":"TestAPI.ScrapingUnitTest.TestCodiceStato","ExecutorUri":"executor://xunit/VsTestRunner2/netcoreapp","Source":"C:\\Users\\danil\\Documents\\GitHub\\HeyTravel\\HeyTravel\\TestAPI\\bin\\Debug\\net5.0\\fine-code-coverage\\build-output\\TestAPI.dll","CodeFilePath":null,"LineNumber":0,"Properties":[]},"Attachments":[],"Outcome":1,"ErrorMessage":null,"ErrorStackTrace":null,"DisplayName":"TestAPI.ScrapingUnitTest.TestCodiceStato","Messages":[],"ComputerName":"SATURNO","Duration":"00:00:00.5620998","StartTime":"2022-02-21T17:20:15.1168486+00:00","EndTime":"2022-02-21T17:20:15.1168501+00:00","Properties":[]},{"TestCase":{"Id":"e4653dca-5754-4bc0-dc9d-c3699182d31d","FullyQualifiedName":"TestAPI.ScrapingUnitTest.TestTranslation","DisplayName":"TestAPI.ScrapingUnitTest.TestTranslation","ExecutorUri":"executor://xunit/VsTestRunner2/netcoreapp","Source":"C:\\Users\\danil\\Documents\\GitHub\\HeyTravel\\HeyTravel\\TestAPI\\bin\\Debug\\net5.0\\fine-code-coverage\\build-output\\TestAPI.dll","CodeFilePath":null,"LineNumber":0,"Properties":[]},"Attachments":[],"Outcome":2,"ErrorMessage":"System.IO.FileNotFoundException : Could not find file 'C:\\Users\\danil\\Documents\\GitHub\\HeyTravel\\HeyTravel\\TestAPI\\bin\\API\\wwwroot\\csv\\stati.csv'.","ErrorStackTrace":"   at Microsoft.VisualBasic.FileIO.TextFieldParser.ValidatePath(String path)\r\n   at Microsoft.VisualBasic.FileIO.TextFieldParser.InitializeFromPath(String path, Encoding defaultEncoding, Boolean detectEncoding)\r\n   at Microsoft.VisualBasic.FileIO.TextFieldParser..ctor(String path)\r\n   at API.Functions.ScrapingRepository.CountryTranslate(String stato, String lingua, String percorso) in C:\\Users\\danil\\Documents\\GitHub\\HeyTravel\\HeyTravel\\API\\Functions\\ScrapingRepository.cs:line 121\r\n   at TestAPI.ScrapingUnitTest.TestTranslation() in C:\\Users\\danil\\Documents\\GitHub\\HeyTravel\\HeyTravel\\TestAPI\\ScrapingUnitTest.cs:line 100\r\n   at System.Threading.Tasks.Task.<>c.<ThrowAsync>b__140_0(Object state)","DisplayName":"TestAPI.ScrapingUnitTest.TestTranslation","Messages":[],"ComputerName":"SATURNO","Duration":"00:00:00.0024818","StartTime":"2022-02-21T17:20:15.1388144+00:00","EndTime":"2022-02-21T17:20:15.1388154+00:00","Properties":[]},{"TestCase":{"Id":"1fcd7726-f4b8-ec3a-5332-4d5cfc2d9441","FullyQualifiedName":"TestAPI.ScrapingUnitTest.TestCities","DisplayName":"TestAPI.ScrapingUnitTest.TestCities","ExecutorUri":"executor://xunit/VsTestRunner2/netcoreapp","Source":"C:\\Users\\danil\\Documents\\GitHub\\HeyTravel\\HeyTravel\\TestAPI\\bin\\Debug\\net5.0\\fine-code-coverage\\build-output\\TestAPI.dll","CodeFilePath":null,"LineNumber":0,"Properties":[]},"Attachments":[],"Outcome":1,"ErrorMessage":null,"ErrorStackTrace":null,"DisplayName":"TestAPI.ScrapingUnitTest.TestCities","Messages":[],"ComputerName":"SATURNO","Duration":"00:00:00.1378420","StartTime":"2022-02-21T17:20:15.2780346+00:00","EndTime":"2022-02-21T17:20:15.2780363+00:00","Properties":[]},{"TestCase":{"Id":"4710818a-5446-4ea9-171b-df5fd0e9879c","FullyQualifiedName":"TestAPI.ScrapingUnitTest.TestVaccini","DisplayName":"TestAPI.ScrapingUnitTest.TestVaccini","ExecutorUri":"executor://xunit/VsTestRunner2/netcoreapp","Source":"C:\\Users\\danil\\Documents\\GitHub\\HeyTravel\\HeyTravel\\TestAPI\\bin\\Debug\\net5.0\\fine-code-coverage\\build-output\\TestAPI.dll","CodeFilePath":null,"LineNumber":0,"Properties":[]},"Attachments":[],"Outcome":2,"ErrorMessage":"System.IO.FileNotFoundException : Could not find file 'C:\\Users\\danil\\Documents\\GitHub\\HeyTravel\\HeyTravel\\TestAPI\\bin\\API\\wwwroot\\csv\\stati.csv'.","ErrorStackTrace":"   at Microsoft.VisualBasic.FileIO.TextFieldParser.ValidatePath(String path)\r\n   at Microsoft.VisualBasic.FileIO.TextFieldParser.InitializeFromPath(String path, Encoding defaultEncoding, Boolean detectEncoding)\r\n   at Microsoft.VisualBasic.FileIO.TextFieldParser..ctor(String path)\r\n   at API.Functions.ScrapingRepository.CountryTranslate(String stato, String lingua, String percorso) in C:\\Users\\danil\\Documents\\GitHub\\HeyTravel\\HeyTravel\\API\\Functions\\ScrapingRepository.cs:line 121\r\n   at API.Functions.ScrapingRepository.DataVaccini(String stato, String percorso) in C:\\Users\\danil\\Documents\\GitHub\\HeyTravel\\HeyTravel\\API\\Functions\\ScrapingRepository.cs:line 548\r\n   at TestAPI.ScrapingUnitTest.TestVaccini() in C:\\Users\\danil\\Documents\\GitHub\\HeyTravel\\HeyTravel\\TestAPI\\ScrapingUnitTest.cs:line 51\r\n   at System.Threading.Tasks.Task.<>c.<ThrowAsync>b__140_0(Object state)","DisplayName":"TestAPI.ScrapingUnitTest.TestVaccini","Messages":[],"ComputerName":"SATURNO","Duration":"00:00:00.0017346","StartTime":"2022-02-21T17:20:15.2811187+00:00","EndTime":"2022-02-21T17:20:15.28112+00:00","Properties":[]}],"TestRunStatistics":{"ExecutedTests":5,"Stats":{"Failed":3,"Passed":2}},"ActiveTests":[{"Id":"f46f6b06-40a1-839f-62f0-8e5ec37d6faf","FullyQualifiedName":"TestAPI.ScrapingUnitTest.TestStatoCodice","DisplayName":"TestAPI.ScrapingUnitTest.TestStatoCodice","ExecutorUri":"executor://xunit/VsTestRunner2/netcoreapp","Source":"C:\\Users\\danil\\Documents\\GitHub\\HeyTravel\\HeyTravel\\TestAPI\\bin\\Debug\\net5.0\\fine-code-coverage\\build-output\\TestAPI.dll","CodeFilePath":null,"LineNumber":0,"Properties":[]}]}}
TpTrace Verbose: 0 : 8516, 4, 2022/02/21, 18:20:15.620, 96125600985, vstest.console.dll, TestRunRequest:SendTestRunStatsChange: Starting.
TpTrace Verbose: 0 : 8516, 4, 2022/02/21, 18:20:15.620, 96125601540, vstest.console.dll, InProgress is TestAPI.ScrapingUnitTest.TestStatoCodice
TpTrace Information: 0 : 8516, 4, 2022/02/21, 18:20:15.620, 96125602406, vstest.console.dll, TestRunRequest:SendTestRunStatsChange: Completed.
TpTrace Verbose: 0 : 8516, 4, 2022/02/21, 18:20:15.620, 96125602637, vstest.console.dll, TcpClientExtensions.MessageLoopAsync: Polling on remoteEndPoint: 127.0.0.1:52192 localEndPoint: 127.0.0.1:52191
TpTrace Verbose: 0 : 8516, 4, 2022/02/21, 18:20:15.767, 96127064173, vstest.console.dll, TcpClientExtensions.MessageLoopAsync: NotifyDataAvailable remoteEndPoint: 127.0.0.1:52192 localEndPoint: 127.0.0.1:52191
TpTrace Verbose: 0 : 8516, 4, 2022/02/21, 18:20:15.767, 96127064787, vstest.console.dll, TestRequestSender.OnExecutionMessageReceived: Received message: {"Version":5,"MessageType":"TestSession.Message","Payload":{"MessageLevel":0,"Message":"[xUnit.net 00:00:03.15]   Finished:    TestAPI"}}
TpTrace Verbose: 0 : 8516, 4, 2022/02/21, 18:20:15.767, 96127065499, vstest.console.dll, TestRunRequest:SendTestRunMessage: Starting.
TpTrace Information: 0 : 8516, 4, 2022/02/21, 18:20:15.767, 96127065775, vstest.console.dll, TestRunRequest:SendTestRunMessage: Completed.
TpTrace Verbose: 0 : 8516, 4, 2022/02/21, 18:20:15.767, 96127065963, vstest.console.dll, TcpClientExtensions.MessageLoopAsync: Polling on remoteEndPoint: 127.0.0.1:52192 localEndPoint: 127.0.0.1:52191
TpTrace Verbose: 0 : 8516, 4, 2022/02/21, 18:20:15.776, 96127153121, vstest.console.dll, TcpClientExtensions.MessageLoopAsync: NotifyDataAvailable remoteEndPoint: 127.0.0.1:52192 localEndPoint: 127.0.0.1:52191
TpTrace Verbose: 0 : 8516, 4, 2022/02/21, 18:20:15.776, 96127153775, vstest.console.dll, TestRequestSender.OnExecutionMessageReceived: Received message: {"Version":5,"MessageType":"TestExecution.Completed","Payload":{"TestRunCompleteArgs":{"TestRunStatistics":{"ExecutedTests":6,"Stats":{"Failed":3,"Passed":3}},"IsCanceled":false,"IsAborted":false,"Error":null,"AttachmentSets":[],"ElapsedTimeInRunningTests":"00:00:03.1640996","Metrics":{}},"LastRunTests":{"NewTestResults":[{"TestCase":{"Id":"f46f6b06-40a1-839f-62f0-8e5ec37d6faf","FullyQualifiedName":"TestAPI.ScrapingUnitTest.TestStatoCodice","DisplayName":"TestAPI.ScrapingUnitTest.TestStatoCodice","ExecutorUri":"executor://xunit/VsTestRunner2/netcoreapp","Source":"C:\\Users\\danil\\Documents\\GitHub\\HeyTravel\\HeyTravel\\TestAPI\\bin\\Debug\\net5.0\\fine-code-coverage\\build-output\\TestAPI.dll","CodeFilePath":null,"LineNumber":0,"Properties":[]},"Attachments":[],"Outcome":1,"ErrorMessage":null,"ErrorStackTrace":null,"DisplayName":"TestAPI.ScrapingUnitTest.TestStatoCodice","Messages":[],"ComputerName":"SATURNO","Duration":"00:00:00.4815525","StartTime":"2022-02-21T17:20:15.7618583+00:00","EndTime":"2022-02-21T17:20:15.7618598+00:00","Properties":[]}],"TestRunStatistics":{"ExecutedTests":6,"Stats":{"Failed":3,"Passed":3}},"ActiveTests":[]},"RunAttachments":[],"ExecutorUris":["executor://xunit/VsTestRunner2/netcoreapp"]}}
TpTrace Verbose: 0 : 8516, 4, 2022/02/21, 18:20:15.776, 96127154774, vstest.console.dll, TestRequestSender.EndSession: Sending end session.
TpTrace Verbose: 0 : 8516, 4, 2022/02/21, 18:20:15.776, 96127155457, vstest.console.dll, ProxyOperationManager.Close: waiting for test host to exit for 100 ms
TpTrace Warning: 0 : 8516, 10, 2022/02/21, 18:20:15.790, 96127302675, vstest.console.dll, TestHostManagerCallbacks.ErrorReceivedCallback Test host standard error line: 
TpTrace Verbose: 0 : 8516, 7, 2022/02/21, 18:20:15.807, 96127466424, vstest.console.dll, TestHostProvider.ExitCallBack: Host exited starting callback.
TpTrace Information: 0 : 8516, 7, 2022/02/21, 18:20:15.807, 96127470118, vstest.console.dll, TestHostManagerCallbacks.ExitCallBack: Testhost processId: 12580 exited with exitcode: 0 error: ''
TpTrace Verbose: 0 : 8516, 7, 2022/02/21, 18:20:15.807, 96127470485, vstest.console.dll, DotnetTestHostManager.OnHostExited: invoking OnHostExited callback
TpTrace Verbose: 0 : 8516, 7, 2022/02/21, 18:20:15.807, 96127470811, vstest.console.dll, CrossPlatEngine.TestHostManagerHostExited: calling on client process exit callback.
TpTrace Information: 0 : 8516, 7, 2022/02/21, 18:20:15.807, 96127471147, vstest.console.dll, TestRequestSender.OnClientProcessExit: Test host process exited. Standard error: 
TpTrace Information: 0 : 8516, 7, 2022/02/21, 18:20:15.807, 96127471402, vstest.console.dll, SocketServer.Stop: Stop server endPoint: 127.0.0.1:52191
TpTrace Information: 0 : 8516, 7, 2022/02/21, 18:20:15.807, 96127471568, vstest.console.dll, SocketServer.Stop: Cancellation requested. Stopping message loop.
TpTrace Warning: 0 : 8516, 4, 2022/02/21, 18:20:15.807, 96127472033, vstest.console.dll, ProxyOperationManager: Timed out waiting for test host to exit. Will terminate process.
TpTrace Verbose: 0 : 8516, 4, 2022/02/21, 18:20:15.808, 96127475060, vstest.console.dll, ProxyDataCollectionManager.InvokeDataCollectionServiceAction: Starting.
TpTrace Information: 0 : 8516, 4, 2022/02/21, 18:20:15.808, 96127475376, vstest.console.dll, ProxyDataCollectionManager.AfterTestRunEnd: Get attachment set for datacollector processId: 12884 port: 52188
TpTrace Verbose: 0 : 8516, 4, 2022/02/21, 18:20:15.808, 96127475661, vstest.console.dll, DataCollectionRequestSender.SendAfterTestRunStartAndGetResult : Send AfterTestRunEnd message with isCancelled: False
TpTrace Verbose: 0 : 8516, 4, 2022/02/21, 18:20:15.810, 96127499989, vstest.console.dll, DataCollectionRequestSender.SendAfterTestRunStartAndGetResult : Received message: (DataCollection.AfterTestRunEndResult) -> {
  "AttachmentSets": [],
  "Metrics": {}
}
TpTrace Information: 0 : 8516, 4, 2022/02/21, 18:20:15.812, 96127516198, vstest.console.dll, ProxyDataCollectionManager.InvokeDataCollectionServiceAction: Completed.
TpTrace Warning: 0 : 8516, 9, 2022/02/21, 18:20:15.813, 96127526455, vstest.console.dll, DataCollectionLauncher.ErrorReceivedCallback datacollector standard error line: 
TpTrace Information: 0 : 8516, 7, 2022/02/21, 18:20:15.816, 96127555150, vstest.console.dll, DataCollectionLauncher.ExitCallBack: Data collector exited with exitcode: 0 error: ''
TpTrace Verbose: 0 : 8516, 4, 2022/02/21, 18:20:15.824, 96127637772, vstest.console.dll, TestRunRequest:SendTestRunStatsChange: Starting.
TpTrace Information: 0 : 8516, 4, 2022/02/21, 18:20:15.824, 96127638319, vstest.console.dll, TestRunRequest:SendTestRunStatsChange: Completed.
TpTrace Verbose: 0 : 8516, 4, 2022/02/21, 18:20:15.824, 96127639297, vstest.console.dll, ParallelProxyExecutionManager: HandlePartialRunComplete: Total completed clients = 1, Run complete = True, Run canceled: False.
TpTrace Verbose: 0 : 8516, 4, 2022/02/21, 18:20:15.839, 96127790718, vstest.console.dll, TestRunRequest:TestRunComplete: Starting. IsAborted:False IsCanceled:False.
TpTrace Verbose: 0 : 8516, 4, 2022/02/21, 18:20:15.839, 96127791713, vstest.console.dll, TestLoggerManager.HandleTestRunComplete: Ignoring as the object is disposed.
TpTrace Information: 0 : 8516, 4, 2022/02/21, 18:20:15.840, 96127793191, vstest.console.dll, TestRunRequest:TestRunComplete: Completed.
TpTrace Verbose: 0 : 8516, 4, 2022/02/21, 18:20:15.840, 96127793479, vstest.console.dll, TestRequestSender.SetOperationComplete: Setting operation complete.
TpTrace Verbose: 0 : 8516, 1, 2022/02/21, 18:20:15.840, 96127793586, vstest.console.dll, TestRunRequest.Dispose: Starting.
TpTrace Information: 0 : 8516, 1, 2022/02/21, 18:20:15.840, 96127794004, vstest.console.dll, TestRunRequest.Dispose: Completed.
TpTrace Information: 0 : 8516, 4, 2022/02/21, 18:20:15.840, 96127793696, vstest.console.dll, SocketServer.Stop: Stop server endPoint: 127.0.0.1:52191
TpTrace Information: 0 : 8516, 1, 2022/02/21, 18:20:15.840, 96127794259, vstest.console.dll, TestRequestManager.RunTests: run tests completed.
TpTrace Information: 0 : 8516, 4, 2022/02/21, 18:20:15.840, 96127794482, vstest.console.dll, SocketServer.Stop: Cancellation requested. Stopping message loop.
TpTrace Information: 0 : 8516, 1, 2022/02/21, 18:20:15.840, 96127794910, vstest.console.dll, RunTestsArgumentProcessor:Execute: Test run is completed.
TpTrace Information: 0 : 8516, 4, 2022/02/21, 18:20:15.840, 96127795018, vstest.console.dll, SocketServer.PrivateStop: Stop server endPoint: 127.0.0.1:52191 error: 
TpTrace Verbose: 0 : 8516, 1, 2022/02/21, 18:20:15.840, 96127796005, vstest.console.dll, Executor.Execute: Exiting with exit code of 1
TpTrace Verbose: 0 : 8516, 4, 2022/02/21, 18:20:15.840, 96127797922, vstest.console.dll, LengthPrefixCommunicationChannel.Dispose: Dispose reader and writer.
TpTrace Information: 0 : 8516, 4, 2022/02/21, 18:20:15.840, 96127798688, vstest.console.dll, SocketServer.Stop: Raise disconnected event endPoint: 127.0.0.1:52191 error: 
TpTrace Verbose: 0 : 8516, 4, 2022/02/21, 18:20:15.840, 96127799062, vstest.console.dll, TestRequestSender: OnTestRunAbort: Operation is already complete. Skip error message.
TpTrace Verbose: 0 : 8516, 4, 2022/02/21, 18:20:15.840, 96127799476, vstest.console.dll, TcpClientExtensions.MessageLoopAsync: exiting MessageLoopAsync remoteEndPoint: 127.0.0.1:52192 localEndPoint: 127.0.0.1:52191
