<?xml version="1.0" encoding="utf-8"?>
<coverage line-rate="0.1266" branch-rate="0.0857" version="1.9" timestamp="1645464016" lines-covered="299" lines-valid="2361" branches-covered="30" branches-valid="350">
  <sources>
    <source>C:\Users\danil\</source>
  </sources>
  <packages>
    <package name="API" line-rate="0.2556" branch-rate="0.1923" complexity="472">
      <classes>
        <class name="API.Program" filename="Documents\GitHub\HeyTravel\HeyTravel\API\Program.cs" line-rate="0" branch-rate="1" complexity="2">
          <methods>
            <method name="Main" signature="(System.String[])" line-rate="0" branch-rate="1" complexity="1">
              <lines>
                <line number="15" hits="0" branch="False" />
                <line number="16" hits="0" branch="False" />
                <line number="17" hits="0" branch="False" />
              </lines>
            </method>
            <method name="CreateHostBuilder" signature="(System.String[])" line-rate="0" branch-rate="1" complexity="1">
              <lines>
                <line number="20" hits="0" branch="False" />
                <line number="21" hits="0" branch="False" />
                <line number="22" hits="0" branch="False" />
                <line number="23" hits="0" branch="False" />
                <line number="24" hits="0" branch="False" />
              </lines>
            </method>
          </methods>
          <lines>
            <line number="15" hits="0" branch="False" />
            <line number="16" hits="0" branch="False" />
            <line number="17" hits="0" branch="False" />
            <line number="20" hits="0" branch="False" />
            <line number="21" hits="0" branch="False" />
            <line number="22" hits="0" branch="False" />
            <line number="23" hits="0" branch="False" />
            <line number="24" hits="0" branch="False" />
          </lines>
        </class>
        <class name="API.Startup" filename="Documents\GitHub\HeyTravel\HeyTravel\API\Startup.cs" line-rate="0" branch-rate="0" complexity="5">
          <methods>
            <method name="get_Configuration" signature="()" line-rate="0" branch-rate="1" complexity="1">
              <lines>
                <line number="32" hits="0" branch="False" />
              </lines>
            </method>
            <method name="ConfigureServices" signature="(Microsoft.Extensions.DependencyInjection.IServiceCollection)" line-rate="0" branch-rate="1" complexity="1">
              <lines>
                <line number="36" hits="0" branch="False" />
                <line number="37" hits="0" branch="False" />
                <line number="39" hits="0" branch="False" />
                <line number="40" hits="0" branch="False" />
                <line number="41" hits="0" branch="False" />
                <line number="42" hits="0" branch="False" />
                <line number="43" hits="0" branch="False" />
                <line number="44" hits="0" branch="False" />
                <line number="45" hits="0" branch="False" />
                <line number="46" hits="0" branch="False" />
                <line number="47" hits="0" branch="False" />
                <line number="48" hits="0" branch="False" />
                <line number="49" hits="0" branch="False" />
                <line number="50" hits="0" branch="False" />
                <line number="51" hits="0" branch="False" />
                <line number="52" hits="0" branch="False" />
                <line number="53" hits="0" branch="False" />
                <line number="54" hits="0" branch="False" />
                <line number="55" hits="0" branch="False" />
                <line number="56" hits="0" branch="False" />
                <line number="57" hits="0" branch="False" />
                <line number="59" hits="0" branch="False" />
                <line number="60" hits="0" branch="False" />
                <line number="62" hits="0" branch="False" />
                <line number="63" hits="0" branch="False" />
                <line number="64" hits="0" branch="False" />
                <line number="65" hits="0" branch="False" />
                <line number="66" hits="0" branch="False" />
                <line number="67" hits="0" branch="False" />
                <line number="68" hits="0" branch="False" />
                <line number="69" hits="0" branch="False" />
                <line number="70" hits="0" branch="False" />
                <line number="71" hits="0" branch="False" />
                <line number="72" hits="0" branch="False" />
                <line number="73" hits="0" branch="False" />
                <line number="74" hits="0" branch="False" />
                <line number="75" hits="0" branch="False" />
                <line number="76" hits="0" branch="False" />
                <line number="77" hits="0" branch="False" />
                <line number="78" hits="0" branch="False" />
                <line number="79" hits="0" branch="False" />
                <line number="80" hits="0" branch="False" />
                <line number="81" hits="0" branch="False" />
                <line number="82" hits="0" branch="False" />
                <line number="83" hits="0" branch="False" />
                <line number="84" hits="0" branch="False" />
                <line number="85" hits="0" branch="False" />
                <line number="86" hits="0" branch="False" />
                <line number="87" hits="0" branch="False" />
                <line number="88" hits="0" branch="False" />
                <line number="89" hits="0" branch="False" />
                <line number="90" hits="0" branch="False" />
                <line number="91" hits="0" branch="False" />
                <line number="93" hits="0" branch="False" />
              </lines>
            </method>
            <method name="Configure" signature="(Microsoft.AspNetCore.Builder.IApplicationBuilder,Microsoft.AspNetCore.Hosting.IWebHostEnvironment)" line-rate="0" branch-rate="0" complexity="2">
              <lines>
                <line number="97" hits="0" branch="False" />
                <line number="98" hits="0" branch="True" condition-coverage="0% (0/2)">
                  <conditions>
                    <condition number="9" type="jump" coverage="0%" />
                  </conditions>
                </line>
                <line number="99" hits="0" branch="False" />
                <line number="100" hits="0" branch="False" />
                <line number="101" hits="0" branch="False" />
                <line number="102" hits="0" branch="False" />
                <line number="103" hits="0" branch="False" />
                <line number="106" hits="0" branch="False" />
                <line number="108" hits="0" branch="False" />
                <line number="110" hits="0" branch="False" />
                <line number="112" hits="0" branch="False" />
                <line number="114" hits="0" branch="False" />
                <line number="115" hits="0" branch="False" />
                <line number="116" hits="0" branch="False" />
                <line number="117" hits="0" branch="False" />
                <line number="118" hits="0" branch="False" />
              </lines>
            </method>
            <method name=".ctor" signature="(Microsoft.Extensions.Configuration.IConfiguration)" line-rate="0" branch-rate="1" complexity="1">
              <lines>
                <line number="27" hits="0" branch="False" />
                <line number="28" hits="0" branch="False" />
                <line number="29" hits="0" branch="False" />
                <line number="30" hits="0" branch="False" />
              </lines>
            </method>
          </methods>
          <lines>
            <line number="32" hits="0" branch="False" />
            <line number="36" hits="0" branch="False" />
            <line number="37" hits="0" branch="False" />
            <line number="39" hits="0" branch="False" />
            <line number="40" hits="0" branch="False" />
            <line number="41" hits="0" branch="False" />
            <line number="42" hits="0" branch="False" />
            <line number="43" hits="0" branch="False" />
            <line number="44" hits="0" branch="False" />
            <line number="45" hits="0" branch="False" />
            <line number="46" hits="0" branch="False" />
            <line number="47" hits="0" branch="False" />
            <line number="48" hits="0" branch="False" />
            <line number="49" hits="0" branch="False" />
            <line number="50" hits="0" branch="False" />
            <line number="51" hits="0" branch="False" />
            <line number="52" hits="0" branch="False" />
            <line number="53" hits="0" branch="False" />
            <line number="54" hits="0" branch="False" />
            <line number="55" hits="0" branch="False" />
            <line number="56" hits="0" branch="False" />
            <line number="57" hits="0" branch="False" />
            <line number="59" hits="0" branch="False" />
            <line number="60" hits="0" branch="False" />
            <line number="62" hits="0" branch="False" />
            <line number="63" hits="0" branch="False" />
            <line number="64" hits="0" branch="False" />
            <line number="65" hits="0" branch="False" />
            <line number="66" hits="0" branch="False" />
            <line number="67" hits="0" branch="False" />
            <line number="68" hits="0" branch="False" />
            <line number="69" hits="0" branch="False" />
            <line number="70" hits="0" branch="False" />
            <line number="71" hits="0" branch="False" />
            <line number="72" hits="0" branch="False" />
            <line number="73" hits="0" branch="False" />
            <line number="74" hits="0" branch="False" />
            <line number="75" hits="0" branch="False" />
            <line number="76" hits="0" branch="False" />
            <line number="77" hits="0" branch="False" />
            <line number="78" hits="0" branch="False" />
            <line number="79" hits="0" branch="False" />
            <line number="80" hits="0" branch="False" />
            <line number="81" hits="0" branch="False" />
            <line number="82" hits="0" branch="False" />
            <line number="83" hits="0" branch="False" />
            <line number="84" hits="0" branch="False" />
            <line number="85" hits="0" branch="False" />
            <line number="86" hits="0" branch="False" />
            <line number="87" hits="0" branch="False" />
            <line number="88" hits="0" branch="False" />
            <line number="89" hits="0" branch="False" />
            <line number="90" hits="0" branch="False" />
            <line number="91" hits="0" branch="False" />
            <line number="93" hits="0" branch="False" />
            <line number="97" hits="0" branch="False" />
            <line number="98" hits="0" branch="True" condition-coverage="0% (0/2)">
              <conditions>
                <condition number="9" type="jump" coverage="0%" />
              </conditions>
            </line>
            <line number="99" hits="0" branch="False" />
            <line number="100" hits="0" branch="False" />
            <line number="101" hits="0" branch="False" />
            <line number="102" hits="0" branch="False" />
            <line number="103" hits="0" branch="False" />
            <line number="106" hits="0" branch="False" />
            <line number="108" hits="0" branch="False" />
            <line number="110" hits="0" branch="False" />
            <line number="112" hits="0" branch="False" />
            <line number="114" hits="0" branch="False" />
            <line number="115" hits="0" branch="False" />
            <line number="116" hits="0" branch="False" />
            <line number="117" hits="0" branch="False" />
            <line number="118" hits="0" branch="False" />
            <line number="27" hits="0" branch="False" />
            <line number="28" hits="0" branch="False" />
            <line number="29" hits="0" branch="False" />
            <line number="30" hits="0" branch="False" />
          </lines>
        </class>
        <class name="API.Models.StatoProva" filename="Documents\GitHub\HeyTravel\HeyTravel\API\Models\Citta.cs" line-rate="0" branch-rate="1" complexity="6">
          <methods>
            <method name="get_id" signature="()" line-rate="0" branch-rate="1" complexity="1">
              <lines>
                <line number="10" hits="0" branch="False" />
              </lines>
            </method>
            <method name="get_nome" signature="()" line-rate="0" branch-rate="1" complexity="1">
              <lines>
                <line number="11" hits="0" branch="False" />
              </lines>
            </method>
            <method name="get_eleCitta" signature="()" line-rate="0" branch-rate="1" complexity="1">
              <lines>
                <line number="12" hits="0" branch="False" />
              </lines>
            </method>
            <method name="get_CasiCovid" signature="()" line-rate="0" branch-rate="1" complexity="1">
              <lines>
                <line number="13" hits="0" branch="False" />
              </lines>
            </method>
            <method name="get_VacciniCovid" signature="()" line-rate="0" branch-rate="1" complexity="1">
              <lines>
                <line number="14" hits="0" branch="False" />
              </lines>
            </method>
            <method name="get_eleMeteoGenerale" signature="()" line-rate="0" branch-rate="1" complexity="1">
              <lines>
                <line number="15" hits="0" branch="False" />
              </lines>
            </method>
          </methods>
          <lines>
            <line number="10" hits="0" branch="False" />
            <line number="11" hits="0" branch="False" />
            <line number="12" hits="0" branch="False" />
            <line number="13" hits="0" branch="False" />
            <line number="14" hits="0" branch="False" />
            <line number="15" hits="0" branch="False" />
          </lines>
        </class>
        <class name="API.Models.CittaProva" filename="Documents\GitHub\HeyTravel\HeyTravel\API\Models\Citta.cs" line-rate="0" branch-rate="1" complexity="15">
          <methods>
            <method name="get_id" signature="()" line-rate="0" branch-rate="1" complexity="1">
              <lines>
                <line number="19" hits="0" branch="False" />
              </lines>
            </method>
            <method name="get_wikiDataId" signature="()" line-rate="0" branch-rate="1" complexity="1">
              <lines>
                <line number="20" hits="0" branch="False" />
              </lines>
            </method>
            <method name="get_type" signature="()" line-rate="0" branch-rate="1" complexity="1">
              <lines>
                <line number="21" hits="0" branch="False" />
              </lines>
            </method>
            <method name="get_name" signature="()" line-rate="0" branch-rate="1" complexity="1">
              <lines>
                <line number="22" hits="0" branch="False" />
              </lines>
            </method>
            <method name="get_country" signature="()" line-rate="0" branch-rate="1" complexity="1">
              <lines>
                <line number="23" hits="0" branch="False" />
              </lines>
            </method>
            <method name="get_countryCode" signature="()" line-rate="0" branch-rate="1" complexity="1">
              <lines>
                <line number="24" hits="0" branch="False" />
              </lines>
            </method>
            <method name="get_region" signature="()" line-rate="0" branch-rate="1" complexity="1">
              <lines>
                <line number="25" hits="0" branch="False" />
              </lines>
            </method>
            <method name="get_regionCode" signature="()" line-rate="0" branch-rate="1" complexity="1">
              <lines>
                <line number="26" hits="0" branch="False" />
              </lines>
            </method>
            <method name="get_latitude" signature="()" line-rate="0" branch-rate="1" complexity="1">
              <lines>
                <line number="27" hits="0" branch="False" />
              </lines>
            </method>
            <method name="get_longitude" signature="()" line-rate="0" branch-rate="1" complexity="1">
              <lines>
                <line number="28" hits="0" branch="False" />
              </lines>
            </method>
            <method name="get_eleAeroporti" signature="()" line-rate="0" branch-rate="1" complexity="1">
              <lines>
                <line number="29" hits="0" branch="False" />
              </lines>
            </method>
            <method name="get_Temperature" signature="()" line-rate="0" branch-rate="1" complexity="1">
              <lines>
                <line number="30" hits="0" branch="False" />
              </lines>
            </method>
            <method name="get_Precipitazioni" signature="()" line-rate="0" branch-rate="1" complexity="1">
              <lines>
                <line number="31" hits="0" branch="False" />
              </lines>
            </method>
            <method name="get_OreSole" signature="()" line-rate="0" branch-rate="1" complexity="1">
              <lines>
                <line number="32" hits="0" branch="False" />
              </lines>
            </method>
            <method name="get_Mare" signature="()" line-rate="0" branch-rate="1" complexity="1">
              <lines>
                <line number="33" hits="0" branch="False" />
              </lines>
            </method>
          </methods>
          <lines>
            <line number="19" hits="0" branch="False" />
            <line number="20" hits="0" branch="False" />
            <line number="21" hits="0" branch="False" />
            <line number="22" hits="0" branch="False" />
            <line number="23" hits="0" branch="False" />
            <line number="24" hits="0" branch="False" />
            <line number="25" hits="0" branch="False" />
            <line number="26" hits="0" branch="False" />
            <line number="27" hits="0" branch="False" />
            <line number="28" hits="0" branch="False" />
            <line number="29" hits="0" branch="False" />
            <line number="30" hits="0" branch="False" />
            <line number="31" hits="0" branch="False" />
            <line number="32" hits="0" branch="False" />
            <line number="33" hits="0" branch="False" />
          </lines>
        </class>
        <class name="API.Models.Citta" filename="Documents\GitHub\HeyTravel\HeyTravel\API\Models\Citta.cs" line-rate="0.75" branch-rate="1" complexity="4">
          <methods>
            <method name="get_name" signature="()" line-rate="1" branch-rate="1" complexity="1">
              <lines>
                <line number="40" hits="3" branch="False" />
              </lines>
            </method>
            <method name="get_country" signature="()" line-rate="0" branch-rate="1" complexity="1">
              <lines>
                <line number="41" hits="0" branch="False" />
              </lines>
            </method>
            <method name="get_latitude" signature="()" line-rate="1" branch-rate="1" complexity="1">
              <lines>
                <line number="45" hits="1" branch="False" />
              </lines>
            </method>
            <method name="get_longitude" signature="()" line-rate="1" branch-rate="1" complexity="1">
              <lines>
                <line number="46" hits="1" branch="False" />
              </lines>
            </method>
          </methods>
          <lines>
            <line number="40" hits="3" branch="False" />
            <line number="41" hits="0" branch="False" />
            <line number="45" hits="1" branch="False" />
            <line number="46" hits="1" branch="False" />
          </lines>
        </class>
        <class name="API.Models.LocalNames" filename="Documents\GitHub\HeyTravel\HeyTravel\API\Models\Citta.cs" line-rate="0.6409999999999999" branch-rate="1" complexity="39">
          <methods>
            <method name="get_af" signature="()" line-rate="0" branch-rate="1" complexity="1">
              <lines>
                <line number="50" hits="0" branch="False" />
              </lines>
            </method>
            <method name="get_ar" signature="()" line-rate="1" branch-rate="1" complexity="1">
              <lines>
                <line number="51" hits="1" branch="False" />
              </lines>
            </method>
            <method name="get_ascii" signature="()" line-rate="0" branch-rate="1" complexity="1">
              <lines>
                <line number="52" hits="0" branch="False" />
              </lines>
            </method>
            <method name="get_az" signature="()" line-rate="0" branch-rate="1" complexity="1">
              <lines>
                <line number="53" hits="0" branch="False" />
              </lines>
            </method>
            <method name="get_bg" signature="()" line-rate="0" branch-rate="1" complexity="1">
              <lines>
                <line number="54" hits="0" branch="False" />
              </lines>
            </method>
            <method name="get_ca" signature="()" line-rate="1" branch-rate="1" complexity="1">
              <lines>
                <line number="55" hits="1" branch="False" />
              </lines>
            </method>
            <method name="get_da" signature="()" line-rate="0" branch-rate="1" complexity="1">
              <lines>
                <line number="56" hits="0" branch="False" />
              </lines>
            </method>
            <method name="get_de" signature="()" line-rate="1" branch-rate="1" complexity="1">
              <lines>
                <line number="57" hits="1" branch="False" />
              </lines>
            </method>
            <method name="get_el" signature="()" line-rate="1" branch-rate="1" complexity="1">
              <lines>
                <line number="58" hits="1" branch="False" />
              </lines>
            </method>
            <method name="get_en" signature="()" line-rate="1" branch-rate="1" complexity="1">
              <lines>
                <line number="59" hits="1" branch="False" />
              </lines>
            </method>
            <method name="get_eu" signature="()" line-rate="0" branch-rate="1" complexity="1">
              <lines>
                <line number="60" hits="0" branch="False" />
              </lines>
            </method>
            <method name="get_fa" signature="()" line-rate="1" branch-rate="1" complexity="1">
              <lines>
                <line number="61" hits="1" branch="False" />
              </lines>
            </method>
            <method name="get_feature_name" signature="()" line-rate="0" branch-rate="1" complexity="1">
              <lines>
                <line number="62" hits="0" branch="False" />
              </lines>
            </method>
            <method name="get_fi" signature="()" line-rate="1" branch-rate="1" complexity="1">
              <lines>
                <line number="63" hits="1" branch="False" />
              </lines>
            </method>
            <method name="get_fr" signature="()" line-rate="1" branch-rate="1" complexity="1">
              <lines>
                <line number="64" hits="1" branch="False" />
              </lines>
            </method>
            <method name="get_gl" signature="()" line-rate="1" branch-rate="1" complexity="1">
              <lines>
                <line number="65" hits="1" branch="False" />
              </lines>
            </method>
            <method name="get_he" signature="()" line-rate="1" branch-rate="1" complexity="1">
              <lines>
                <line number="66" hits="1" branch="False" />
              </lines>
            </method>
            <method name="get_hi" signature="()" line-rate="1" branch-rate="1" complexity="1">
              <lines>
                <line number="67" hits="1" branch="False" />
              </lines>
            </method>
            <method name="get_hr" signature="()" line-rate="1" branch-rate="1" complexity="1">
              <lines>
                <line number="68" hits="1" branch="False" />
              </lines>
            </method>
            <method name="get_hu" signature="()" line-rate="1" branch-rate="1" complexity="1">
              <lines>
                <line number="69" hits="1" branch="False" />
              </lines>
            </method>
            <method name="get_id" signature="()" line-rate="0" branch-rate="1" complexity="1">
              <lines>
                <line number="70" hits="0" branch="False" />
              </lines>
            </method>
            <method name="get_it" signature="()" line-rate="1" branch-rate="1" complexity="1">
              <lines>
                <line number="71" hits="1" branch="False" />
              </lines>
            </method>
            <method name="get_ja" signature="()" line-rate="1" branch-rate="1" complexity="1">
              <lines>
                <line number="72" hits="1" branch="False" />
              </lines>
            </method>
            <method name="get_la" signature="()" line-rate="1" branch-rate="1" complexity="1">
              <lines>
                <line number="73" hits="1" branch="False" />
              </lines>
            </method>
            <method name="get_lt" signature="()" line-rate="1" branch-rate="1" complexity="1">
              <lines>
                <line number="74" hits="1" branch="False" />
              </lines>
            </method>
            <method name="get_mk" signature="()" line-rate="0" branch-rate="1" complexity="1">
              <lines>
                <line number="75" hits="0" branch="False" />
              </lines>
            </method>
            <method name="get_nl" signature="()" line-rate="1" branch-rate="1" complexity="1">
              <lines>
                <line number="76" hits="1" branch="False" />
              </lines>
            </method>
            <method name="get_no" signature="()" line-rate="0" branch-rate="1" complexity="1">
              <lines>
                <line number="77" hits="0" branch="False" />
              </lines>
            </method>
            <method name="get_pl" signature="()" line-rate="1" branch-rate="1" complexity="1">
              <lines>
                <line number="78" hits="1" branch="False" />
              </lines>
            </method>
            <method name="get_pt" signature="()" line-rate="1" branch-rate="1" complexity="1">
              <lines>
                <line number="79" hits="1" branch="False" />
              </lines>
            </method>
            <method name="get_ro" signature="()" line-rate="0" branch-rate="1" complexity="1">
              <lines>
                <line number="80" hits="0" branch="False" />
              </lines>
            </method>
            <method name="get_ru" signature="()" line-rate="1" branch-rate="1" complexity="1">
              <lines>
                <line number="81" hits="1" branch="False" />
              </lines>
            </method>
            <method name="get_sk" signature="()" line-rate="1" branch-rate="1" complexity="1">
              <lines>
                <line number="82" hits="1" branch="False" />
              </lines>
            </method>
            <method name="get_sl" signature="()" line-rate="1" branch-rate="1" complexity="1">
              <lines>
                <line number="83" hits="1" branch="False" />
              </lines>
            </method>
            <method name="get_sr" signature="()" line-rate="1" branch-rate="1" complexity="1">
              <lines>
                <line number="84" hits="1" branch="False" />
              </lines>
            </method>
            <method name="get_th" signature="()" line-rate="0" branch-rate="1" complexity="1">
              <lines>
                <line number="85" hits="0" branch="False" />
              </lines>
            </method>
            <method name="get_tr" signature="()" line-rate="1" branch-rate="1" complexity="1">
              <lines>
                <line number="86" hits="1" branch="False" />
              </lines>
            </method>
            <method name="get_vi" signature="()" line-rate="0" branch-rate="1" complexity="1">
              <lines>
                <line number="87" hits="0" branch="False" />
              </lines>
            </method>
            <method name="get_zu" signature="()" line-rate="0" branch-rate="1" complexity="1">
              <lines>
                <line number="88" hits="0" branch="False" />
              </lines>
            </method>
          </methods>
          <lines>
            <line number="50" hits="0" branch="False" />
            <line number="51" hits="1" branch="False" />
            <line number="52" hits="0" branch="False" />
            <line number="53" hits="0" branch="False" />
            <line number="54" hits="0" branch="False" />
            <line number="55" hits="1" branch="False" />
            <line number="56" hits="0" branch="False" />
            <line number="57" hits="1" branch="False" />
            <line number="58" hits="1" branch="False" />
            <line number="59" hits="1" branch="False" />
            <line number="60" hits="0" branch="False" />
            <line number="61" hits="1" branch="False" />
            <line number="62" hits="0" branch="False" />
            <line number="63" hits="1" branch="False" />
            <line number="64" hits="1" branch="False" />
            <line number="65" hits="1" branch="False" />
            <line number="66" hits="1" branch="False" />
            <line number="67" hits="1" branch="False" />
            <line number="68" hits="1" branch="False" />
            <line number="69" hits="1" branch="False" />
            <line number="70" hits="0" branch="False" />
            <line number="71" hits="1" branch="False" />
            <line number="72" hits="1" branch="False" />
            <line number="73" hits="1" branch="False" />
            <line number="74" hits="1" branch="False" />
            <line number="75" hits="0" branch="False" />
            <line number="76" hits="1" branch="False" />
            <line number="77" hits="0" branch="False" />
            <line number="78" hits="1" branch="False" />
            <line number="79" hits="1" branch="False" />
            <line number="80" hits="0" branch="False" />
            <line number="81" hits="1" branch="False" />
            <line number="82" hits="1" branch="False" />
            <line number="83" hits="1" branch="False" />
            <line number="84" hits="1" branch="False" />
            <line number="85" hits="0" branch="False" />
            <line number="86" hits="1" branch="False" />
            <line number="87" hits="0" branch="False" />
            <line number="88" hits="0" branch="False" />
          </lines>
        </class>
        <class name="API.Models.Root" filename="Documents\GitHub\HeyTravel\HeyTravel\API\Models\Citta.cs" line-rate="1" branch-rate="1" complexity="6">
          <methods>
            <method name="get_name" signature="()" line-rate="1" branch-rate="1" complexity="1">
              <lines>
                <line number="93" hits="1" branch="False" />
              </lines>
            </method>
            <method name="get_local_names" signature="()" line-rate="1" branch-rate="1" complexity="1">
              <lines>
                <line number="94" hits="2" branch="False" />
              </lines>
            </method>
            <method name="get_lat" signature="()" line-rate="1" branch-rate="1" complexity="1">
              <lines>
                <line number="95" hits="2" branch="False" />
              </lines>
            </method>
            <method name="get_lon" signature="()" line-rate="1" branch-rate="1" complexity="1">
              <lines>
                <line number="96" hits="2" branch="False" />
              </lines>
            </method>
            <method name="get_country" signature="()" line-rate="1" branch-rate="1" complexity="1">
              <lines>
                <line number="97" hits="2" branch="False" />
              </lines>
            </method>
            <method name="get_state" signature="()" line-rate="1" branch-rate="1" complexity="1">
              <lines>
                <line number="98" hits="1" branch="False" />
              </lines>
            </method>
          </methods>
          <lines>
            <line number="93" hits="1" branch="False" />
            <line number="94" hits="2" branch="False" />
            <line number="95" hits="2" branch="False" />
            <line number="96" hits="2" branch="False" />
            <line number="97" hits="2" branch="False" />
            <line number="98" hits="1" branch="False" />
          </lines>
        </class>
        <class name="API.Models.Link" filename="Documents\GitHub\HeyTravel\HeyTravel\API\Models\Citta.cs" line-rate="0" branch-rate="1" complexity="2">
          <methods>
            <method name="get_rel" signature="()" line-rate="0" branch-rate="1" complexity="1">
              <lines>
                <line number="103" hits="0" branch="False" />
              </lines>
            </method>
            <method name="get_href" signature="()" line-rate="0" branch-rate="1" complexity="1">
              <lines>
                <line number="104" hits="0" branch="False" />
              </lines>
            </method>
          </methods>
          <lines>
            <line number="103" hits="0" branch="False" />
            <line number="104" hits="0" branch="False" />
          </lines>
        </class>
        <class name="API.Models.Metadata" filename="Documents\GitHub\HeyTravel\HeyTravel\API\Models\Citta.cs" line-rate="0" branch-rate="1" complexity="2">
          <methods>
            <method name="get_currentOffset" signature="()" line-rate="0" branch-rate="1" complexity="1">
              <lines>
                <line number="109" hits="0" branch="False" />
              </lines>
            </method>
            <method name="get_totalCount" signature="()" line-rate="0" branch-rate="1" complexity="1">
              <lines>
                <line number="110" hits="0" branch="False" />
              </lines>
            </method>
          </methods>
          <lines>
            <line number="109" hits="0" branch="False" />
            <line number="110" hits="0" branch="False" />
          </lines>
        </class>
        <class name="API.Models.RootCitta" filename="Documents\GitHub\HeyTravel\HeyTravel\API\Models\Citta.cs" line-rate="0" branch-rate="1" complexity="3">
          <methods>
            <method name="get_data" signature="()" line-rate="0" branch-rate="1" complexity="1">
              <lines>
                <line number="114" hits="0" branch="False" />
              </lines>
            </method>
            <method name="get_links" signature="()" line-rate="0" branch-rate="1" complexity="1">
              <lines>
                <line number="115" hits="0" branch="False" />
              </lines>
            </method>
            <method name="get_metadata" signature="()" line-rate="0" branch-rate="1" complexity="1">
              <lines>
                <line number="116" hits="0" branch="False" />
              </lines>
            </method>
          </methods>
          <lines>
            <line number="114" hits="0" branch="False" />
            <line number="115" hits="0" branch="False" />
            <line number="116" hits="0" branch="False" />
          </lines>
        </class>
        <class name="API.Models.Aeroporto" filename="Documents\GitHub\HeyTravel\HeyTravel\API\Models\Citta.cs" line-rate="0" branch-rate="1" complexity="6">
          <methods>
            <method name="get_iataCode" signature="()" line-rate="0" branch-rate="1" complexity="1">
              <lines>
                <line number="120" hits="0" branch="False" />
              </lines>
            </method>
            <method name="get_icaoCode" signature="()" line-rate="0" branch-rate="1" complexity="1">
              <lines>
                <line number="121" hits="0" branch="False" />
              </lines>
            </method>
            <method name="get_name" signature="()" line-rate="0" branch-rate="1" complexity="1">
              <lines>
                <line number="122" hits="0" branch="False" />
              </lines>
            </method>
            <method name="get_alpha2countryCode" signature="()" line-rate="0" branch-rate="1" complexity="1">
              <lines>
                <line number="123" hits="0" branch="False" />
              </lines>
            </method>
            <method name="get_latitude" signature="()" line-rate="0" branch-rate="1" complexity="1">
              <lines>
                <line number="124" hits="0" branch="False" />
              </lines>
            </method>
            <method name="get_longitude" signature="()" line-rate="0" branch-rate="1" complexity="1">
              <lines>
                <line number="125" hits="0" branch="False" />
              </lines>
            </method>
          </methods>
          <lines>
            <line number="120" hits="0" branch="False" />
            <line number="121" hits="0" branch="False" />
            <line number="122" hits="0" branch="False" />
            <line number="123" hits="0" branch="False" />
            <line number="124" hits="0" branch="False" />
            <line number="125" hits="0" branch="False" />
          </lines>
        </class>
        <class name="API.Models.RootAeroporto" filename="Documents\GitHub\HeyTravel\HeyTravel\API\Models\Citta.cs" line-rate="0" branch-rate="1" complexity="1">
          <methods>
            <method name="get_eleAeroporti" signature="()" line-rate="0" branch-rate="1" complexity="1">
              <lines>
                <line number="129" hits="0" branch="False" />
              </lines>
            </method>
          </methods>
          <lines>
            <line number="129" hits="0" branch="False" />
          </lines>
        </class>
        <class name="API.Models.Ita" filename="Documents\GitHub\HeyTravel\HeyTravel\API\Models\Citta.cs" line-rate="1" branch-rate="1" complexity="2">
          <methods>
            <method name="get_official" signature="()" line-rate="1" branch-rate="1" complexity="1">
              <lines>
                <line number="133" hits="2" branch="False" />
              </lines>
            </method>
            <method name="get_common" signature="()" line-rate="1" branch-rate="1" complexity="1">
              <lines>
                <line number="134" hits="3" branch="False" />
              </lines>
            </method>
          </methods>
          <lines>
            <line number="133" hits="2" branch="False" />
            <line number="134" hits="3" branch="False" />
          </lines>
        </class>
        <class name="API.Models.NativeName" filename="Documents\GitHub\HeyTravel\HeyTravel\API\Models\Citta.cs" line-rate="1" branch-rate="1" complexity="1">
          <methods>
            <method name="get_ita" signature="()" line-rate="1" branch-rate="1" complexity="1">
              <lines>
                <line number="139" hits="2" branch="False" />
              </lines>
            </method>
          </methods>
          <lines>
            <line number="139" hits="2" branch="False" />
          </lines>
        </class>
        <class name="API.Models.Name" filename="Documents\GitHub\HeyTravel\HeyTravel\API\Models\Citta.cs" line-rate="1" branch-rate="1" complexity="3">
          <methods>
            <method name="get_common" signature="()" line-rate="1" branch-rate="1" complexity="1">
              <lines>
                <line number="144" hits="1" branch="False" />
              </lines>
            </method>
            <method name="get_official" signature="()" line-rate="1" branch-rate="1" complexity="1">
              <lines>
                <line number="145" hits="1" branch="False" />
              </lines>
            </method>
            <method name="get_nativeName" signature="()" line-rate="1" branch-rate="1" complexity="1">
              <lines>
                <line number="146" hits="2" branch="False" />
              </lines>
            </method>
          </methods>
          <lines>
            <line number="144" hits="1" branch="False" />
            <line number="145" hits="1" branch="False" />
            <line number="146" hits="2" branch="False" />
          </lines>
        </class>
        <class name="API.Models.EUR" filename="Documents\GitHub\HeyTravel\HeyTravel\API\Models\Citta.cs" line-rate="1" branch-rate="1" complexity="2">
          <methods>
            <method name="get_name" signature="()" line-rate="1" branch-rate="1" complexity="1">
              <lines>
                <line number="151" hits="1" branch="False" />
              </lines>
            </method>
            <method name="get_symbol" signature="()" line-rate="1" branch-rate="1" complexity="1">
              <lines>
                <line number="152" hits="1" branch="False" />
              </lines>
            </method>
          </methods>
          <lines>
            <line number="151" hits="1" branch="False" />
            <line number="152" hits="1" branch="False" />
          </lines>
        </class>
        <class name="API.Models.Currencies" filename="Documents\GitHub\HeyTravel\HeyTravel\API\Models\Citta.cs" line-rate="1" branch-rate="1" complexity="1">
          <methods>
            <method name="get_EUR" signature="()" line-rate="1" branch-rate="1" complexity="1">
              <lines>
                <line number="157" hits="2" branch="False" />
              </lines>
            </method>
          </methods>
          <lines>
            <line number="157" hits="2" branch="False" />
          </lines>
        </class>
        <class name="API.Models.Idd" filename="Documents\GitHub\HeyTravel\HeyTravel\API\Models\Citta.cs" line-rate="1" branch-rate="1" complexity="2">
          <methods>
            <method name="get_root" signature="()" line-rate="1" branch-rate="1" complexity="1">
              <lines>
                <line number="162" hits="1" branch="False" />
              </lines>
            </method>
            <method name="get_suffixes" signature="()" line-rate="1" branch-rate="1" complexity="1">
              <lines>
                <line number="163" hits="2" branch="False" />
              </lines>
            </method>
          </methods>
          <lines>
            <line number="162" hits="1" branch="False" />
            <line number="163" hits="2" branch="False" />
          </lines>
        </class>
        <class name="API.Models.Languages" filename="Documents\GitHub\HeyTravel\HeyTravel\API\Models\Citta.cs" line-rate="1" branch-rate="1" complexity="1">
          <methods>
            <method name="get_ita" signature="()" line-rate="1" branch-rate="1" complexity="1">
              <lines>
                <line number="168" hits="1" branch="False" />
              </lines>
            </method>
          </methods>
          <lines>
            <line number="168" hits="1" branch="False" />
          </lines>
        </class>
        <class name="API.Models.Ara" filename="Documents\GitHub\HeyTravel\HeyTravel\API\Models\Citta.cs" line-rate="1" branch-rate="1" complexity="2">
          <methods>
            <method name="get_official" signature="()" line-rate="1" branch-rate="1" complexity="1">
              <lines>
                <line number="173" hits="1" branch="False" />
              </lines>
            </method>
            <method name="get_common" signature="()" line-rate="1" branch-rate="1" complexity="1">
              <lines>
                <line number="174" hits="1" branch="False" />
              </lines>
            </method>
          </methods>
          <lines>
            <line number="173" hits="1" branch="False" />
            <line number="174" hits="1" branch="False" />
          </lines>
        </class>
        <class name="API.Models.Ces" filename="Documents\GitHub\HeyTravel\HeyTravel\API\Models\Citta.cs" line-rate="1" branch-rate="1" complexity="2">
          <methods>
            <method name="get_official" signature="()" line-rate="1" branch-rate="1" complexity="1">
              <lines>
                <line number="179" hits="1" branch="False" />
              </lines>
            </method>
            <method name="get_common" signature="()" line-rate="1" branch-rate="1" complexity="1">
              <lines>
                <line number="180" hits="1" branch="False" />
              </lines>
            </method>
          </methods>
          <lines>
            <line number="179" hits="1" branch="False" />
            <line number="180" hits="1" branch="False" />
          </lines>
        </class>
        <class name="API.Models.Cym" filename="Documents\GitHub\HeyTravel\HeyTravel\API\Models\Citta.cs" line-rate="1" branch-rate="1" complexity="2">
          <methods>
            <method name="get_official" signature="()" line-rate="1" branch-rate="1" complexity="1">
              <lines>
                <line number="185" hits="1" branch="False" />
              </lines>
            </method>
            <method name="get_common" signature="()" line-rate="1" branch-rate="1" complexity="1">
              <lines>
                <line number="186" hits="1" branch="False" />
              </lines>
            </method>
          </methods>
          <lines>
            <line number="185" hits="1" branch="False" />
            <line number="186" hits="1" branch="False" />
          </lines>
        </class>
        <class name="API.Models.Deu" filename="Documents\GitHub\HeyTravel\HeyTravel\API\Models\Citta.cs" line-rate="1" branch-rate="1" complexity="2">
          <methods>
            <method name="get_official" signature="()" line-rate="1" branch-rate="1" complexity="1">
              <lines>
                <line number="191" hits="1" branch="False" />
              </lines>
            </method>
            <method name="get_common" signature="()" line-rate="1" branch-rate="1" complexity="1">
              <lines>
                <line number="192" hits="1" branch="False" />
              </lines>
            </method>
          </methods>
          <lines>
            <line number="191" hits="1" branch="False" />
            <line number="192" hits="1" branch="False" />
          </lines>
        </class>
        <class name="API.Models.Est" filename="Documents\GitHub\HeyTravel\HeyTravel\API\Models\Citta.cs" line-rate="1" branch-rate="1" complexity="2">
          <methods>
            <method name="get_official" signature="()" line-rate="1" branch-rate="1" complexity="1">
              <lines>
                <line number="197" hits="1" branch="False" />
              </lines>
            </method>
            <method name="get_common" signature="()" line-rate="1" branch-rate="1" complexity="1">
              <lines>
                <line number="198" hits="1" branch="False" />
              </lines>
            </method>
          </methods>
          <lines>
            <line number="197" hits="1" branch="False" />
            <line number="198" hits="1" branch="False" />
          </lines>
        </class>
        <class name="API.Models.Fin" filename="Documents\GitHub\HeyTravel\HeyTravel\API\Models\Citta.cs" line-rate="1" branch-rate="1" complexity="2">
          <methods>
            <method name="get_official" signature="()" line-rate="1" branch-rate="1" complexity="1">
              <lines>
                <line number="203" hits="1" branch="False" />
              </lines>
            </method>
            <method name="get_common" signature="()" line-rate="1" branch-rate="1" complexity="1">
              <lines>
                <line number="204" hits="1" branch="False" />
              </lines>
            </method>
          </methods>
          <lines>
            <line number="203" hits="1" branch="False" />
            <line number="204" hits="1" branch="False" />
          </lines>
        </class>
        <class name="API.Models.Fra" filename="Documents\GitHub\HeyTravel\HeyTravel\API\Models\Citta.cs" line-rate="1" branch-rate="1" complexity="4">
          <methods>
            <method name="get_official" signature="()" line-rate="1" branch-rate="1" complexity="1">
              <lines>
                <line number="209" hits="1" branch="False" />
              </lines>
            </method>
            <method name="get_common" signature="()" line-rate="1" branch-rate="1" complexity="1">
              <lines>
                <line number="210" hits="1" branch="False" />
              </lines>
            </method>
            <method name="get_f" signature="()" line-rate="1" branch-rate="1" complexity="1">
              <lines>
                <line number="211" hits="1" branch="False" />
              </lines>
            </method>
            <method name="get_m" signature="()" line-rate="1" branch-rate="1" complexity="1">
              <lines>
                <line number="212" hits="1" branch="False" />
              </lines>
            </method>
          </methods>
          <lines>
            <line number="209" hits="1" branch="False" />
            <line number="210" hits="1" branch="False" />
            <line number="211" hits="1" branch="False" />
            <line number="212" hits="1" branch="False" />
          </lines>
        </class>
        <class name="API.Models.Hrv" filename="Documents\GitHub\HeyTravel\HeyTravel\API\Models\Citta.cs" line-rate="1" branch-rate="1" complexity="2">
          <methods>
            <method name="get_official" signature="()" line-rate="1" branch-rate="1" complexity="1">
              <lines>
                <line number="217" hits="1" branch="False" />
              </lines>
            </method>
            <method name="get_common" signature="()" line-rate="1" branch-rate="1" complexity="1">
              <lines>
                <line number="218" hits="1" branch="False" />
              </lines>
            </method>
          </methods>
          <lines>
            <line number="217" hits="1" branch="False" />
            <line number="218" hits="1" branch="False" />
          </lines>
        </class>
        <class name="API.Models.Hun" filename="Documents\GitHub\HeyTravel\HeyTravel\API\Models\Citta.cs" line-rate="1" branch-rate="1" complexity="2">
          <methods>
            <method name="get_official" signature="()" line-rate="1" branch-rate="1" complexity="1">
              <lines>
                <line number="223" hits="1" branch="False" />
              </lines>
            </method>
            <method name="get_common" signature="()" line-rate="1" branch-rate="1" complexity="1">
              <lines>
                <line number="224" hits="1" branch="False" />
              </lines>
            </method>
          </methods>
          <lines>
            <line number="223" hits="1" branch="False" />
            <line number="224" hits="1" branch="False" />
          </lines>
        </class>
        <class name="API.Models.Jpn" filename="Documents\GitHub\HeyTravel\HeyTravel\API\Models\Citta.cs" line-rate="1" branch-rate="1" complexity="2">
          <methods>
            <method name="get_official" signature="()" line-rate="1" branch-rate="1" complexity="1">
              <lines>
                <line number="229" hits="1" branch="False" />
              </lines>
            </method>
            <method name="get_common" signature="()" line-rate="1" branch-rate="1" complexity="1">
              <lines>
                <line number="230" hits="1" branch="False" />
              </lines>
            </method>
          </methods>
          <lines>
            <line number="229" hits="1" branch="False" />
            <line number="230" hits="1" branch="False" />
          </lines>
        </class>
        <class name="API.Models.Kor" filename="Documents\GitHub\HeyTravel\HeyTravel\API\Models\Citta.cs" line-rate="1" branch-rate="1" complexity="2">
          <methods>
            <method name="get_official" signature="()" line-rate="1" branch-rate="1" complexity="1">
              <lines>
                <line number="235" hits="1" branch="False" />
              </lines>
            </method>
            <method name="get_common" signature="()" line-rate="1" branch-rate="1" complexity="1">
              <lines>
                <line number="236" hits="1" branch="False" />
              </lines>
            </method>
          </methods>
          <lines>
            <line number="235" hits="1" branch="False" />
            <line number="236" hits="1" branch="False" />
          </lines>
        </class>
        <class name="API.Models.Nld" filename="Documents\GitHub\HeyTravel\HeyTravel\API\Models\Citta.cs" line-rate="1" branch-rate="1" complexity="2">
          <methods>
            <method name="get_official" signature="()" line-rate="1" branch-rate="1" complexity="1">
              <lines>
                <line number="241" hits="1" branch="False" />
              </lines>
            </method>
            <method name="get_common" signature="()" line-rate="1" branch-rate="1" complexity="1">
              <lines>
                <line number="242" hits="1" branch="False" />
              </lines>
            </method>
          </methods>
          <lines>
            <line number="241" hits="1" branch="False" />
            <line number="242" hits="1" branch="False" />
          </lines>
        </class>
        <class name="API.Models.Per" filename="Documents\GitHub\HeyTravel\HeyTravel\API\Models\Citta.cs" line-rate="1" branch-rate="1" complexity="2">
          <methods>
            <method name="get_official" signature="()" line-rate="1" branch-rate="1" complexity="1">
              <lines>
                <line number="247" hits="1" branch="False" />
              </lines>
            </method>
            <method name="get_common" signature="()" line-rate="1" branch-rate="1" complexity="1">
              <lines>
                <line number="248" hits="1" branch="False" />
              </lines>
            </method>
          </methods>
          <lines>
            <line number="247" hits="1" branch="False" />
            <line number="248" hits="1" branch="False" />
          </lines>
        </class>
        <class name="API.Models.Pol" filename="Documents\GitHub\HeyTravel\HeyTravel\API\Models\Citta.cs" line-rate="1" branch-rate="1" complexity="2">
          <methods>
            <method name="get_official" signature="()" line-rate="1" branch-rate="1" complexity="1">
              <lines>
                <line number="253" hits="1" branch="False" />
              </lines>
            </method>
            <method name="get_common" signature="()" line-rate="1" branch-rate="1" complexity="1">
              <lines>
                <line number="254" hits="1" branch="False" />
              </lines>
            </method>
          </methods>
          <lines>
            <line number="253" hits="1" branch="False" />
            <line number="254" hits="1" branch="False" />
          </lines>
        </class>
        <class name="API.Models.Por" filename="Documents\GitHub\HeyTravel\HeyTravel\API\Models\Citta.cs" line-rate="1" branch-rate="1" complexity="2">
          <methods>
            <method name="get_official" signature="()" line-rate="1" branch-rate="1" complexity="1">
              <lines>
                <line number="259" hits="1" branch="False" />
              </lines>
            </method>
            <method name="get_common" signature="()" line-rate="1" branch-rate="1" complexity="1">
              <lines>
                <line number="260" hits="1" branch="False" />
              </lines>
            </method>
          </methods>
          <lines>
            <line number="259" hits="1" branch="False" />
            <line number="260" hits="1" branch="False" />
          </lines>
        </class>
        <class name="API.Models.Rus" filename="Documents\GitHub\HeyTravel\HeyTravel\API\Models\Citta.cs" line-rate="1" branch-rate="1" complexity="2">
          <methods>
            <method name="get_official" signature="()" line-rate="1" branch-rate="1" complexity="1">
              <lines>
                <line number="265" hits="1" branch="False" />
              </lines>
            </method>
            <method name="get_common" signature="()" line-rate="1" branch-rate="1" complexity="1">
              <lines>
                <line number="266" hits="1" branch="False" />
              </lines>
            </method>
          </methods>
          <lines>
            <line number="265" hits="1" branch="False" />
            <line number="266" hits="1" branch="False" />
          </lines>
        </class>
        <class name="API.Models.Slk" filename="Documents\GitHub\HeyTravel\HeyTravel\API\Models\Citta.cs" line-rate="1" branch-rate="1" complexity="2">
          <methods>
            <method name="get_official" signature="()" line-rate="1" branch-rate="1" complexity="1">
              <lines>
                <line number="271" hits="1" branch="False" />
              </lines>
            </method>
            <method name="get_common" signature="()" line-rate="1" branch-rate="1" complexity="1">
              <lines>
                <line number="272" hits="1" branch="False" />
              </lines>
            </method>
          </methods>
          <lines>
            <line number="271" hits="1" branch="False" />
            <line number="272" hits="1" branch="False" />
          </lines>
        </class>
        <class name="API.Models.Spa" filename="Documents\GitHub\HeyTravel\HeyTravel\API\Models\Citta.cs" line-rate="1" branch-rate="1" complexity="2">
          <methods>
            <method name="get_official" signature="()" line-rate="1" branch-rate="1" complexity="1">
              <lines>
                <line number="277" hits="1" branch="False" />
              </lines>
            </method>
            <method name="get_common" signature="()" line-rate="1" branch-rate="1" complexity="1">
              <lines>
                <line number="278" hits="1" branch="False" />
              </lines>
            </method>
          </methods>
          <lines>
            <line number="277" hits="1" branch="False" />
            <line number="278" hits="1" branch="False" />
          </lines>
        </class>
        <class name="API.Models.Swe" filename="Documents\GitHub\HeyTravel\HeyTravel\API\Models\Citta.cs" line-rate="1" branch-rate="1" complexity="2">
          <methods>
            <method name="get_official" signature="()" line-rate="1" branch-rate="1" complexity="1">
              <lines>
                <line number="283" hits="1" branch="False" />
              </lines>
            </method>
            <method name="get_common" signature="()" line-rate="1" branch-rate="1" complexity="1">
              <lines>
                <line number="284" hits="1" branch="False" />
              </lines>
            </method>
          </methods>
          <lines>
            <line number="283" hits="1" branch="False" />
            <line number="284" hits="1" branch="False" />
          </lines>
        </class>
        <class name="API.Models.Urd" filename="Documents\GitHub\HeyTravel\HeyTravel\API\Models\Citta.cs" line-rate="1" branch-rate="1" complexity="2">
          <methods>
            <method name="get_official" signature="()" line-rate="1" branch-rate="1" complexity="1">
              <lines>
                <line number="289" hits="1" branch="False" />
              </lines>
            </method>
            <method name="get_common" signature="()" line-rate="1" branch-rate="1" complexity="1">
              <lines>
                <line number="290" hits="1" branch="False" />
              </lines>
            </method>
          </methods>
          <lines>
            <line number="289" hits="1" branch="False" />
            <line number="290" hits="1" branch="False" />
          </lines>
        </class>
        <class name="API.Models.Zho" filename="Documents\GitHub\HeyTravel\HeyTravel\API\Models\Citta.cs" line-rate="1" branch-rate="1" complexity="2">
          <methods>
            <method name="get_official" signature="()" line-rate="1" branch-rate="1" complexity="1">
              <lines>
                <line number="295" hits="1" branch="False" />
              </lines>
            </method>
            <method name="get_common" signature="()" line-rate="1" branch-rate="1" complexity="1">
              <lines>
                <line number="296" hits="1" branch="False" />
              </lines>
            </method>
          </methods>
          <lines>
            <line number="295" hits="1" branch="False" />
            <line number="296" hits="1" branch="False" />
          </lines>
        </class>
        <class name="API.Models.Translations" filename="Documents\GitHub\HeyTravel\HeyTravel\API\Models\Citta.cs" line-rate="1" branch-rate="1" complexity="22">
          <methods>
            <method name="get_ara" signature="()" line-rate="1" branch-rate="1" complexity="1">
              <lines>
                <line number="301" hits="2" branch="False" />
              </lines>
            </method>
            <method name="get_ces" signature="()" line-rate="1" branch-rate="1" complexity="1">
              <lines>
                <line number="302" hits="2" branch="False" />
              </lines>
            </method>
            <method name="get_cym" signature="()" line-rate="1" branch-rate="1" complexity="1">
              <lines>
                <line number="303" hits="2" branch="False" />
              </lines>
            </method>
            <method name="get_deu" signature="()" line-rate="1" branch-rate="1" complexity="1">
              <lines>
                <line number="304" hits="2" branch="False" />
              </lines>
            </method>
            <method name="get_est" signature="()" line-rate="1" branch-rate="1" complexity="1">
              <lines>
                <line number="305" hits="2" branch="False" />
              </lines>
            </method>
            <method name="get_fin" signature="()" line-rate="1" branch-rate="1" complexity="1">
              <lines>
                <line number="306" hits="2" branch="False" />
              </lines>
            </method>
            <method name="get_fra" signature="()" line-rate="1" branch-rate="1" complexity="1">
              <lines>
                <line number="307" hits="2" branch="False" />
              </lines>
            </method>
            <method name="get_hrv" signature="()" line-rate="1" branch-rate="1" complexity="1">
              <lines>
                <line number="308" hits="2" branch="False" />
              </lines>
            </method>
            <method name="get_hun" signature="()" line-rate="1" branch-rate="1" complexity="1">
              <lines>
                <line number="309" hits="2" branch="False" />
              </lines>
            </method>
            <method name="get_ita" signature="()" line-rate="1" branch-rate="1" complexity="1">
              <lines>
                <line number="310" hits="3" branch="False" />
              </lines>
            </method>
            <method name="get_jpn" signature="()" line-rate="1" branch-rate="1" complexity="1">
              <lines>
                <line number="311" hits="2" branch="False" />
              </lines>
            </method>
            <method name="get_kor" signature="()" line-rate="1" branch-rate="1" complexity="1">
              <lines>
                <line number="312" hits="2" branch="False" />
              </lines>
            </method>
            <method name="get_nld" signature="()" line-rate="1" branch-rate="1" complexity="1">
              <lines>
                <line number="313" hits="2" branch="False" />
              </lines>
            </method>
            <method name="get_per" signature="()" line-rate="1" branch-rate="1" complexity="1">
              <lines>
                <line number="314" hits="2" branch="False" />
              </lines>
            </method>
            <method name="get_pol" signature="()" line-rate="1" branch-rate="1" complexity="1">
              <lines>
                <line number="315" hits="2" branch="False" />
              </lines>
            </method>
            <method name="get_por" signature="()" line-rate="1" branch-rate="1" complexity="1">
              <lines>
                <line number="316" hits="2" branch="False" />
              </lines>
            </method>
            <method name="get_rus" signature="()" line-rate="1" branch-rate="1" complexity="1">
              <lines>
                <line number="317" hits="2" branch="False" />
              </lines>
            </method>
            <method name="get_slk" signature="()" line-rate="1" branch-rate="1" complexity="1">
              <lines>
                <line number="318" hits="2" branch="False" />
              </lines>
            </method>
            <method name="get_spa" signature="()" line-rate="1" branch-rate="1" complexity="1">
              <lines>
                <line number="319" hits="2" branch="False" />
              </lines>
            </method>
            <method name="get_swe" signature="()" line-rate="1" branch-rate="1" complexity="1">
              <lines>
                <line number="320" hits="2" branch="False" />
              </lines>
            </method>
            <method name="get_urd" signature="()" line-rate="1" branch-rate="1" complexity="1">
              <lines>
                <line number="321" hits="2" branch="False" />
              </lines>
            </method>
            <method name="get_zho" signature="()" line-rate="1" branch-rate="1" complexity="1">
              <lines>
                <line number="322" hits="2" branch="False" />
              </lines>
            </method>
          </methods>
          <lines>
            <line number="301" hits="2" branch="False" />
            <line number="302" hits="2" branch="False" />
            <line number="303" hits="2" branch="False" />
            <line number="304" hits="2" branch="False" />
            <line number="305" hits="2" branch="False" />
            <line number="306" hits="2" branch="False" />
            <line number="307" hits="2" branch="False" />
            <line number="308" hits="2" branch="False" />
            <line number="309" hits="2" branch="False" />
            <line number="310" hits="3" branch="False" />
            <line number="311" hits="2" branch="False" />
            <line number="312" hits="2" branch="False" />
            <line number="313" hits="2" branch="False" />
            <line number="314" hits="2" branch="False" />
            <line number="315" hits="2" branch="False" />
            <line number="316" hits="2" branch="False" />
            <line number="317" hits="2" branch="False" />
            <line number="318" hits="2" branch="False" />
            <line number="319" hits="2" branch="False" />
            <line number="320" hits="2" branch="False" />
            <line number="321" hits="2" branch="False" />
            <line number="322" hits="2" branch="False" />
          </lines>
        </class>
        <class name="API.Models.Eng" filename="Documents\GitHub\HeyTravel\HeyTravel\API\Models\Citta.cs" line-rate="1" branch-rate="1" complexity="2">
          <methods>
            <method name="get_f" signature="()" line-rate="1" branch-rate="1" complexity="1">
              <lines>
                <line number="327" hits="1" branch="False" />
              </lines>
            </method>
            <method name="get_m" signature="()" line-rate="1" branch-rate="1" complexity="1">
              <lines>
                <line number="328" hits="1" branch="False" />
              </lines>
            </method>
          </methods>
          <lines>
            <line number="327" hits="1" branch="False" />
            <line number="328" hits="1" branch="False" />
          </lines>
        </class>
        <class name="API.Models.Demonyms" filename="Documents\GitHub\HeyTravel\HeyTravel\API\Models\Citta.cs" line-rate="1" branch-rate="1" complexity="2">
          <methods>
            <method name="get_eng" signature="()" line-rate="1" branch-rate="1" complexity="1">
              <lines>
                <line number="333" hits="2" branch="False" />
              </lines>
            </method>
            <method name="get_fra" signature="()" line-rate="1" branch-rate="1" complexity="1">
              <lines>
                <line number="334" hits="2" branch="False" />
              </lines>
            </method>
          </methods>
          <lines>
            <line number="333" hits="2" branch="False" />
            <line number="334" hits="2" branch="False" />
          </lines>
        </class>
        <class name="API.Models.Maps" filename="Documents\GitHub\HeyTravel\HeyTravel\API\Models\Citta.cs" line-rate="1" branch-rate="1" complexity="2">
          <methods>
            <method name="get_googleMaps" signature="()" line-rate="1" branch-rate="1" complexity="1">
              <lines>
                <line number="339" hits="1" branch="False" />
              </lines>
            </method>
            <method name="get_openStreetMaps" signature="()" line-rate="1" branch-rate="1" complexity="1">
              <lines>
                <line number="340" hits="1" branch="False" />
              </lines>
            </method>
          </methods>
          <lines>
            <line number="339" hits="1" branch="False" />
            <line number="340" hits="1" branch="False" />
          </lines>
        </class>
        <class name="API.Models.Gini" filename="Documents\GitHub\HeyTravel\HeyTravel\API\Models\Citta.cs" line-rate="0" branch-rate="1" complexity="1">
          <methods>
            <method name="get__2017" signature="()" line-rate="0" branch-rate="1" complexity="1">
              <lines>
                <line number="345" hits="0" branch="False" />
              </lines>
            </method>
          </methods>
          <lines>
            <line number="345" hits="0" branch="False" />
          </lines>
        </class>
        <class name="API.Models.Car" filename="Documents\GitHub\HeyTravel\HeyTravel\API\Models\Citta.cs" line-rate="1" branch-rate="1" complexity="2">
          <methods>
            <method name="get_signs" signature="()" line-rate="1" branch-rate="1" complexity="1">
              <lines>
                <line number="350" hits="2" branch="False" />
              </lines>
            </method>
            <method name="get_side" signature="()" line-rate="1" branch-rate="1" complexity="1">
              <lines>
                <line number="351" hits="1" branch="False" />
              </lines>
            </method>
          </methods>
          <lines>
            <line number="350" hits="2" branch="False" />
            <line number="351" hits="1" branch="False" />
          </lines>
        </class>
        <class name="API.Models.Flags" filename="Documents\GitHub\HeyTravel\HeyTravel\API\Models\Citta.cs" line-rate="1" branch-rate="1" complexity="2">
          <methods>
            <method name="get_png" signature="()" line-rate="1" branch-rate="1" complexity="1">
              <lines>
                <line number="356" hits="1" branch="False" />
              </lines>
            </method>
            <method name="get_svg" signature="()" line-rate="1" branch-rate="1" complexity="1">
              <lines>
                <line number="357" hits="1" branch="False" />
              </lines>
            </method>
          </methods>
          <lines>
            <line number="356" hits="1" branch="False" />
            <line number="357" hits="1" branch="False" />
          </lines>
        </class>
        <class name="API.Models.CoatOfArms" filename="Documents\GitHub\HeyTravel\HeyTravel\API\Models\Citta.cs" line-rate="1" branch-rate="1" complexity="2">
          <methods>
            <method name="get_png" signature="()" line-rate="1" branch-rate="1" complexity="1">
              <lines>
                <line number="362" hits="1" branch="False" />
              </lines>
            </method>
            <method name="get_svg" signature="()" line-rate="1" branch-rate="1" complexity="1">
              <lines>
                <line number="363" hits="1" branch="False" />
              </lines>
            </method>
          </methods>
          <lines>
            <line number="362" hits="1" branch="False" />
            <line number="363" hits="1" branch="False" />
          </lines>
        </class>
        <class name="API.Models.CapitalInfo" filename="Documents\GitHub\HeyTravel\HeyTravel\API\Models\Citta.cs" line-rate="1" branch-rate="1" complexity="1">
          <methods>
            <method name="get_latlng" signature="()" line-rate="1" branch-rate="1" complexity="1">
              <lines>
                <line number="368" hits="2" branch="False" />
              </lines>
            </method>
          </methods>
          <lines>
            <line number="368" hits="2" branch="False" />
          </lines>
        </class>
        <class name="API.Models.PostalCode" filename="Documents\GitHub\HeyTravel\HeyTravel\API\Models\Citta.cs" line-rate="1" branch-rate="1" complexity="2">
          <methods>
            <method name="get_format" signature="()" line-rate="1" branch-rate="1" complexity="1">
              <lines>
                <line number="373" hits="1" branch="False" />
              </lines>
            </method>
            <method name="get_regex" signature="()" line-rate="1" branch-rate="1" complexity="1">
              <lines>
                <line number="374" hits="1" branch="False" />
              </lines>
            </method>
          </methods>
          <lines>
            <line number="373" hits="1" branch="False" />
            <line number="374" hits="1" branch="False" />
          </lines>
        </class>
        <class name="API.Models.RootCode" filename="Documents\GitHub\HeyTravel\HeyTravel\API\Models\Citta.cs" line-rate="1" branch-rate="1" complexity="35">
          <methods>
            <method name="get_name" signature="()" line-rate="1" branch-rate="1" complexity="1">
              <lines>
                <line number="379" hits="2" branch="False" />
              </lines>
            </method>
            <method name="get_tld" signature="()" line-rate="1" branch-rate="1" complexity="1">
              <lines>
                <line number="380" hits="2" branch="False" />
              </lines>
            </method>
            <method name="get_cca2" signature="()" line-rate="1" branch-rate="1" complexity="1">
              <lines>
                <line number="381" hits="1" branch="False" />
              </lines>
            </method>
            <method name="get_ccn3" signature="()" line-rate="1" branch-rate="1" complexity="1">
              <lines>
                <line number="382" hits="1" branch="False" />
              </lines>
            </method>
            <method name="get_cca3" signature="()" line-rate="1" branch-rate="1" complexity="1">
              <lines>
                <line number="383" hits="1" branch="False" />
              </lines>
            </method>
            <method name="get_cioc" signature="()" line-rate="1" branch-rate="1" complexity="1">
              <lines>
                <line number="384" hits="1" branch="False" />
              </lines>
            </method>
            <method name="get_independent" signature="()" line-rate="1" branch-rate="1" complexity="1">
              <lines>
                <line number="385" hits="1" branch="False" />
              </lines>
            </method>
            <method name="get_status" signature="()" line-rate="1" branch-rate="1" complexity="1">
              <lines>
                <line number="386" hits="1" branch="False" />
              </lines>
            </method>
            <method name="get_unMember" signature="()" line-rate="1" branch-rate="1" complexity="1">
              <lines>
                <line number="387" hits="1" branch="False" />
              </lines>
            </method>
            <method name="get_currencies" signature="()" line-rate="1" branch-rate="1" complexity="1">
              <lines>
                <line number="388" hits="2" branch="False" />
              </lines>
            </method>
            <method name="get_idd" signature="()" line-rate="1" branch-rate="1" complexity="1">
              <lines>
                <line number="389" hits="2" branch="False" />
              </lines>
            </method>
            <method name="get_capital" signature="()" line-rate="1" branch-rate="1" complexity="1">
              <lines>
                <line number="390" hits="2" branch="False" />
              </lines>
            </method>
            <method name="get_altSpellings" signature="()" line-rate="1" branch-rate="1" complexity="1">
              <lines>
                <line number="391" hits="2" branch="False" />
              </lines>
            </method>
            <method name="get_region" signature="()" line-rate="1" branch-rate="1" complexity="1">
              <lines>
                <line number="392" hits="1" branch="False" />
              </lines>
            </method>
            <method name="get_subregion" signature="()" line-rate="1" branch-rate="1" complexity="1">
              <lines>
                <line number="393" hits="1" branch="False" />
              </lines>
            </method>
            <method name="get_languages" signature="()" line-rate="1" branch-rate="1" complexity="1">
              <lines>
                <line number="394" hits="2" branch="False" />
              </lines>
            </method>
            <method name="get_translations" signature="()" line-rate="1" branch-rate="1" complexity="1">
              <lines>
                <line number="395" hits="3" branch="False" />
              </lines>
            </method>
            <method name="get_latlng" signature="()" line-rate="1" branch-rate="1" complexity="1">
              <lines>
                <line number="396" hits="2" branch="False" />
              </lines>
            </method>
            <method name="get_landlocked" signature="()" line-rate="1" branch-rate="1" complexity="1">
              <lines>
                <line number="397" hits="1" branch="False" />
              </lines>
            </method>
            <method name="get_borders" signature="()" line-rate="1" branch-rate="1" complexity="1">
              <lines>
                <line number="398" hits="2" branch="False" />
              </lines>
            </method>
            <method name="get_area" signature="()" line-rate="1" branch-rate="1" complexity="1">
              <lines>
                <line number="399" hits="1" branch="False" />
              </lines>
            </method>
            <method name="get_demonyms" signature="()" line-rate="1" branch-rate="1" complexity="1">
              <lines>
[...]
                  <conditions>
                    <condition number="70" type="jump" coverage="0%" />
                  </conditions>
                </line>
                <line number="7" hits="0" branch="True" condition-coverage="0% (0/2)">
                  <conditions>
                    <condition number="94" type="jump" coverage="0%" />
                  </conditions>
                </line>
                <line number="8" hits="0" branch="False" />
                <line number="11" hits="0" branch="False" />
                <line number="23" hits="0" branch="False" />
              </lines>
            </method>
          </methods>
          <lines>
            <line number="3" hits="0" branch="False" />
            <line number="4" hits="0" branch="True" condition-coverage="0% (0/2)">
              <conditions>
                <condition number="43" type="jump" coverage="0%" />
              </conditions>
            </line>
            <line number="5" hits="0" branch="True" condition-coverage="0% (0/2)">
              <conditions>
                <condition number="70" type="jump" coverage="0%" />
              </conditions>
            </line>
            <line number="7" hits="0" branch="True" condition-coverage="0% (0/2)">
              <conditions>
                <condition number="94" type="jump" coverage="0%" />
              </conditions>
            </line>
            <line number="8" hits="0" branch="False" />
            <line number="11" hits="0" branch="False" />
            <line number="23" hits="0" branch="False" />
          </lines>
        </class>
        <class name="HeyTravel.Pages.Shared.Pages_Shared__Layout/&lt;&lt;ExecuteAsync&gt;b__30_0&gt;d" filename="Documents\GitHub\HeyTravel\HeyTravel\HeyTravel\Pages\Shared\_Layout.cshtml" line-rate="0" branch-rate="0" complexity="6">
          <methods>
            <method name="MoveNext" signature="()" line-rate="0" branch-rate="0" complexity="6">
              <lines>
                <line number="6" hits="0" branch="True" condition-coverage="0% (0/6)">
                  <conditions>
                    <condition number="443" type="jump" coverage="0%" />
                    <condition number="939" type="jump" coverage="0%" />
                    <condition number="1457" type="jump" coverage="0%" />
                  </conditions>
                </line>
              </lines>
            </method>
          </methods>
          <lines>
            <line number="6" hits="0" branch="True" condition-coverage="0% (0/6)">
              <conditions>
                <condition number="443" type="jump" coverage="0%" />
                <condition number="939" type="jump" coverage="0%" />
                <condition number="1457" type="jump" coverage="0%" />
              </conditions>
            </line>
          </lines>
        </class>
        <class name="HeyTravel.Pages.Shared.Pages_Shared__Layout/&lt;&lt;ExecuteAsync&gt;b__30_1&gt;d" filename="Documents\GitHub\HeyTravel\HeyTravel\HeyTravel\Pages\Shared\_Layout.cshtml" line-rate="0" branch-rate="0" complexity="14">
          <methods>
            <method name="MoveNext" signature="()" line-rate="0" branch-rate="0" complexity="14">
              <lines>
                <line number="68" hits="0" branch="True" condition-coverage="0% (0/12)">
                  <conditions>
                    <condition number="546" type="jump" coverage="0%" />
                    <condition number="1082" type="jump" coverage="0%" />
                    <condition number="1588" type="jump" coverage="0%" />
                    <condition number="2145" type="jump" coverage="0%" />
                    <condition number="2659" type="jump" coverage="0%" />
                    <condition number="3135" type="jump" coverage="0%" />
                  </conditions>
                </line>
                <line number="74" hits="0" branch="True" condition-coverage="0% (0/2)">
                  <conditions>
                    <condition number="3760" type="jump" coverage="0%" />
                  </conditions>
                </line>
                <line number="76" hits="0" branch="False" />
              </lines>
            </method>
          </methods>
          <lines>
            <line number="68" hits="0" branch="True" condition-coverage="0% (0/12)">
              <conditions>
                <condition number="546" type="jump" coverage="0%" />
                <condition number="1082" type="jump" coverage="0%" />
                <condition number="1588" type="jump" coverage="0%" />
                <condition number="2145" type="jump" coverage="0%" />
                <condition number="2659" type="jump" coverage="0%" />
                <condition number="3135" type="jump" coverage="0%" />
              </conditions>
            </line>
            <line number="74" hits="0" branch="True" condition-coverage="0% (0/2)">
              <conditions>
                <condition number="3760" type="jump" coverage="0%" />
              </conditions>
            </line>
            <line number="76" hits="0" branch="False" />
          </lines>
        </class>
        <class name="HeyTravel.Pages.Shared.Pages_Shared__LoginPartial/&lt;ExecuteAsync&gt;d__19" filename="Documents\GitHub\HeyTravel\HeyTravel\HeyTravel\Pages\Shared\_LoginPartial.cshtml" line-rate="0" branch-rate="0" complexity="12">
          <methods>
            <method name="MoveNext" signature="()" line-rate="0" branch-rate="0" complexity="12">
              <lines>
                <line number="6" hits="0" branch="True" condition-coverage="0% (0/2)">
                  <conditions>
                    <condition number="134" type="jump" coverage="0%" />
                  </conditions>
                </line>
                <line number="7" hits="0" branch="True" condition-coverage="0% (0/4)">
                  <conditions>
                    <condition number="559" type="jump" coverage="0%" />
                    <condition number="1052" type="jump" coverage="0%" />
                  </conditions>
                </line>
                <line number="12" hits="0" branch="True" condition-coverage="0% (0/2)">
                  <conditions>
                    <condition number="1453" type="jump" coverage="0%" />
                  </conditions>
                </line>
                <line number="16" hits="0" branch="False" />
                <line number="18" hits="0" branch="True" condition-coverage="0% (0/4)">
                  <conditions>
                    <condition number="2045" type="jump" coverage="0%" />
                    <condition number="2613" type="jump" coverage="0%" />
                  </conditions>
                </line>
                <line number="25" hits="0" branch="False" />
              </lines>
            </method>
          </methods>
          <lines>
            <line number="6" hits="0" branch="True" condition-coverage="0% (0/2)">
              <conditions>
                <condition number="134" type="jump" coverage="0%" />
              </conditions>
            </line>
            <line number="7" hits="0" branch="True" condition-coverage="0% (0/4)">
              <conditions>
                <condition number="559" type="jump" coverage="0%" />
                <condition number="1052" type="jump" coverage="0%" />
              </conditions>
            </line>
            <line number="12" hits="0" branch="True" condition-coverage="0% (0/2)">
              <conditions>
                <condition number="1453" type="jump" coverage="0%" />
              </conditions>
            </line>
            <line number="16" hits="0" branch="False" />
            <line number="18" hits="0" branch="True" condition-coverage="0% (0/4)">
              <conditions>
                <condition number="2045" type="jump" coverage="0%" />
                <condition number="2613" type="jump" coverage="0%" />
              </conditions>
            </line>
            <line number="25" hits="0" branch="False" />
          </lines>
        </class>
        <class name="HeyTravel.Pages.Shared.Pages_Shared__LoginPartial/&lt;&lt;ExecuteAsync&gt;b__19_0&gt;d" filename="Documents\GitHub\HeyTravel\HeyTravel\HeyTravel\Pages\Shared\_LoginPartial.cshtml" line-rate="0" branch-rate="1" complexity="1">
          <methods>
            <method name="MoveNext" signature="()" line-rate="0" branch-rate="1" complexity="1">
              <lines>
                <line number="9" hits="0" branch="False" />
              </lines>
            </method>
          </methods>
          <lines>
            <line number="9" hits="0" branch="False" />
          </lines>
        </class>
        <class name="AspNetCore.Areas_Identity_Pages__ViewStart/&lt;ExecuteAsync&gt;d__0" filename="Documents\GitHub\HeyTravel\HeyTravel\HeyTravel\Areas\Identity\Pages\_ViewStart.cshtml" line-rate="0" branch-rate="1" complexity="1">
          <methods>
            <method name="MoveNext" signature="()" line-rate="0" branch-rate="1" complexity="1">
              <lines>
                <line number="2" hits="0" branch="False" />
              </lines>
            </method>
          </methods>
          <lines>
            <line number="2" hits="0" branch="False" />
          </lines>
        </class>
      </classes>
    </package>
    <package name="TestAPI" line-rate="0.6229" branch-rate="1" complexity="7">
      <classes>
        <class name="AutoGeneratedProgram" filename=".nuget\packages\microsoft.net.test.sdk\16.9.4\build\netcoreapp2.1\Microsoft.NET.Test.Sdk.Program.cs" line-rate="0" branch-rate="1" complexity="1">
          <methods>
            <method name="Main" signature="(System.String[])" line-rate="0" branch-rate="1" complexity="1">
              <lines>
                <line number="4" hits="0" branch="False" />
              </lines>
            </method>
          </methods>
          <lines>
            <line number="4" hits="0" branch="False" />
          </lines>
        </class>
        <class name="TestAPI.ScrapingUnitTest/&lt;TestCasi&gt;d__0" filename="Documents\GitHub\HeyTravel\HeyTravel\TestAPI\ScrapingUnitTest.cs" line-rate="0.4117" branch-rate="1" complexity="1">
          <methods>
            <method name="MoveNext" signature="()" line-rate="0.4117" branch-rate="1" complexity="1">
              <lines>
                <line number="16" hits="1" branch="False" />
                <line number="18" hits="1" branch="False" />
                <line number="21" hits="1" branch="False" />
                <line number="22" hits="1" branch="False" />
                <line number="23" hits="1" branch="False" />
                <line number="24" hits="1" branch="False" />
                <line number="25" hits="1" branch="False" />
                <line number="26" hits="0" branch="False" />
                <line number="29" hits="0" branch="False" />
                <line number="30" hits="0" branch="False" />
                <line number="31" hits="0" branch="False" />
                <line number="32" hits="0" branch="False" />
                <line number="33" hits="0" branch="False" />
                <line number="35" hits="0" branch="False" />
                <line number="36" hits="0" branch="False" />
                <line number="37" hits="0" branch="False" />
                <line number="38" hits="0" branch="False" />
              </lines>
            </method>
          </methods>
          <lines>
            <line number="16" hits="1" branch="False" />
            <line number="18" hits="1" branch="False" />
            <line number="21" hits="1" branch="False" />
            <line number="22" hits="1" branch="False" />
            <line number="23" hits="1" branch="False" />
            <line number="24" hits="1" branch="False" />
            <line number="25" hits="1" branch="False" />
            <line number="26" hits="0" branch="False" />
            <line number="29" hits="0" branch="False" />
            <line number="30" hits="0" branch="False" />
            <line number="31" hits="0" branch="False" />
            <line number="32" hits="0" branch="False" />
            <line number="33" hits="0" branch="False" />
            <line number="35" hits="0" branch="False" />
            <line number="36" hits="0" branch="False" />
            <line number="37" hits="0" branch="False" />
            <line number="38" hits="0" branch="False" />
          </lines>
        </class>
        <class name="TestAPI.ScrapingUnitTest/&lt;TestVaccini&gt;d__1" filename="Documents\GitHub\HeyTravel\HeyTravel\TestAPI\ScrapingUnitTest.cs" line-rate="0.5384" branch-rate="1" complexity="1">
          <methods>
            <method name="MoveNext" signature="()" line-rate="0.5384" branch-rate="1" complexity="1">
              <lines>
                <line number="42" hits="1" branch="False" />
                <line number="44" hits="1" branch="False" />
                <line number="47" hits="1" branch="False" />
                <line number="48" hits="1" branch="False" />
                <line number="49" hits="1" branch="False" />
                <line number="50" hits="1" branch="False" />
                <line number="51" hits="1" branch="False" />
                <line number="54" hits="0" branch="False" />
                <line number="55" hits="0" branch="False" />
                <line number="56" hits="0" branch="False" />
                <line number="57" hits="0" branch="False" />
                <line number="58" hits="0" branch="False" />
                <line number="59" hits="0" branch="False" />
              </lines>
            </method>
          </methods>
          <lines>
            <line number="42" hits="1" branch="False" />
            <line number="44" hits="1" branch="False" />
            <line number="47" hits="1" branch="False" />
            <line number="48" hits="1" branch="False" />
            <line number="49" hits="1" branch="False" />
            <line number="50" hits="1" branch="False" />
            <line number="51" hits="1" branch="False" />
            <line number="54" hits="0" branch="False" />
            <line number="55" hits="0" branch="False" />
            <line number="56" hits="0" branch="False" />
            <line number="57" hits="0" branch="False" />
            <line number="58" hits="0" branch="False" />
            <line number="59" hits="0" branch="False" />
          </lines>
        </class>
        <class name="TestAPI.ScrapingUnitTest/&lt;TestCodiceStato&gt;d__2" filename="Documents\GitHub\HeyTravel\HeyTravel\TestAPI\ScrapingUnitTest.cs" line-rate="1" branch-rate="1" complexity="1">
          <methods>
            <method name="MoveNext" signature="()" line-rate="1" branch-rate="1" complexity="1">
              <lines>
                <line number="63" hits="1" branch="False" />
                <line number="65" hits="1" branch="False" />
                <line number="68" hits="1" branch="False" />
                <line number="69" hits="1" branch="False" />
                <line number="72" hits="1" branch="False" />
                <line number="73" hits="1" branch="False" />
                <line number="74" hits="1" branch="False" />
              </lines>
            </method>
          </methods>
          <lines>
            <line number="63" hits="1" branch="False" />
            <line number="65" hits="1" branch="False" />
            <line number="68" hits="1" branch="False" />
            <line number="69" hits="1" branch="False" />
            <line number="72" hits="1" branch="False" />
            <line number="73" hits="1" branch="False" />
            <line number="74" hits="1" branch="False" />
          </lines>
        </class>
        <class name="TestAPI.ScrapingUnitTest/&lt;TestStatoCodice&gt;d__3" filename="Documents\GitHub\HeyTravel\HeyTravel\TestAPI\ScrapingUnitTest.cs" line-rate="1" branch-rate="1" complexity="1">
          <methods>
            <method name="MoveNext" signature="()" line-rate="1" branch-rate="1" complexity="1">
              <lines>
                <line number="78" hits="1" branch="False" />
                <line number="80" hits="1" branch="False" />
                <line number="83" hits="1" branch="False" />
                <line number="86" hits="1" branch="False" />
                <line number="87" hits="1" branch="False" />
              </lines>
            </method>
          </methods>
          <lines>
            <line number="78" hits="1" branch="False" />
            <line number="80" hits="1" branch="False" />
            <line number="83" hits="1" branch="False" />
            <line number="86" hits="1" branch="False" />
            <line number="87" hits="1" branch="False" />
          </lines>
        </class>
        <class name="TestAPI.ScrapingUnitTest/&lt;TestTranslation&gt;d__4" filename="Documents\GitHub\HeyTravel\HeyTravel\TestAPI\ScrapingUnitTest.cs" line-rate="0.5384" branch-rate="1" complexity="1">
          <methods>
            <method name="MoveNext" signature="()" line-rate="0.5384" branch-rate="1" complexity="1">
              <lines>
                <line number="91" hits="1" branch="False" />
                <line number="93" hits="1" branch="False" />
                <line number="96" hits="1" branch="False" />
                <line number="97" hits="1" branch="False" />
                <line number="98" hits="1" branch="False" />
                <line number="99" hits="1" branch="False" />
                <line number="100" hits="1" branch="False" />
                <line number="101" hits="0" branch="False" />
                <line number="102" hits="0" branch="False" />
                <line number="106" hits="0" branch="False" />
                <line number="107" hits="0" branch="False" />
                <line number="108" hits="0" branch="False" />
                <line number="109" hits="0" branch="False" />
              </lines>
            </method>
          </methods>
          <lines>
            <line number="91" hits="1" branch="False" />
            <line number="93" hits="1" branch="False" />
            <line number="96" hits="1" branch="False" />
            <line number="97" hits="1" branch="False" />
            <line number="98" hits="1" branch="False" />
            <line number="99" hits="1" branch="False" />
            <line number="100" hits="1" branch="False" />
            <line number="101" hits="0" branch="False" />
            <line number="102" hits="0" branch="False" />
            <line number="106" hits="0" branch="False" />
            <line number="107" hits="0" branch="False" />
            <line number="108" hits="0" branch="False" />
            <line number="109" hits="0" branch="False" />
          </lines>
        </class>
        <class name="TestAPI.ScrapingUnitTest/&lt;TestCities&gt;d__5" filename="Documents\GitHub\HeyTravel\HeyTravel\TestAPI\ScrapingUnitTest.cs" line-rate="1" branch-rate="1" complexity="1">
          <methods>
            <method name="MoveNext" signature="()" line-rate="1" branch-rate="1" complexity="1">
              <lines>
                <line number="113" hits="1" branch="False" />
                <line number="115" hits="1" branch="False" />
                <line number="118" hits="1" branch="False" />
                <line number="122" hits="1" branch="False" />
                <line number="123" hits="1" branch="False" />
              </lines>
            </method>
          </methods>
          <lines>
            <line number="113" hits="1" branch="False" />
            <line number="115" hits="1" branch="False" />
            <line number="118" hits="1" branch="False" />
            <line number="122" hits="1" branch="False" />
            <line number="123" hits="1" branch="False" />
          </lines>
        </class>
      </classes>
    </package>
  </packages>
</coverage>